---
0xb256228fe631e72d102fd158a44fa965854ea34:0x0 *
0xb256228fe631e72d102fd158a44fa965854ea34:0x2 *
0xb256228fe631e72d102fd158a44fa965854ea34:0x4 *
0xb256228fe631e72d102fd158a44fa965854ea34:0x5 *
0xb256228fe631e72d102fd158a44fa965854ea34:0x7 *
0xb256228fe631e72d102fd158a44fa965854ea34:0x8 *
0xb256228fe631e72d102fd158a44fa965854ea34:0x9 *
0xb256228fe631e72d102fd158a44fa965854ea34:0xa *
0xb256228fe631e72d102fd158a44fa965854ea34:0xb *
0xb256228fe631e72d102fd158a44fa965854ea34:0xc *
0xb256228fe631e72d102fd158a44fa965854ea34:0xf *
0xb256228fe631e72d102fd158a44fa965854ea34:0x14 *
0xb256228fe631e72d102fd158a44fa965854ea34:0x15 *
0xb256228fe631e72d102fd158a44fa965854ea34:0x16 *
0xb256228fe631e72d102fd158a44fa965854ea34:0x19 *
0xb256228fe631e72d102fd158a44fa965854ea34:0x1a *
0xb256228fe631e72d102fd158a44fa965854ea34:0x1d *
0xb256228fe631e72d102fd158a44fa965854ea34:0x1f *
0xb256228fe631e72d102fd158a44fa965854ea34:0x20 *
0xb256228fe631e72d102fd158a44fa965854ea34:0x22 *
