---
0xe163df63e0e9332a8fcd5a36a7f4c8fb6839c22a:0x0 *
0xe163df63e0e9332a8fcd5a36a7f4c8fb6839c22a:0x2 *
0xe163df63e0e9332a8fcd5a36a7f4c8fb6839c22a:0x4 *
0xe163df63e0e9332a8fcd5a36a7f4c8fb6839c22a:0x5 *
0xe163df63e0e9332a8fcd5a36a7f4c8fb6839c22a:0x6 *
0xe163df63e0e9332a8fcd5a36a7f4c8fb6839c22a:0x7 *
0xe163df63e0e9332a8fcd5a36a7f4c8fb6839c22a:0x8 *
0xe163df63e0e9332a8fcd5a36a7f4c8fb6839c22a:0xb *
0xe163df63e0e9332a8fcd5a36a7f4c8fb6839c22a:0x10 *
0xe163df63e0e9332a8fcd5a36a7f4c8fb6839c22a:0x11 *
0xe163df63e0e9332a8fcd5a36a7f4c8fb6839c22a:0x12 *
0xe163df63e0e9332a8fcd5a36a7f4c8fb6839c22a:0x14 *
0xe163df63e0e9332a8fcd5a36a7f4c8fb6839c22a:0x15 *
0xe163df63e0e9332a8fcd5a36a7f4c8fb6839c22a:0x18 *
0xe163df63e0e9332a8fcd5a36a7f4c8fb6839c22a:0x1a *
0xe163df63e0e9332a8fcd5a36a7f4c8fb6839c22a:0x1b *
0xe163df63e0e9332a8fcd5a36a7f4c8fb6839c22a:0x1d *
---
0xe163df63e0e9332a8fcd5a36a7f4c8fb6839c22a:0x0 
0xe163df63e0e9332a8fcd5a36a7f4c8fb6839c22a:0x2 
0xe163df63e0e9332a8fcd5a36a7f4c8fb6839c22a:0x4 
0xe163df63e0e9332a8fcd5a36a7f4c8fb6839c22a:0x5 
0xe163df63e0e9332a8fcd5a36a7f4c8fb6839c22a:0x7 
0xe163df63e0e9332a8fcd5a36a7f4c8fb6839c22a:0x8 
0xe163df63e0e9332a8fcd5a36a7f4c8fb6839c22a:0x9 
0xe163df63e0e9332a8fcd5a36a7f4c8fb6839c22a:0xb 
0xe163df63e0e9332a8fcd5a36a7f4c8fb6839c22a:0xc 
0xe163df63e0e9332a8fcd5a36a7f4c8fb6839c22a:0xe 
0xe163df63e0e9332a8fcd5a36a7f4c8fb6839c22a:0xf 
0xe163df63e0e9332a8fcd5a36a7f4c8fb6839c22a:0x11 
0xe163df63e0e9332a8fcd5a36a7f4c8fb6839c22a:0x12 
0xe163df63e0e9332a8fcd5a36a7f4c8fb6839c22a:0x13 
0xe163df63e0e9332a8fcd5a36a7f4c8fb6839c22a:0x18 
0xe163df63e0e9332a8fcd5a36a7f4c8fb6839c22a:0x19 
0xe163df63e0e9332a8fcd5a36a7f4c8fb6839c22a:0x1b 
0xe163df63e0e9332a8fcd5a36a7f4c8fb6839c22a:0x21 
0xe163df63e0e9332a8fcd5a36a7f4c8fb6839c22a:0x22 
0xe163df63e0e9332a8fcd5a36a7f4c8fb6839c22a:0x24 
0xe163df63e0e9332a8fcd5a36a7f4c8fb6839c22a:0x26 
0xe163df63e0e9332a8fcd5a36a7f4c8fb6839c22a:0x27 
0xe163df63e0e9332a8fcd5a36a7f4c8fb6839c22a:0x28 
0xe163df63e0e9332a8fcd5a36a7f4c8fb6839c22a:0x29 
0xe163df63e0e9332a8fcd5a36a7f4c8fb6839c22a:0x2a 
0xe163df63e0e9332a8fcd5a36a7f4c8fb6839c22a:0x2b 
0xe163df63e0e9332a8fcd5a36a7f4c8fb6839c22a:0x2c 
0xe163df63e0e9332a8fcd5a36a7f4c8fb6839c22a:0x2e 
0xe163df63e0e9332a8fcd5a36a7f4c8fb6839c22a:0x2f 
0xe163df63e0e9332a8fcd5a36a7f4c8fb6839c22a:0x30 
0xe163df63e0e9332a8fcd5a36a7f4c8fb6839c22a:0x32 
0xe163df63e0e9332a8fcd5a36a7f4c8fb6839c22a:0x5c 
0xe163df63e0e9332a8fcd5a36a7f4c8fb6839c22a:0x5d 
0xe163df63e0e9332a8fcd5a36a7f4c8fb6839c22a:0x5f 
0xe163df63e0e9332a8fcd5a36a7f4c8fb6839c22a:0x61 
0xe163df63e0e9332a8fcd5a36a7f4c8fb6839c22a:0x62 
0xe163df63e0e9332a8fcd5a36a7f4c8fb6839c22a:0x63 
0xe163df63e0e9332a8fcd5a36a7f4c8fb6839c22a:0x64 
0xe163df63e0e9332a8fcd5a36a7f4c8fb6839c22a:0x65 
0xe163df63e0e9332a8fcd5a36a7f4c8fb6839c22a:0x66 
0xe163df63e0e9332a8fcd5a36a7f4c8fb6839c22a:0x68 
0xe163df63e0e9332a8fcd5a36a7f4c8fb6839c22a:0x6d 
0xe163df63e0e9332a8fcd5a36a7f4c8fb6839c22a:0x6e 
0xe163df63e0e9332a8fcd5a36a7f4c8fb6839c22a:0x70 
0xe163df63e0e9332a8fcd5a36a7f4c8fb6839c22a:0x72 
0xe163df63e0e9332a8fcd5a36a7f4c8fb6839c22a:0x73 
0xe163df63e0e9332a8fcd5a36a7f4c8fb6839c22a:0x74 
0xe163df63e0e9332a8fcd5a36a7f4c8fb6839c22a:0x75 
0xe163df63e0e9332a8fcd5a36a7f4c8fb6839c22a:0x76 
0xe163df63e0e9332a8fcd5a36a7f4c8fb6839c22a:0x78 
0xe163df63e0e9332a8fcd5a36a7f4c8fb6839c22a:0x49 
0xe163df63e0e9332a8fcd5a36a7f4c8fb6839c22a:0x4a 
0xe163df63e0e9332a8fcd5a36a7f4c8fb6839c22a:0x4c 
0xe163df63e0e9332a8fcd5a36a7f4c8fb6839c22a:0x4d 
0xe163df63e0e9332a8fcd5a36a7f4c8fb6839c22a:0x4e 
0xe163df63e0e9332a8fcd5a36a7f4c8fb6839c22a:0x4f 
0xe163df63e0e9332a8fcd5a36a7f4c8fb6839c22a:0x50 
0xe163df63e0e9332a8fcd5a36a7f4c8fb6839c22a:0x52 
0xe163df63e0e9332a8fcd5a36a7f4c8fb6839c22a:0x53 
0xe163df63e0e9332a8fcd5a36a7f4c8fb6839c22a:0x55 
0xe163df63e0e9332a8fcd5a36a7f4c8fb6839c22a:0x8c 
0xe163df63e0e9332a8fcd5a36a7f4c8fb6839c22a:0x8d 
0xe163df63e0e9332a8fcd5a36a7f4c8fb6839c22a:0x8f 
0xe163df63e0e9332a8fcd5a36a7f4c8fb6839c22a:0x90 
0xe163df63e0e9332a8fcd5a36a7f4c8fb6839c22a:0x92 
0xe163df63e0e9332a8fcd5a36a7f4c8fb6839c22a:0x82 
0xe163df63e0e9332a8fcd5a36a7f4c8fb6839c22a:0x83 
0xe163df63e0e9332a8fcd5a36a7f4c8fb6839c22a:0x85 
0xe163df63e0e9332a8fcd5a36a7f4c8fb6839c22a:0x86 
0xe163df63e0e9332a8fcd5a36a7f4c8fb6839c22a:0x87 
0xe163df63e0e9332a8fcd5a36a7f4c8fb6839c22a:0x88 
0xe163df63e0e9332a8fcd5a36a7f4c8fb6839c22a:0x89 
0xe163df63e0e9332a8fcd5a36a7f4c8fb6839c22a:0x8a 
0xe163df63e0e9332a8fcd5a36a7f4c8fb6839c22a:0x8b 
0xe163df63e0e9332a8fcd5a36a7f4c8fb6839c22a:0x93 
0xe163df63e0e9332a8fcd5a36a7f4c8fb6839c22a:0x94 
0xe163df63e0e9332a8fcd5a36a7f4c8fb6839c22a:0x95 
0xe163df63e0e9332a8fcd5a36a7f4c8fb6839c22a:0x96 
0xe163df63e0e9332a8fcd5a36a7f4c8fb6839c22a:0x98 
0xe163df63e0e9332a8fcd5a36a7f4c8fb6839c22a:0x9d 
0xe163df63e0e9332a8fcd5a36a7f4c8fb6839c22a:0x9e 
0xe163df63e0e9332a8fcd5a36a7f4c8fb6839c22a:0x9f 
0xe163df63e0e9332a8fcd5a36a7f4c8fb6839c22a:0x56 
0xe163df63e0e9332a8fcd5a36a7f4c8fb6839c22a:0x57 
0xe163df63e0e9332a8fcd5a36a7f4c8fb6839c22a:0x58 
0xe163df63e0e9332a8fcd5a36a7f4c8fb6839c22a:0x59 
0xe163df63e0e9332a8fcd5a36a7f4c8fb6839c22a:0x5a 
0xe163df63e0e9332a8fcd5a36a7f4c8fb6839c22a:0x5b 
0xe163df63e0e9332a8fcd5a36a7f4c8fb6839c22a:0x79 
0xe163df63e0e9332a8fcd5a36a7f4c8fb6839c22a:0x7a 
0xe163df63e0e9332a8fcd5a36a7f4c8fb6839c22a:0x7b 
0xe163df63e0e9332a8fcd5a36a7f4c8fb6839c22a:0x7c 
0xe163df63e0e9332a8fcd5a36a7f4c8fb6839c22a:0x7d 
0xe163df63e0e9332a8fcd5a36a7f4c8fb6839c22a:0x7e 
0xe163df63e0e9332a8fcd5a36a7f4c8fb6839c22a:0x7f 
0xe163df63e0e9332a8fcd5a36a7f4c8fb6839c22a:0x80 
0xe163df63e0e9332a8fcd5a36a7f4c8fb6839c22a:0x81 
0xe163df63e0e9332a8fcd5a36a7f4c8fb6839c22a:0x33 
0xe163df63e0e9332a8fcd5a36a7f4c8fb6839c22a:0x34 
0xe163df63e0e9332a8fcd5a36a7f4c8fb6839c22a:0x36 
0xe163df63e0e9332a8fcd5a36a7f4c8fb6839c22a:0x39 
0xe163df63e0e9332a8fcd5a36a7f4c8fb6839c22a:0x3a 
0xe163df63e0e9332a8fcd5a36a7f4c8fb6839c22a:0x3c 
0xe163df63e0e9332a8fcd5a36a7f4c8fb6839c22a:0x3d 
0xe163df63e0e9332a8fcd5a36a7f4c8fb6839c22a:0x3e 
0xe163df63e0e9332a8fcd5a36a7f4c8fb6839c22a:0x3f 
0xe163df63e0e9332a8fcd5a36a7f4c8fb6839c22a:0x41 
0xe163df63e0e9332a8fcd5a36a7f4c8fb6839c22a:0x42 
0xe163df63e0e9332a8fcd5a36a7f4c8fb6839c22a:0x44 
0xe163df63e0e9332a8fcd5a36a7f4c8fb6839c22a:0x45 
