---
0x60a4a964da7a491900e42624a0f37f2aeb1c2e5d:0x0 *
0x60a4a964da7a491900e42624a0f37f2aeb1c2e5d:0x2 *
0x60a4a964da7a491900e42624a0f37f2aeb1c2e5d:0x4 *
0x60a4a964da7a491900e42624a0f37f2aeb1c2e5d:0x5 *
0x60a4a964da7a491900e42624a0f37f2aeb1c2e5d:0x6 *
0x60a4a964da7a491900e42624a0f37f2aeb1c2e5d:0x7 *
0x60a4a964da7a491900e42624a0f37f2aeb1c2e5d:0x8 *
0x60a4a964da7a491900e42624a0f37f2aeb1c2e5d:0xb *
0x60a4a964da7a491900e42624a0f37f2aeb1c2e5d:0x10 *
0x60a4a964da7a491900e42624a0f37f2aeb1c2e5d:0x11 *
0x60a4a964da7a491900e42624a0f37f2aeb1c2e5d:0x12 *
0x60a4a964da7a491900e42624a0f37f2aeb1c2e5d:0x13 *
0x60a4a964da7a491900e42624a0f37f2aeb1c2e5d:0x15 *
0x60a4a964da7a491900e42624a0f37f2aeb1c2e5d:0x16 *
0x60a4a964da7a491900e42624a0f37f2aeb1c2e5d:0x19 *
0x60a4a964da7a491900e42624a0f37f2aeb1c2e5d:0x1a *
0x60a4a964da7a491900e42624a0f37f2aeb1c2e5d:0x1b *
0x60a4a964da7a491900e42624a0f37f2aeb1c2e5d:0x1c *
0x60a4a964da7a491900e42624a0f37f2aeb1c2e5d:0x1d *
0x60a4a964da7a491900e42624a0f37f2aeb1c2e5d:0x32 *
0x60a4a964da7a491900e42624a0f37f2aeb1c2e5d:0x33 *
0x60a4a964da7a491900e42624a0f37f2aeb1c2e5d:0x34 *
0x60a4a964da7a491900e42624a0f37f2aeb1c2e5d:0x35 *
0x60a4a964da7a491900e42624a0f37f2aeb1c2e5d:0x36 *
0x60a4a964da7a491900e42624a0f37f2aeb1c2e5d:0x37 *
0x60a4a964da7a491900e42624a0f37f2aeb1c2e5d:0x4c *
0x60a4a964da7a491900e42624a0f37f2aeb1c2e5d:0x4d *
0x60a4a964da7a491900e42624a0f37f2aeb1c2e5d:0x4e *
0x60a4a964da7a491900e42624a0f37f2aeb1c2e5d:0x4f *
0x60a4a964da7a491900e42624a0f37f2aeb1c2e5d:0x50 *
0x60a4a964da7a491900e42624a0f37f2aeb1c2e5d:0x51 *
0x60a4a964da7a491900e42624a0f37f2aeb1c2e5d:0x52 *
0x60a4a964da7a491900e42624a0f37f2aeb1c2e5d:0x55 *
0x60a4a964da7a491900e42624a0f37f2aeb1c2e5d:0x56 *
0x60a4a964da7a491900e42624a0f37f2aeb1c2e5d:0x59 *
0x60a4a964da7a491900e42624a0f37f2aeb1c2e5d:0x5b *
0x60a4a964da7a491900e42624a0f37f2aeb1c2e5d:0x5c *
0x60a4a964da7a491900e42624a0f37f2aeb1c2e5d:0x5e *
---
0x60a4a964da7a491900e42624a0f37f2aeb1c2e5d:0x0 
0x60a4a964da7a491900e42624a0f37f2aeb1c2e5d:0x2 
0x60a4a964da7a491900e42624a0f37f2aeb1c2e5d:0x4 
0x60a4a964da7a491900e42624a0f37f2aeb1c2e5d:0x5 
0x60a4a964da7a491900e42624a0f37f2aeb1c2e5d:0x7 
0x60a4a964da7a491900e42624a0f37f2aeb1c2e5d:0x8 
0x60a4a964da7a491900e42624a0f37f2aeb1c2e5d:0x9 
0x60a4a964da7a491900e42624a0f37f2aeb1c2e5d:0xc 
0x60a4a964da7a491900e42624a0f37f2aeb1c2e5d:0xd 
0x60a4a964da7a491900e42624a0f37f2aeb1c2e5d:0xf 
0x60a4a964da7a491900e42624a0f37f2aeb1c2e5d:0x10 
0x60a4a964da7a491900e42624a0f37f2aeb1c2e5d:0x12 
0x60a4a964da7a491900e42624a0f37f2aeb1c2e5d:0x13 
0x60a4a964da7a491900e42624a0f37f2aeb1c2e5d:0x14 
0x60a4a964da7a491900e42624a0f37f2aeb1c2e5d:0x19 
0x60a4a964da7a491900e42624a0f37f2aeb1c2e5d:0x1a 
0x60a4a964da7a491900e42624a0f37f2aeb1c2e5d:0x1d 
0x60a4a964da7a491900e42624a0f37f2aeb1c2e5d:0x1e 
0x60a4a964da7a491900e42624a0f37f2aeb1c2e5d:0x1f 
0x60a4a964da7a491900e42624a0f37f2aeb1c2e5d:0x24 
0x60a4a964da7a491900e42624a0f37f2aeb1c2e5d:0x25 
0x60a4a964da7a491900e42624a0f37f2aeb1c2e5d:0x28 
0x60a4a964da7a491900e42624a0f37f2aeb1c2e5d:0x29 
0x60a4a964da7a491900e42624a0f37f2aeb1c2e5d:0x2a 
0x60a4a964da7a491900e42624a0f37f2aeb1c2e5d:0x2f 
0x60a4a964da7a491900e42624a0f37f2aeb1c2e5d:0x30 
0x60a4a964da7a491900e42624a0f37f2aeb1c2e5d:0x33 
0x60a4a964da7a491900e42624a0f37f2aeb1c2e5d:0x34 
0x60a4a964da7a491900e42624a0f37f2aeb1c2e5d:0x35 
0x60a4a964da7a491900e42624a0f37f2aeb1c2e5d:0x3a 
0x60a4a964da7a491900e42624a0f37f2aeb1c2e5d:0x3b 
0x60a4a964da7a491900e42624a0f37f2aeb1c2e5d:0x3e 
0x60a4a964da7a491900e42624a0f37f2aeb1c2e5d:0xaf 
0x60a4a964da7a491900e42624a0f37f2aeb1c2e5d:0xb0 
0x60a4a964da7a491900e42624a0f37f2aeb1c2e5d:0xb3 
0x60a4a964da7a491900e42624a0f37f2aeb1c2e5d:0xb6 
0x60a4a964da7a491900e42624a0f37f2aeb1c2e5d:0x1c1 
0x60a4a964da7a491900e42624a0f37f2aeb1c2e5d:0x1c2 
0x60a4a964da7a491900e42624a0f37f2aeb1c2e5d:0xb7 
0x60a4a964da7a491900e42624a0f37f2aeb1c2e5d:0xb8 
---
0x60a4a964da7a491900e42624a0f37f2aeb1c2e5d:0x0 
0x60a4a964da7a491900e42624a0f37f2aeb1c2e5d:0x2 
0x60a4a964da7a491900e42624a0f37f2aeb1c2e5d:0x4 
0x60a4a964da7a491900e42624a0f37f2aeb1c2e5d:0x5 
0x60a4a964da7a491900e42624a0f37f2aeb1c2e5d:0x7 
0x60a4a964da7a491900e42624a0f37f2aeb1c2e5d:0x8 
0x60a4a964da7a491900e42624a0f37f2aeb1c2e5d:0x9 
0x60a4a964da7a491900e42624a0f37f2aeb1c2e5d:0xc 
0x60a4a964da7a491900e42624a0f37f2aeb1c2e5d:0xd 
0x60a4a964da7a491900e42624a0f37f2aeb1c2e5d:0xf 
0x60a4a964da7a491900e42624a0f37f2aeb1c2e5d:0x10 
0x60a4a964da7a491900e42624a0f37f2aeb1c2e5d:0x12 
0x60a4a964da7a491900e42624a0f37f2aeb1c2e5d:0x13 
0x60a4a964da7a491900e42624a0f37f2aeb1c2e5d:0x14 
0x60a4a964da7a491900e42624a0f37f2aeb1c2e5d:0x19 
0x60a4a964da7a491900e42624a0f37f2aeb1c2e5d:0x1a 
0x60a4a964da7a491900e42624a0f37f2aeb1c2e5d:0x1d 
0x60a4a964da7a491900e42624a0f37f2aeb1c2e5d:0x1e 
0x60a4a964da7a491900e42624a0f37f2aeb1c2e5d:0x1f 
0x60a4a964da7a491900e42624a0f37f2aeb1c2e5d:0x24 
0x60a4a964da7a491900e42624a0f37f2aeb1c2e5d:0x25 
0x60a4a964da7a491900e42624a0f37f2aeb1c2e5d:0x28 
0x60a4a964da7a491900e42624a0f37f2aeb1c2e5d:0x29 
0x60a4a964da7a491900e42624a0f37f2aeb1c2e5d:0x2a 
0x60a4a964da7a491900e42624a0f37f2aeb1c2e5d:0x2f 
0x60a4a964da7a491900e42624a0f37f2aeb1c2e5d:0x30 
0x60a4a964da7a491900e42624a0f37f2aeb1c2e5d:0x33 
0x60a4a964da7a491900e42624a0f37f2aeb1c2e5d:0x86 
0x60a4a964da7a491900e42624a0f37f2aeb1c2e5d:0x87 
0x60a4a964da7a491900e42624a0f37f2aeb1c2e5d:0x88 
0x60a4a964da7a491900e42624a0f37f2aeb1c2e5d:0x89 
0x60a4a964da7a491900e42624a0f37f2aeb1c2e5d:0x8a 
0x60a4a964da7a491900e42624a0f37f2aeb1c2e5d:0x8d 
0x60a4a964da7a491900e42624a0f37f2aeb1c2e5d:0x92 
0x60a4a964da7a491900e42624a0f37f2aeb1c2e5d:0x93 
0x60a4a964da7a491900e42624a0f37f2aeb1c2e5d:0x94 
0x60a4a964da7a491900e42624a0f37f2aeb1c2e5d:0x97 
0x60a4a964da7a491900e42624a0f37f2aeb1c2e5d:0x99 
0x60a4a964da7a491900e42624a0f37f2aeb1c2e5d:0x9a 
0x60a4a964da7a491900e42624a0f37f2aeb1c2e5d:0x9b 
0x60a4a964da7a491900e42624a0f37f2aeb1c2e5d:0x9c 
0x60a4a964da7a491900e42624a0f37f2aeb1c2e5d:0x9d 
0x60a4a964da7a491900e42624a0f37f2aeb1c2e5d:0x9e 
0x60a4a964da7a491900e42624a0f37f2aeb1c2e5d:0x9f 
0x60a4a964da7a491900e42624a0f37f2aeb1c2e5d:0xa2 
0x60a4a964da7a491900e42624a0f37f2aeb1c2e5d:0xa3 
0x60a4a964da7a491900e42624a0f37f2aeb1c2e5d:0xa4 
0x60a4a964da7a491900e42624a0f37f2aeb1c2e5d:0xa7 
0x60a4a964da7a491900e42624a0f37f2aeb1c2e5d:0x1d8 
0x60a4a964da7a491900e42624a0f37f2aeb1c2e5d:0x1d9 
0x60a4a964da7a491900e42624a0f37f2aeb1c2e5d:0x1db 
0x60a4a964da7a491900e42624a0f37f2aeb1c2e5d:0x1dd 
0x60a4a964da7a491900e42624a0f37f2aeb1c2e5d:0x1de 
0x60a4a964da7a491900e42624a0f37f2aeb1c2e5d:0x1df 
0x60a4a964da7a491900e42624a0f37f2aeb1c2e5d:0x1e0 
0x60a4a964da7a491900e42624a0f37f2aeb1c2e5d:0x1e1 
0x60a4a964da7a491900e42624a0f37f2aeb1c2e5d:0x1e2 
0x60a4a964da7a491900e42624a0f37f2aeb1c2e5d:0x1e5 
0x60a4a964da7a491900e42624a0f37f2aeb1c2e5d:0x1ea 
0x60a4a964da7a491900e42624a0f37f2aeb1c2e5d:0x1eb 
0x60a4a964da7a491900e42624a0f37f2aeb1c2e5d:0x1ed 
0x60a4a964da7a491900e42624a0f37f2aeb1c2e5d:0x1f0 
0x60a4a964da7a491900e42624a0f37f2aeb1c2e5d:0x1f1 
0x60a4a964da7a491900e42624a0f37f2aeb1c2e5d:0x1f2 
0x60a4a964da7a491900e42624a0f37f2aeb1c2e5d:0x1f3 
0x60a4a964da7a491900e42624a0f37f2aeb1c2e5d:0x1f4 
0x60a4a964da7a491900e42624a0f37f2aeb1c2e5d:0x1f7 
0x60a4a964da7a491900e42624a0f37f2aeb1c2e5d:0x1c3 
0x60a4a964da7a491900e42624a0f37f2aeb1c2e5d:0x1c4 
0x60a4a964da7a491900e42624a0f37f2aeb1c2e5d:0x1c6 
0x60a4a964da7a491900e42624a0f37f2aeb1c2e5d:0x1c7 
0x60a4a964da7a491900e42624a0f37f2aeb1c2e5d:0x1c8 
0x60a4a964da7a491900e42624a0f37f2aeb1c2e5d:0x1c9 
0x60a4a964da7a491900e42624a0f37f2aeb1c2e5d:0x1ca 
0x60a4a964da7a491900e42624a0f37f2aeb1c2e5d:0x1cd 
0x60a4a964da7a491900e42624a0f37f2aeb1c2e5d:0x1ce 
0x60a4a964da7a491900e42624a0f37f2aeb1c2e5d:0x1d1 
0x60a4a964da7a491900e42624a0f37f2aeb1c2e5d:0x25d 
0x60a4a964da7a491900e42624a0f37f2aeb1c2e5d:0x25e 
0x60a4a964da7a491900e42624a0f37f2aeb1c2e5d:0x261 
0x60a4a964da7a491900e42624a0f37f2aeb1c2e5d:0x262 
0x60a4a964da7a491900e42624a0f37f2aeb1c2e5d:0x265 
0x60a4a964da7a491900e42624a0f37f2aeb1c2e5d:0x22b 
0x60a4a964da7a491900e42624a0f37f2aeb1c2e5d:0x22c 
0x60a4a964da7a491900e42624a0f37f2aeb1c2e5d:0x22e 
0x60a4a964da7a491900e42624a0f37f2aeb1c2e5d:0x231 
0x60a4a964da7a491900e42624a0f37f2aeb1c2e5d:0x232 
0x60a4a964da7a491900e42624a0f37f2aeb1c2e5d:0x235 
0x60a4a964da7a491900e42624a0f37f2aeb1c2e5d:0x23d 
0x60a4a964da7a491900e42624a0f37f2aeb1c2e5d:0x23e 
0x60a4a964da7a491900e42624a0f37f2aeb1c2e5d:0x240 
0x60a4a964da7a491900e42624a0f37f2aeb1c2e5d:0x255 
0x60a4a964da7a491900e42624a0f37f2aeb1c2e5d:0x256 
0x60a4a964da7a491900e42624a0f37f2aeb1c2e5d:0x257 
0x60a4a964da7a491900e42624a0f37f2aeb1c2e5d:0x258 
0x60a4a964da7a491900e42624a0f37f2aeb1c2e5d:0x259 
0x60a4a964da7a491900e42624a0f37f2aeb1c2e5d:0x25a 
0x60a4a964da7a491900e42624a0f37f2aeb1c2e5d:0x25b 
0x60a4a964da7a491900e42624a0f37f2aeb1c2e5d:0x25c 
0x60a4a964da7a491900e42624a0f37f2aeb1c2e5d:0x236 
0x60a4a964da7a491900e42624a0f37f2aeb1c2e5d:0x237 
0x60a4a964da7a491900e42624a0f37f2aeb1c2e5d:0x238 
0x60a4a964da7a491900e42624a0f37f2aeb1c2e5d:0x239 
0x60a4a964da7a491900e42624a0f37f2aeb1c2e5d:0x23a 
0x60a4a964da7a491900e42624a0f37f2aeb1c2e5d:0x23b 
0x60a4a964da7a491900e42624a0f37f2aeb1c2e5d:0x23c 
0x60a4a964da7a491900e42624a0f37f2aeb1c2e5d:0x266 
0x60a4a964da7a491900e42624a0f37f2aeb1c2e5d:0x267 
0x60a4a964da7a491900e42624a0f37f2aeb1c2e5d:0x268 
0x60a4a964da7a491900e42624a0f37f2aeb1c2e5d:0x269 
0x60a4a964da7a491900e42624a0f37f2aeb1c2e5d:0x26c 
0x60a4a964da7a491900e42624a0f37f2aeb1c2e5d:0x271 
0x60a4a964da7a491900e42624a0f37f2aeb1c2e5d:0x272 
0x60a4a964da7a491900e42624a0f37f2aeb1c2e5d:0x273 
0x60a4a964da7a491900e42624a0f37f2aeb1c2e5d:0x1d2 
0x60a4a964da7a491900e42624a0f37f2aeb1c2e5d:0x1d3 
0x60a4a964da7a491900e42624a0f37f2aeb1c2e5d:0x1d4 
0x60a4a964da7a491900e42624a0f37f2aeb1c2e5d:0x1d5 
0x60a4a964da7a491900e42624a0f37f2aeb1c2e5d:0x1d6 
0x60a4a964da7a491900e42624a0f37f2aeb1c2e5d:0x1d7 
0x60a4a964da7a491900e42624a0f37f2aeb1c2e5d:0x1f8 
0x60a4a964da7a491900e42624a0f37f2aeb1c2e5d:0x1f9 
0x60a4a964da7a491900e42624a0f37f2aeb1c2e5d:0x1fa 
0x60a4a964da7a491900e42624a0f37f2aeb1c2e5d:0x1fb 
0x60a4a964da7a491900e42624a0f37f2aeb1c2e5d:0x1fc 
0x60a4a964da7a491900e42624a0f37f2aeb1c2e5d:0x1fd 
0x60a4a964da7a491900e42624a0f37f2aeb1c2e5d:0x1fe 
0x60a4a964da7a491900e42624a0f37f2aeb1c2e5d:0x1ff 
0x60a4a964da7a491900e42624a0f37f2aeb1c2e5d:0x200 
0x60a4a964da7a491900e42624a0f37f2aeb1c2e5d:0xa8 
0x60a4a964da7a491900e42624a0f37f2aeb1c2e5d:0xa9 
0x60a4a964da7a491900e42624a0f37f2aeb1c2e5d:0xac 
0x60a4a964da7a491900e42624a0f37f2aeb1c2e5d:0x17e 
0x60a4a964da7a491900e42624a0f37f2aeb1c2e5d:0x17f 
0x60a4a964da7a491900e42624a0f37f2aeb1c2e5d:0x180 
0x60a4a964da7a491900e42624a0f37f2aeb1c2e5d:0x182 
0x60a4a964da7a491900e42624a0f37f2aeb1c2e5d:0x183 
0x60a4a964da7a491900e42624a0f37f2aeb1c2e5d:0x186 
0x60a4a964da7a491900e42624a0f37f2aeb1c2e5d:0x187 
0x60a4a964da7a491900e42624a0f37f2aeb1c2e5d:0x188 
0x60a4a964da7a491900e42624a0f37f2aeb1c2e5d:0x189 
0x60a4a964da7a491900e42624a0f37f2aeb1c2e5d:0x18a 
0x60a4a964da7a491900e42624a0f37f2aeb1c2e5d:0x19f 
0x60a4a964da7a491900e42624a0f37f2aeb1c2e5d:0x1a0 
0x60a4a964da7a491900e42624a0f37f2aeb1c2e5d:0x1a1 
0x60a4a964da7a491900e42624a0f37f2aeb1c2e5d:0x1a2 
0x60a4a964da7a491900e42624a0f37f2aeb1c2e5d:0x1a3 
0x60a4a964da7a491900e42624a0f37f2aeb1c2e5d:0x1a4 
0x60a4a964da7a491900e42624a0f37f2aeb1c2e5d:0x1b9 
0x60a4a964da7a491900e42624a0f37f2aeb1c2e5d:0x1ba 
0x60a4a964da7a491900e42624a0f37f2aeb1c2e5d:0x1bb 
0x60a4a964da7a491900e42624a0f37f2aeb1c2e5d:0x1bc 
0x60a4a964da7a491900e42624a0f37f2aeb1c2e5d:0x1bd 
0x60a4a964da7a491900e42624a0f37f2aeb1c2e5d:0x1be 
0x60a4a964da7a491900e42624a0f37f2aeb1c2e5d:0x1bf 
0x60a4a964da7a491900e42624a0f37f2aeb1c2e5d:0x1c0 
0x60a4a964da7a491900e42624a0f37f2aeb1c2e5d:0xad 
0x60a4a964da7a491900e42624a0f37f2aeb1c2e5d:0xae 
---
0x60a4a964da7a491900e42624a0f37f2aeb1c2e5d:0x0 
0x60a4a964da7a491900e42624a0f37f2aeb1c2e5d:0x2 
0x60a4a964da7a491900e42624a0f37f2aeb1c2e5d:0x4 
0x60a4a964da7a491900e42624a0f37f2aeb1c2e5d:0x5 
0x60a4a964da7a491900e42624a0f37f2aeb1c2e5d:0x7 
0x60a4a964da7a491900e42624a0f37f2aeb1c2e5d:0x8 
0x60a4a964da7a491900e42624a0f37f2aeb1c2e5d:0x9 
0x60a4a964da7a491900e42624a0f37f2aeb1c2e5d:0xc 
0x60a4a964da7a491900e42624a0f37f2aeb1c2e5d:0xd 
0x60a4a964da7a491900e42624a0f37f2aeb1c2e5d:0xf 
0x60a4a964da7a491900e42624a0f37f2aeb1c2e5d:0x10 
0x60a4a964da7a491900e42624a0f37f2aeb1c2e5d:0x12 
0x60a4a964da7a491900e42624a0f37f2aeb1c2e5d:0x13 
0x60a4a964da7a491900e42624a0f37f2aeb1c2e5d:0x14 
0x60a4a964da7a491900e42624a0f37f2aeb1c2e5d:0x19 
0x60a4a964da7a491900e42624a0f37f2aeb1c2e5d:0x1a 
0x60a4a964da7a491900e42624a0f37f2aeb1c2e5d:0x1d 
0x60a4a964da7a491900e42624a0f37f2aeb1c2e5d:0x44 
0x60a4a964da7a491900e42624a0f37f2aeb1c2e5d:0x45 
0x60a4a964da7a491900e42624a0f37f2aeb1c2e5d:0x46 
0x60a4a964da7a491900e42624a0f37f2aeb1c2e5d:0x47 
0x60a4a964da7a491900e42624a0f37f2aeb1c2e5d:0x48 
0x60a4a964da7a491900e42624a0f37f2aeb1c2e5d:0x4b 
0x60a4a964da7a491900e42624a0f37f2aeb1c2e5d:0x50 
0x60a4a964da7a491900e42624a0f37f2aeb1c2e5d:0x51 
0x60a4a964da7a491900e42624a0f37f2aeb1c2e5d:0x52 
0x60a4a964da7a491900e42624a0f37f2aeb1c2e5d:0x55 
0x60a4a964da7a491900e42624a0f37f2aeb1c2e5d:0x58 
0x60a4a964da7a491900e42624a0f37f2aeb1c2e5d:0xb9 
0x60a4a964da7a491900e42624a0f37f2aeb1c2e5d:0xba 
0x60a4a964da7a491900e42624a0f37f2aeb1c2e5d:0xbc 
0x60a4a964da7a491900e42624a0f37f2aeb1c2e5d:0xbd 
0x60a4a964da7a491900e42624a0f37f2aeb1c2e5d:0xbe 
0x60a4a964da7a491900e42624a0f37f2aeb1c2e5d:0xbf 
0x60a4a964da7a491900e42624a0f37f2aeb1c2e5d:0xc2 
0x60a4a964da7a491900e42624a0f37f2aeb1c2e5d:0xc3 
0x60a4a964da7a491900e42624a0f37f2aeb1c2e5d:0xc4 
0x60a4a964da7a491900e42624a0f37f2aeb1c2e5d:0xc5 
0x60a4a964da7a491900e42624a0f37f2aeb1c2e5d:0xda 
0x60a4a964da7a491900e42624a0f37f2aeb1c2e5d:0xdb 
0x60a4a964da7a491900e42624a0f37f2aeb1c2e5d:0xf0 
0x60a4a964da7a491900e42624a0f37f2aeb1c2e5d:0xf1 
0x60a4a964da7a491900e42624a0f37f2aeb1c2e5d:0xf2 
0x60a4a964da7a491900e42624a0f37f2aeb1c2e5d:0x107 
0x60a4a964da7a491900e42624a0f37f2aeb1c2e5d:0x108 
0x60a4a964da7a491900e42624a0f37f2aeb1c2e5d:0x109 
0x60a4a964da7a491900e42624a0f37f2aeb1c2e5d:0x10c 
0x60a4a964da7a491900e42624a0f37f2aeb1c2e5d:0x111 
0x60a4a964da7a491900e42624a0f37f2aeb1c2e5d:0x112 
0x60a4a964da7a491900e42624a0f37f2aeb1c2e5d:0x113 
0x60a4a964da7a491900e42624a0f37f2aeb1c2e5d:0x128 
0x60a4a964da7a491900e42624a0f37f2aeb1c2e5d:0x129 
0x60a4a964da7a491900e42624a0f37f2aeb1c2e5d:0x12c 
0x60a4a964da7a491900e42624a0f37f2aeb1c2e5d:0x12d 
0x60a4a964da7a491900e42624a0f37f2aeb1c2e5d:0x12e 
0x60a4a964da7a491900e42624a0f37f2aeb1c2e5d:0x12f 
0x60a4a964da7a491900e42624a0f37f2aeb1c2e5d:0x130 
0x60a4a964da7a491900e42624a0f37f2aeb1c2e5d:0x131 
0x60a4a964da7a491900e42624a0f37f2aeb1c2e5d:0x132 
0x60a4a964da7a491900e42624a0f37f2aeb1c2e5d:0x134 
0x60a4a964da7a491900e42624a0f37f2aeb1c2e5d:0x135 
0x60a4a964da7a491900e42624a0f37f2aeb1c2e5d:0x137 
0x60a4a964da7a491900e42624a0f37f2aeb1c2e5d:0x139 
0x60a4a964da7a491900e42624a0f37f2aeb1c2e5d:0x13a 
0x60a4a964da7a491900e42624a0f37f2aeb1c2e5d:0x13b 
0x60a4a964da7a491900e42624a0f37f2aeb1c2e5d:0x13c 
0x60a4a964da7a491900e42624a0f37f2aeb1c2e5d:0x13d 
0x60a4a964da7a491900e42624a0f37f2aeb1c2e5d:0x13e 
0x60a4a964da7a491900e42624a0f37f2aeb1c2e5d:0x13f 
0x60a4a964da7a491900e42624a0f37f2aeb1c2e5d:0x140 
---
0xdd43faab38da309643ea773b47d331c3de0f3043:0x0 
0x60a4a964da7a491900e42624a0f37f2aeb1c2e5d:0x141 
0x60a4a964da7a491900e42624a0f37f2aeb1c2e5d:0x142 
0x60a4a964da7a491900e42624a0f37f2aeb1c2e5d:0x143 
0x60a4a964da7a491900e42624a0f37f2aeb1c2e5d:0x144 
0x60a4a964da7a491900e42624a0f37f2aeb1c2e5d:0x145 
0x60a4a964da7a491900e42624a0f37f2aeb1c2e5d:0x146 
0x60a4a964da7a491900e42624a0f37f2aeb1c2e5d:0x147 
0x60a4a964da7a491900e42624a0f37f2aeb1c2e5d:0x148 
0x60a4a964da7a491900e42624a0f37f2aeb1c2e5d:0x149 
0x60a4a964da7a491900e42624a0f37f2aeb1c2e5d:0x14a 
0x60a4a964da7a491900e42624a0f37f2aeb1c2e5d:0x14d 
0x60a4a964da7a491900e42624a0f37f2aeb1c2e5d:0x157 
0x60a4a964da7a491900e42624a0f37f2aeb1c2e5d:0x158 
0x60a4a964da7a491900e42624a0f37f2aeb1c2e5d:0x159 
0x60a4a964da7a491900e42624a0f37f2aeb1c2e5d:0x59 
0x60a4a964da7a491900e42624a0f37f2aeb1c2e5d:0x5a 
