---
0x60a4a964da7a491900e42624a0f37f2aeb1c2e5d:0x0 *
0x60a4a964da7a491900e42624a0f37f2aeb1c2e5d:0x2 *
0x60a4a964da7a491900e42624a0f37f2aeb1c2e5d:0x4 *
0x60a4a964da7a491900e42624a0f37f2aeb1c2e5d:0x5 *
0x60a4a964da7a491900e42624a0f37f2aeb1c2e5d:0x6 *
0x60a4a964da7a491900e42624a0f37f2aeb1c2e5d:0x7 *
0x60a4a964da7a491900e42624a0f37f2aeb1c2e5d:0x8 *
0x60a4a964da7a491900e42624a0f37f2aeb1c2e5d:0xb *
0x60a4a964da7a491900e42624a0f37f2aeb1c2e5d:0x10 *
0x60a4a964da7a491900e42624a0f37f2aeb1c2e5d:0x11 *
0x60a4a964da7a491900e42624a0f37f2aeb1c2e5d:0x12 *
0x60a4a964da7a491900e42624a0f37f2aeb1c2e5d:0x14 *
0x60a4a964da7a491900e42624a0f37f2aeb1c2e5d:0x15 *
0x60a4a964da7a491900e42624a0f37f2aeb1c2e5d:0x18 *
0x60a4a964da7a491900e42624a0f37f2aeb1c2e5d:0x1a *
0x60a4a964da7a491900e42624a0f37f2aeb1c2e5d:0x1b *
0x60a4a964da7a491900e42624a0f37f2aeb1c2e5d:0x1d *
---
0x60a4a964da7a491900e42624a0f37f2aeb1c2e5d:0x0 
0x60a4a964da7a491900e42624a0f37f2aeb1c2e5d:0x2 
0x60a4a964da7a491900e42624a0f37f2aeb1c2e5d:0x4 
0x60a4a964da7a491900e42624a0f37f2aeb1c2e5d:0x5 
0x60a4a964da7a491900e42624a0f37f2aeb1c2e5d:0x7 
0x60a4a964da7a491900e42624a0f37f2aeb1c2e5d:0x8 
0x60a4a964da7a491900e42624a0f37f2aeb1c2e5d:0x9 
0x60a4a964da7a491900e42624a0f37f2aeb1c2e5d:0xb 
0x60a4a964da7a491900e42624a0f37f2aeb1c2e5d:0xc 
0x60a4a964da7a491900e42624a0f37f2aeb1c2e5d:0xe 
0x60a4a964da7a491900e42624a0f37f2aeb1c2e5d:0xf 
0x60a4a964da7a491900e42624a0f37f2aeb1c2e5d:0x11 
0x60a4a964da7a491900e42624a0f37f2aeb1c2e5d:0x12 
0x60a4a964da7a491900e42624a0f37f2aeb1c2e5d:0x13 
0x60a4a964da7a491900e42624a0f37f2aeb1c2e5d:0x18 
0x60a4a964da7a491900e42624a0f37f2aeb1c2e5d:0x19 
0x60a4a964da7a491900e42624a0f37f2aeb1c2e5d:0x1b 
0x60a4a964da7a491900e42624a0f37f2aeb1c2e5d:0x21 
0x60a4a964da7a491900e42624a0f37f2aeb1c2e5d:0x22 
0x60a4a964da7a491900e42624a0f37f2aeb1c2e5d:0x24 
0x60a4a964da7a491900e42624a0f37f2aeb1c2e5d:0x26 
0x60a4a964da7a491900e42624a0f37f2aeb1c2e5d:0x27 
0x60a4a964da7a491900e42624a0f37f2aeb1c2e5d:0x28 
0x60a4a964da7a491900e42624a0f37f2aeb1c2e5d:0x29 
0x60a4a964da7a491900e42624a0f37f2aeb1c2e5d:0x2a 
0x60a4a964da7a491900e42624a0f37f2aeb1c2e5d:0x2b 
0x60a4a964da7a491900e42624a0f37f2aeb1c2e5d:0x2c 
0x60a4a964da7a491900e42624a0f37f2aeb1c2e5d:0x2e 
0x60a4a964da7a491900e42624a0f37f2aeb1c2e5d:0x2f 
0x60a4a964da7a491900e42624a0f37f2aeb1c2e5d:0x30 
0x60a4a964da7a491900e42624a0f37f2aeb1c2e5d:0x32 
0x60a4a964da7a491900e42624a0f37f2aeb1c2e5d:0x5c 
0x60a4a964da7a491900e42624a0f37f2aeb1c2e5d:0x5d 
0x60a4a964da7a491900e42624a0f37f2aeb1c2e5d:0x5f 
0x60a4a964da7a491900e42624a0f37f2aeb1c2e5d:0x61 
0x60a4a964da7a491900e42624a0f37f2aeb1c2e5d:0x62 
0x60a4a964da7a491900e42624a0f37f2aeb1c2e5d:0x63 
0x60a4a964da7a491900e42624a0f37f2aeb1c2e5d:0x64 
0x60a4a964da7a491900e42624a0f37f2aeb1c2e5d:0x65 
0x60a4a964da7a491900e42624a0f37f2aeb1c2e5d:0x66 
0x60a4a964da7a491900e42624a0f37f2aeb1c2e5d:0x68 
0x60a4a964da7a491900e42624a0f37f2aeb1c2e5d:0x6d 
0x60a4a964da7a491900e42624a0f37f2aeb1c2e5d:0x6e 
0x60a4a964da7a491900e42624a0f37f2aeb1c2e5d:0x70 
0x60a4a964da7a491900e42624a0f37f2aeb1c2e5d:0x72 
0x60a4a964da7a491900e42624a0f37f2aeb1c2e5d:0x73 
0x60a4a964da7a491900e42624a0f37f2aeb1c2e5d:0x74 
0x60a4a964da7a491900e42624a0f37f2aeb1c2e5d:0x75 
0x60a4a964da7a491900e42624a0f37f2aeb1c2e5d:0x76 
0x60a4a964da7a491900e42624a0f37f2aeb1c2e5d:0x78 
0x60a4a964da7a491900e42624a0f37f2aeb1c2e5d:0x49 
0x60a4a964da7a491900e42624a0f37f2aeb1c2e5d:0x4a 
0x60a4a964da7a491900e42624a0f37f2aeb1c2e5d:0x4c 
0x60a4a964da7a491900e42624a0f37f2aeb1c2e5d:0x4d 
0x60a4a964da7a491900e42624a0f37f2aeb1c2e5d:0x4e 
0x60a4a964da7a491900e42624a0f37f2aeb1c2e5d:0x4f 
0x60a4a964da7a491900e42624a0f37f2aeb1c2e5d:0x50 
0x60a4a964da7a491900e42624a0f37f2aeb1c2e5d:0x52 
0x60a4a964da7a491900e42624a0f37f2aeb1c2e5d:0x53 
0x60a4a964da7a491900e42624a0f37f2aeb1c2e5d:0x55 
0x60a4a964da7a491900e42624a0f37f2aeb1c2e5d:0x8c 
0x60a4a964da7a491900e42624a0f37f2aeb1c2e5d:0x8d 
0x60a4a964da7a491900e42624a0f37f2aeb1c2e5d:0x8f 
0x60a4a964da7a491900e42624a0f37f2aeb1c2e5d:0x90 
0x60a4a964da7a491900e42624a0f37f2aeb1c2e5d:0x92 
0x60a4a964da7a491900e42624a0f37f2aeb1c2e5d:0x82 
0x60a4a964da7a491900e42624a0f37f2aeb1c2e5d:0x83 
0x60a4a964da7a491900e42624a0f37f2aeb1c2e5d:0x85 
0x60a4a964da7a491900e42624a0f37f2aeb1c2e5d:0x86 
0x60a4a964da7a491900e42624a0f37f2aeb1c2e5d:0x87 
0x60a4a964da7a491900e42624a0f37f2aeb1c2e5d:0x88 
0x60a4a964da7a491900e42624a0f37f2aeb1c2e5d:0x89 
0x60a4a964da7a491900e42624a0f37f2aeb1c2e5d:0x8a 
0x60a4a964da7a491900e42624a0f37f2aeb1c2e5d:0x8b 
0x60a4a964da7a491900e42624a0f37f2aeb1c2e5d:0x93 
0x60a4a964da7a491900e42624a0f37f2aeb1c2e5d:0x94 
0x60a4a964da7a491900e42624a0f37f2aeb1c2e5d:0x95 
0x60a4a964da7a491900e42624a0f37f2aeb1c2e5d:0x96 
0x60a4a964da7a491900e42624a0f37f2aeb1c2e5d:0x98 
0x60a4a964da7a491900e42624a0f37f2aeb1c2e5d:0x9d 
0x60a4a964da7a491900e42624a0f37f2aeb1c2e5d:0x9e 
0x60a4a964da7a491900e42624a0f37f2aeb1c2e5d:0x9f 
0x60a4a964da7a491900e42624a0f37f2aeb1c2e5d:0x56 
0x60a4a964da7a491900e42624a0f37f2aeb1c2e5d:0x57 
0x60a4a964da7a491900e42624a0f37f2aeb1c2e5d:0x58 
0x60a4a964da7a491900e42624a0f37f2aeb1c2e5d:0x59 
0x60a4a964da7a491900e42624a0f37f2aeb1c2e5d:0x5a 
0x60a4a964da7a491900e42624a0f37f2aeb1c2e5d:0x5b 
0x60a4a964da7a491900e42624a0f37f2aeb1c2e5d:0x79 
0x60a4a964da7a491900e42624a0f37f2aeb1c2e5d:0x7a 
0x60a4a964da7a491900e42624a0f37f2aeb1c2e5d:0x7b 
0x60a4a964da7a491900e42624a0f37f2aeb1c2e5d:0x7c 
0x60a4a964da7a491900e42624a0f37f2aeb1c2e5d:0x7d 
0x60a4a964da7a491900e42624a0f37f2aeb1c2e5d:0x7e 
0x60a4a964da7a491900e42624a0f37f2aeb1c2e5d:0x7f 
0x60a4a964da7a491900e42624a0f37f2aeb1c2e5d:0x80 
0x60a4a964da7a491900e42624a0f37f2aeb1c2e5d:0x81 
0x60a4a964da7a491900e42624a0f37f2aeb1c2e5d:0x33 
0x60a4a964da7a491900e42624a0f37f2aeb1c2e5d:0x34 
0x60a4a964da7a491900e42624a0f37f2aeb1c2e5d:0x36 
0x60a4a964da7a491900e42624a0f37f2aeb1c2e5d:0x39 
0x60a4a964da7a491900e42624a0f37f2aeb1c2e5d:0x3a 
0x60a4a964da7a491900e42624a0f37f2aeb1c2e5d:0x3c 
0x60a4a964da7a491900e42624a0f37f2aeb1c2e5d:0x3d 
0x60a4a964da7a491900e42624a0f37f2aeb1c2e5d:0x3e 
0x60a4a964da7a491900e42624a0f37f2aeb1c2e5d:0x3f 
0x60a4a964da7a491900e42624a0f37f2aeb1c2e5d:0x41 
0x60a4a964da7a491900e42624a0f37f2aeb1c2e5d:0x46 
0x60a4a964da7a491900e42624a0f37f2aeb1c2e5d:0x47 
0x60a4a964da7a491900e42624a0f37f2aeb1c2e5d:0x48 
0x60a4a964da7a491900e42624a0f37f2aeb1c2e5d:0x37 
0x60a4a964da7a491900e42624a0f37f2aeb1c2e5d:0x38 
