---
0x72b2b12a2a5eae2f5f9eadafaffa8e4e232771e1:0x0 *
0x72b2b12a2a5eae2f5f9eadafaffa8e4e232771e1:0x2 *
0x72b2b12a2a5eae2f5f9eadafaffa8e4e232771e1:0x4 *
0x72b2b12a2a5eae2f5f9eadafaffa8e4e232771e1:0x5 *
0x72b2b12a2a5eae2f5f9eadafaffa8e4e232771e1:0x6 *
0x72b2b12a2a5eae2f5f9eadafaffa8e4e232771e1:0x7 *
0x72b2b12a2a5eae2f5f9eadafaffa8e4e232771e1:0x8 *
0x72b2b12a2a5eae2f5f9eadafaffa8e4e232771e1:0xb *
0x72b2b12a2a5eae2f5f9eadafaffa8e4e232771e1:0x10 *
0x72b2b12a2a5eae2f5f9eadafaffa8e4e232771e1:0x11 *
0x72b2b12a2a5eae2f5f9eadafaffa8e4e232771e1:0x12 *
0x72b2b12a2a5eae2f5f9eadafaffa8e4e232771e1:0x14 *
0x72b2b12a2a5eae2f5f9eadafaffa8e4e232771e1:0x15 *
0x72b2b12a2a5eae2f5f9eadafaffa8e4e232771e1:0x18 *
0x72b2b12a2a5eae2f5f9eadafaffa8e4e232771e1:0x1a *
0x72b2b12a2a5eae2f5f9eadafaffa8e4e232771e1:0x1b *
0x72b2b12a2a5eae2f5f9eadafaffa8e4e232771e1:0x1d *
---
0x72b2b12a2a5eae2f5f9eadafaffa8e4e232771e1:0x0 
0x72b2b12a2a5eae2f5f9eadafaffa8e4e232771e1:0x2 
0x72b2b12a2a5eae2f5f9eadafaffa8e4e232771e1:0x4 
0x72b2b12a2a5eae2f5f9eadafaffa8e4e232771e1:0x5 
0x72b2b12a2a5eae2f5f9eadafaffa8e4e232771e1:0x7 
0x72b2b12a2a5eae2f5f9eadafaffa8e4e232771e1:0x8 
0x72b2b12a2a5eae2f5f9eadafaffa8e4e232771e1:0x9 
0x72b2b12a2a5eae2f5f9eadafaffa8e4e232771e1:0xb 
0x72b2b12a2a5eae2f5f9eadafaffa8e4e232771e1:0xc 
0x72b2b12a2a5eae2f5f9eadafaffa8e4e232771e1:0xe 
0x72b2b12a2a5eae2f5f9eadafaffa8e4e232771e1:0xf 
0x72b2b12a2a5eae2f5f9eadafaffa8e4e232771e1:0x11 
0x72b2b12a2a5eae2f5f9eadafaffa8e4e232771e1:0x12 
0x72b2b12a2a5eae2f5f9eadafaffa8e4e232771e1:0x13 
0x72b2b12a2a5eae2f5f9eadafaffa8e4e232771e1:0x18 
0x72b2b12a2a5eae2f5f9eadafaffa8e4e232771e1:0x19 
0x72b2b12a2a5eae2f5f9eadafaffa8e4e232771e1:0x1b 
0x72b2b12a2a5eae2f5f9eadafaffa8e4e232771e1:0x21 
0x72b2b12a2a5eae2f5f9eadafaffa8e4e232771e1:0x22 
0x72b2b12a2a5eae2f5f9eadafaffa8e4e232771e1:0x24 
0x72b2b12a2a5eae2f5f9eadafaffa8e4e232771e1:0x26 
0x72b2b12a2a5eae2f5f9eadafaffa8e4e232771e1:0x27 
0x72b2b12a2a5eae2f5f9eadafaffa8e4e232771e1:0x28 
0x72b2b12a2a5eae2f5f9eadafaffa8e4e232771e1:0x29 
0x72b2b12a2a5eae2f5f9eadafaffa8e4e232771e1:0x2a 
0x72b2b12a2a5eae2f5f9eadafaffa8e4e232771e1:0x2b 
0x72b2b12a2a5eae2f5f9eadafaffa8e4e232771e1:0x2c 
0x72b2b12a2a5eae2f5f9eadafaffa8e4e232771e1:0x2e 
0x72b2b12a2a5eae2f5f9eadafaffa8e4e232771e1:0x2f 
0x72b2b12a2a5eae2f5f9eadafaffa8e4e232771e1:0x30 
0x72b2b12a2a5eae2f5f9eadafaffa8e4e232771e1:0x32 
0x72b2b12a2a5eae2f5f9eadafaffa8e4e232771e1:0x5c 
0x72b2b12a2a5eae2f5f9eadafaffa8e4e232771e1:0x5d 
0x72b2b12a2a5eae2f5f9eadafaffa8e4e232771e1:0x5f 
0x72b2b12a2a5eae2f5f9eadafaffa8e4e232771e1:0x61 
0x72b2b12a2a5eae2f5f9eadafaffa8e4e232771e1:0x62 
0x72b2b12a2a5eae2f5f9eadafaffa8e4e232771e1:0x63 
0x72b2b12a2a5eae2f5f9eadafaffa8e4e232771e1:0x64 
0x72b2b12a2a5eae2f5f9eadafaffa8e4e232771e1:0x65 
0x72b2b12a2a5eae2f5f9eadafaffa8e4e232771e1:0x66 
0x72b2b12a2a5eae2f5f9eadafaffa8e4e232771e1:0x68 
0x72b2b12a2a5eae2f5f9eadafaffa8e4e232771e1:0x6d 
0x72b2b12a2a5eae2f5f9eadafaffa8e4e232771e1:0x6e 
0x72b2b12a2a5eae2f5f9eadafaffa8e4e232771e1:0x70 
0x72b2b12a2a5eae2f5f9eadafaffa8e4e232771e1:0x72 
0x72b2b12a2a5eae2f5f9eadafaffa8e4e232771e1:0x73 
0x72b2b12a2a5eae2f5f9eadafaffa8e4e232771e1:0x74 
0x72b2b12a2a5eae2f5f9eadafaffa8e4e232771e1:0x75 
0x72b2b12a2a5eae2f5f9eadafaffa8e4e232771e1:0x76 
0x72b2b12a2a5eae2f5f9eadafaffa8e4e232771e1:0x78 
0x72b2b12a2a5eae2f5f9eadafaffa8e4e232771e1:0x49 
0x72b2b12a2a5eae2f5f9eadafaffa8e4e232771e1:0x4a 
0x72b2b12a2a5eae2f5f9eadafaffa8e4e232771e1:0x4c 
0x72b2b12a2a5eae2f5f9eadafaffa8e4e232771e1:0x4d 
0x72b2b12a2a5eae2f5f9eadafaffa8e4e232771e1:0x4e 
0x72b2b12a2a5eae2f5f9eadafaffa8e4e232771e1:0x4f 
0x72b2b12a2a5eae2f5f9eadafaffa8e4e232771e1:0x50 
0x72b2b12a2a5eae2f5f9eadafaffa8e4e232771e1:0x52 
0x72b2b12a2a5eae2f5f9eadafaffa8e4e232771e1:0x53 
0x72b2b12a2a5eae2f5f9eadafaffa8e4e232771e1:0x55 
0x72b2b12a2a5eae2f5f9eadafaffa8e4e232771e1:0x8c 
0x72b2b12a2a5eae2f5f9eadafaffa8e4e232771e1:0x8d 
0x72b2b12a2a5eae2f5f9eadafaffa8e4e232771e1:0x8f 
0x72b2b12a2a5eae2f5f9eadafaffa8e4e232771e1:0x90 
0x72b2b12a2a5eae2f5f9eadafaffa8e4e232771e1:0x92 
0x72b2b12a2a5eae2f5f9eadafaffa8e4e232771e1:0x82 
0x72b2b12a2a5eae2f5f9eadafaffa8e4e232771e1:0x83 
0x72b2b12a2a5eae2f5f9eadafaffa8e4e232771e1:0x85 
0x72b2b12a2a5eae2f5f9eadafaffa8e4e232771e1:0x86 
0x72b2b12a2a5eae2f5f9eadafaffa8e4e232771e1:0x87 
0x72b2b12a2a5eae2f5f9eadafaffa8e4e232771e1:0x88 
0x72b2b12a2a5eae2f5f9eadafaffa8e4e232771e1:0x89 
0x72b2b12a2a5eae2f5f9eadafaffa8e4e232771e1:0x8a 
0x72b2b12a2a5eae2f5f9eadafaffa8e4e232771e1:0x8b 
0x72b2b12a2a5eae2f5f9eadafaffa8e4e232771e1:0x93 
0x72b2b12a2a5eae2f5f9eadafaffa8e4e232771e1:0x94 
0x72b2b12a2a5eae2f5f9eadafaffa8e4e232771e1:0x95 
0x72b2b12a2a5eae2f5f9eadafaffa8e4e232771e1:0x96 
0x72b2b12a2a5eae2f5f9eadafaffa8e4e232771e1:0x98 
0x72b2b12a2a5eae2f5f9eadafaffa8e4e232771e1:0x9d 
0x72b2b12a2a5eae2f5f9eadafaffa8e4e232771e1:0x9e 
0x72b2b12a2a5eae2f5f9eadafaffa8e4e232771e1:0x9f 
0x72b2b12a2a5eae2f5f9eadafaffa8e4e232771e1:0x56 
0x72b2b12a2a5eae2f5f9eadafaffa8e4e232771e1:0x57 
0x72b2b12a2a5eae2f5f9eadafaffa8e4e232771e1:0x58 
0x72b2b12a2a5eae2f5f9eadafaffa8e4e232771e1:0x59 
0x72b2b12a2a5eae2f5f9eadafaffa8e4e232771e1:0x5a 
0x72b2b12a2a5eae2f5f9eadafaffa8e4e232771e1:0x5b 
0x72b2b12a2a5eae2f5f9eadafaffa8e4e232771e1:0x79 
0x72b2b12a2a5eae2f5f9eadafaffa8e4e232771e1:0x7a 
0x72b2b12a2a5eae2f5f9eadafaffa8e4e232771e1:0x7b 
0x72b2b12a2a5eae2f5f9eadafaffa8e4e232771e1:0x7c 
0x72b2b12a2a5eae2f5f9eadafaffa8e4e232771e1:0x7d 
0x72b2b12a2a5eae2f5f9eadafaffa8e4e232771e1:0x7e 
0x72b2b12a2a5eae2f5f9eadafaffa8e4e232771e1:0x7f 
0x72b2b12a2a5eae2f5f9eadafaffa8e4e232771e1:0x80 
0x72b2b12a2a5eae2f5f9eadafaffa8e4e232771e1:0x81 
0x72b2b12a2a5eae2f5f9eadafaffa8e4e232771e1:0x33 
0x72b2b12a2a5eae2f5f9eadafaffa8e4e232771e1:0x34 
0x72b2b12a2a5eae2f5f9eadafaffa8e4e232771e1:0x36 
0x72b2b12a2a5eae2f5f9eadafaffa8e4e232771e1:0x39 
0x72b2b12a2a5eae2f5f9eadafaffa8e4e232771e1:0x3a 
0x72b2b12a2a5eae2f5f9eadafaffa8e4e232771e1:0x3c 
0x72b2b12a2a5eae2f5f9eadafaffa8e4e232771e1:0x3d 
0x72b2b12a2a5eae2f5f9eadafaffa8e4e232771e1:0x3e 
0x72b2b12a2a5eae2f5f9eadafaffa8e4e232771e1:0x3f 
0x72b2b12a2a5eae2f5f9eadafaffa8e4e232771e1:0x41 
0x72b2b12a2a5eae2f5f9eadafaffa8e4e232771e1:0x46 
0x72b2b12a2a5eae2f5f9eadafaffa8e4e232771e1:0x47 
0x72b2b12a2a5eae2f5f9eadafaffa8e4e232771e1:0x48 
0x72b2b12a2a5eae2f5f9eadafaffa8e4e232771e1:0x37 
0x72b2b12a2a5eae2f5f9eadafaffa8e4e232771e1:0x38 
