---
0x6c07ae38ac32327cb75c2c8a1d551370141180ee:0x0 *
0x6c07ae38ac32327cb75c2c8a1d551370141180ee:0x2 *
0x6c07ae38ac32327cb75c2c8a1d551370141180ee:0x4 *
0x6c07ae38ac32327cb75c2c8a1d551370141180ee:0x5 *
0x6c07ae38ac32327cb75c2c8a1d551370141180ee:0x6 *
0x6c07ae38ac32327cb75c2c8a1d551370141180ee:0x7 *
0x6c07ae38ac32327cb75c2c8a1d551370141180ee:0x8 *
0x6c07ae38ac32327cb75c2c8a1d551370141180ee:0xb *
0x6c07ae38ac32327cb75c2c8a1d551370141180ee:0x10 *
0x6c07ae38ac32327cb75c2c8a1d551370141180ee:0x11 *
0x6c07ae38ac32327cb75c2c8a1d551370141180ee:0x12 *
0x6c07ae38ac32327cb75c2c8a1d551370141180ee:0x14 *
0x6c07ae38ac32327cb75c2c8a1d551370141180ee:0x15 *
0x6c07ae38ac32327cb75c2c8a1d551370141180ee:0x18 *
0x6c07ae38ac32327cb75c2c8a1d551370141180ee:0x1a *
0x6c07ae38ac32327cb75c2c8a1d551370141180ee:0x1b *
0x6c07ae38ac32327cb75c2c8a1d551370141180ee:0x1d *
---
0x6c07ae38ac32327cb75c2c8a1d551370141180ee:0x0 
0x6c07ae38ac32327cb75c2c8a1d551370141180ee:0x2 
0x6c07ae38ac32327cb75c2c8a1d551370141180ee:0x4 
0x6c07ae38ac32327cb75c2c8a1d551370141180ee:0x5 
0x6c07ae38ac32327cb75c2c8a1d551370141180ee:0x7 
0x6c07ae38ac32327cb75c2c8a1d551370141180ee:0x8 
0x6c07ae38ac32327cb75c2c8a1d551370141180ee:0x9 
0x6c07ae38ac32327cb75c2c8a1d551370141180ee:0xb 
0x6c07ae38ac32327cb75c2c8a1d551370141180ee:0xc 
0x6c07ae38ac32327cb75c2c8a1d551370141180ee:0xe 
0x6c07ae38ac32327cb75c2c8a1d551370141180ee:0xf 
0x6c07ae38ac32327cb75c2c8a1d551370141180ee:0x11 
0x6c07ae38ac32327cb75c2c8a1d551370141180ee:0x12 
0x6c07ae38ac32327cb75c2c8a1d551370141180ee:0x13 
0x6c07ae38ac32327cb75c2c8a1d551370141180ee:0x18 
0x6c07ae38ac32327cb75c2c8a1d551370141180ee:0x19 
0x6c07ae38ac32327cb75c2c8a1d551370141180ee:0x1b 
0x6c07ae38ac32327cb75c2c8a1d551370141180ee:0x21 
0x6c07ae38ac32327cb75c2c8a1d551370141180ee:0x22 
0x6c07ae38ac32327cb75c2c8a1d551370141180ee:0x24 
0x6c07ae38ac32327cb75c2c8a1d551370141180ee:0x26 
0x6c07ae38ac32327cb75c2c8a1d551370141180ee:0x27 
0x6c07ae38ac32327cb75c2c8a1d551370141180ee:0x28 
0x6c07ae38ac32327cb75c2c8a1d551370141180ee:0x29 
0x6c07ae38ac32327cb75c2c8a1d551370141180ee:0x2a 
0x6c07ae38ac32327cb75c2c8a1d551370141180ee:0x2b 
0x6c07ae38ac32327cb75c2c8a1d551370141180ee:0x2c 
0x6c07ae38ac32327cb75c2c8a1d551370141180ee:0x2e 
0x6c07ae38ac32327cb75c2c8a1d551370141180ee:0x2f 
0x6c07ae38ac32327cb75c2c8a1d551370141180ee:0x30 
0x6c07ae38ac32327cb75c2c8a1d551370141180ee:0x32 
0x6c07ae38ac32327cb75c2c8a1d551370141180ee:0x5c 
0x6c07ae38ac32327cb75c2c8a1d551370141180ee:0x5d 
0x6c07ae38ac32327cb75c2c8a1d551370141180ee:0x5f 
0x6c07ae38ac32327cb75c2c8a1d551370141180ee:0x61 
0x6c07ae38ac32327cb75c2c8a1d551370141180ee:0x62 
0x6c07ae38ac32327cb75c2c8a1d551370141180ee:0x63 
0x6c07ae38ac32327cb75c2c8a1d551370141180ee:0x64 
0x6c07ae38ac32327cb75c2c8a1d551370141180ee:0x65 
0x6c07ae38ac32327cb75c2c8a1d551370141180ee:0x66 
0x6c07ae38ac32327cb75c2c8a1d551370141180ee:0x68 
0x6c07ae38ac32327cb75c2c8a1d551370141180ee:0x6d 
0x6c07ae38ac32327cb75c2c8a1d551370141180ee:0x6e 
0x6c07ae38ac32327cb75c2c8a1d551370141180ee:0x70 
0x6c07ae38ac32327cb75c2c8a1d551370141180ee:0x72 
0x6c07ae38ac32327cb75c2c8a1d551370141180ee:0x73 
0x6c07ae38ac32327cb75c2c8a1d551370141180ee:0x74 
0x6c07ae38ac32327cb75c2c8a1d551370141180ee:0x75 
0x6c07ae38ac32327cb75c2c8a1d551370141180ee:0x76 
0x6c07ae38ac32327cb75c2c8a1d551370141180ee:0x78 
0x6c07ae38ac32327cb75c2c8a1d551370141180ee:0x49 
0x6c07ae38ac32327cb75c2c8a1d551370141180ee:0x4a 
0x6c07ae38ac32327cb75c2c8a1d551370141180ee:0x4c 
0x6c07ae38ac32327cb75c2c8a1d551370141180ee:0x4d 
0x6c07ae38ac32327cb75c2c8a1d551370141180ee:0x4e 
0x6c07ae38ac32327cb75c2c8a1d551370141180ee:0x4f 
0x6c07ae38ac32327cb75c2c8a1d551370141180ee:0x50 
0x6c07ae38ac32327cb75c2c8a1d551370141180ee:0x52 
0x6c07ae38ac32327cb75c2c8a1d551370141180ee:0x53 
0x6c07ae38ac32327cb75c2c8a1d551370141180ee:0x55 
0x6c07ae38ac32327cb75c2c8a1d551370141180ee:0x8c 
0x6c07ae38ac32327cb75c2c8a1d551370141180ee:0x8d 
0x6c07ae38ac32327cb75c2c8a1d551370141180ee:0x8f 
0x6c07ae38ac32327cb75c2c8a1d551370141180ee:0x90 
0x6c07ae38ac32327cb75c2c8a1d551370141180ee:0x92 
0x6c07ae38ac32327cb75c2c8a1d551370141180ee:0x82 
0x6c07ae38ac32327cb75c2c8a1d551370141180ee:0x83 
0x6c07ae38ac32327cb75c2c8a1d551370141180ee:0x85 
0x6c07ae38ac32327cb75c2c8a1d551370141180ee:0x86 
0x6c07ae38ac32327cb75c2c8a1d551370141180ee:0x87 
0x6c07ae38ac32327cb75c2c8a1d551370141180ee:0x88 
0x6c07ae38ac32327cb75c2c8a1d551370141180ee:0x89 
0x6c07ae38ac32327cb75c2c8a1d551370141180ee:0x8a 
0x6c07ae38ac32327cb75c2c8a1d551370141180ee:0x8b 
0x6c07ae38ac32327cb75c2c8a1d551370141180ee:0x93 
0x6c07ae38ac32327cb75c2c8a1d551370141180ee:0x94 
0x6c07ae38ac32327cb75c2c8a1d551370141180ee:0x95 
0x6c07ae38ac32327cb75c2c8a1d551370141180ee:0x96 
0x6c07ae38ac32327cb75c2c8a1d551370141180ee:0x98 
0x6c07ae38ac32327cb75c2c8a1d551370141180ee:0x9d 
0x6c07ae38ac32327cb75c2c8a1d551370141180ee:0x9e 
0x6c07ae38ac32327cb75c2c8a1d551370141180ee:0x9f 
0x6c07ae38ac32327cb75c2c8a1d551370141180ee:0x56 
0x6c07ae38ac32327cb75c2c8a1d551370141180ee:0x57 
0x6c07ae38ac32327cb75c2c8a1d551370141180ee:0x58 
0x6c07ae38ac32327cb75c2c8a1d551370141180ee:0x59 
0x6c07ae38ac32327cb75c2c8a1d551370141180ee:0x5a 
0x6c07ae38ac32327cb75c2c8a1d551370141180ee:0x5b 
0x6c07ae38ac32327cb75c2c8a1d551370141180ee:0x79 
0x6c07ae38ac32327cb75c2c8a1d551370141180ee:0x7a 
0x6c07ae38ac32327cb75c2c8a1d551370141180ee:0x7b 
0x6c07ae38ac32327cb75c2c8a1d551370141180ee:0x7c 
0x6c07ae38ac32327cb75c2c8a1d551370141180ee:0x7d 
0x6c07ae38ac32327cb75c2c8a1d551370141180ee:0x7e 
0x6c07ae38ac32327cb75c2c8a1d551370141180ee:0x7f 
0x6c07ae38ac32327cb75c2c8a1d551370141180ee:0x80 
0x6c07ae38ac32327cb75c2c8a1d551370141180ee:0x81 
0x6c07ae38ac32327cb75c2c8a1d551370141180ee:0x33 
0x6c07ae38ac32327cb75c2c8a1d551370141180ee:0x34 
0x6c07ae38ac32327cb75c2c8a1d551370141180ee:0x36 
0x6c07ae38ac32327cb75c2c8a1d551370141180ee:0x39 
0x6c07ae38ac32327cb75c2c8a1d551370141180ee:0x3a 
0x6c07ae38ac32327cb75c2c8a1d551370141180ee:0x3c 
0x6c07ae38ac32327cb75c2c8a1d551370141180ee:0x3d 
0x6c07ae38ac32327cb75c2c8a1d551370141180ee:0x3e 
0x6c07ae38ac32327cb75c2c8a1d551370141180ee:0x3f 
0x6c07ae38ac32327cb75c2c8a1d551370141180ee:0x41 
0x6c07ae38ac32327cb75c2c8a1d551370141180ee:0x46 
0x6c07ae38ac32327cb75c2c8a1d551370141180ee:0x47 
0x6c07ae38ac32327cb75c2c8a1d551370141180ee:0x48 
0x6c07ae38ac32327cb75c2c8a1d551370141180ee:0x37 
0x6c07ae38ac32327cb75c2c8a1d551370141180ee:0x38 
