---
0xb256228fe631e72d102fd158a44fa965854ea34:0x0 *
0xb256228fe631e72d102fd158a44fa965854ea34:0x2 *
0xb256228fe631e72d102fd158a44fa965854ea34:0x4 *
0xb256228fe631e72d102fd158a44fa965854ea34:0x5 *
0xb256228fe631e72d102fd158a44fa965854ea34:0x6 *
0xb256228fe631e72d102fd158a44fa965854ea34:0x7 *
0xb256228fe631e72d102fd158a44fa965854ea34:0x8 *
0xb256228fe631e72d102fd158a44fa965854ea34:0xb *
0xb256228fe631e72d102fd158a44fa965854ea34:0x10 *
0xb256228fe631e72d102fd158a44fa965854ea34:0x11 *
0xb256228fe631e72d102fd158a44fa965854ea34:0x12 *
0xb256228fe631e72d102fd158a44fa965854ea34:0x14 *
0xb256228fe631e72d102fd158a44fa965854ea34:0x15 *
0xb256228fe631e72d102fd158a44fa965854ea34:0x18 *
0xb256228fe631e72d102fd158a44fa965854ea34:0x1a *
0xb256228fe631e72d102fd158a44fa965854ea34:0x1b *
0xb256228fe631e72d102fd158a44fa965854ea34:0x1d *
---
0xb256228fe631e72d102fd158a44fa965854ea34:0x0 
0xb256228fe631e72d102fd158a44fa965854ea34:0x2 
0xb256228fe631e72d102fd158a44fa965854ea34:0x4 
0xb256228fe631e72d102fd158a44fa965854ea34:0x5 
0xb256228fe631e72d102fd158a44fa965854ea34:0x7 
0xb256228fe631e72d102fd158a44fa965854ea34:0x8 
0xb256228fe631e72d102fd158a44fa965854ea34:0x9 
0xb256228fe631e72d102fd158a44fa965854ea34:0xb 
0xb256228fe631e72d102fd158a44fa965854ea34:0xc 
0xb256228fe631e72d102fd158a44fa965854ea34:0xe 
0xb256228fe631e72d102fd158a44fa965854ea34:0xf 
0xb256228fe631e72d102fd158a44fa965854ea34:0x11 
0xb256228fe631e72d102fd158a44fa965854ea34:0x12 
0xb256228fe631e72d102fd158a44fa965854ea34:0x13 
0xb256228fe631e72d102fd158a44fa965854ea34:0x18 
0xb256228fe631e72d102fd158a44fa965854ea34:0x19 
0xb256228fe631e72d102fd158a44fa965854ea34:0x1b 
0xb256228fe631e72d102fd158a44fa965854ea34:0x21 
0xb256228fe631e72d102fd158a44fa965854ea34:0x22 
0xb256228fe631e72d102fd158a44fa965854ea34:0x24 
0xb256228fe631e72d102fd158a44fa965854ea34:0x26 
0xb256228fe631e72d102fd158a44fa965854ea34:0x27 
0xb256228fe631e72d102fd158a44fa965854ea34:0x28 
0xb256228fe631e72d102fd158a44fa965854ea34:0x29 
0xb256228fe631e72d102fd158a44fa965854ea34:0x2a 
0xb256228fe631e72d102fd158a44fa965854ea34:0x2b 
0xb256228fe631e72d102fd158a44fa965854ea34:0x2c 
0xb256228fe631e72d102fd158a44fa965854ea34:0x2e 
0xb256228fe631e72d102fd158a44fa965854ea34:0x2f 
0xb256228fe631e72d102fd158a44fa965854ea34:0x30 
0xb256228fe631e72d102fd158a44fa965854ea34:0x32 
0xb256228fe631e72d102fd158a44fa965854ea34:0x5c 
0xb256228fe631e72d102fd158a44fa965854ea34:0x5d 
0xb256228fe631e72d102fd158a44fa965854ea34:0x5f 
0xb256228fe631e72d102fd158a44fa965854ea34:0x61 
0xb256228fe631e72d102fd158a44fa965854ea34:0x62 
0xb256228fe631e72d102fd158a44fa965854ea34:0x63 
0xb256228fe631e72d102fd158a44fa965854ea34:0x64 
0xb256228fe631e72d102fd158a44fa965854ea34:0x65 
0xb256228fe631e72d102fd158a44fa965854ea34:0x66 
0xb256228fe631e72d102fd158a44fa965854ea34:0x68 
0xb256228fe631e72d102fd158a44fa965854ea34:0x6d 
0xb256228fe631e72d102fd158a44fa965854ea34:0x6e 
0xb256228fe631e72d102fd158a44fa965854ea34:0x70 
0xb256228fe631e72d102fd158a44fa965854ea34:0x72 
0xb256228fe631e72d102fd158a44fa965854ea34:0x73 
0xb256228fe631e72d102fd158a44fa965854ea34:0x74 
0xb256228fe631e72d102fd158a44fa965854ea34:0x75 
0xb256228fe631e72d102fd158a44fa965854ea34:0x76 
0xb256228fe631e72d102fd158a44fa965854ea34:0x78 
0xb256228fe631e72d102fd158a44fa965854ea34:0x49 
0xb256228fe631e72d102fd158a44fa965854ea34:0x4a 
0xb256228fe631e72d102fd158a44fa965854ea34:0x4c 
0xb256228fe631e72d102fd158a44fa965854ea34:0x4d 
0xb256228fe631e72d102fd158a44fa965854ea34:0x4e 
0xb256228fe631e72d102fd158a44fa965854ea34:0x4f 
0xb256228fe631e72d102fd158a44fa965854ea34:0x50 
0xb256228fe631e72d102fd158a44fa965854ea34:0x52 
0xb256228fe631e72d102fd158a44fa965854ea34:0x53 
0xb256228fe631e72d102fd158a44fa965854ea34:0x55 
0xb256228fe631e72d102fd158a44fa965854ea34:0x8c 
0xb256228fe631e72d102fd158a44fa965854ea34:0x8d 
0xb256228fe631e72d102fd158a44fa965854ea34:0x8f 
0xb256228fe631e72d102fd158a44fa965854ea34:0x90 
0xb256228fe631e72d102fd158a44fa965854ea34:0x92 
0xb256228fe631e72d102fd158a44fa965854ea34:0x82 
0xb256228fe631e72d102fd158a44fa965854ea34:0x83 
0xb256228fe631e72d102fd158a44fa965854ea34:0x85 
0xb256228fe631e72d102fd158a44fa965854ea34:0x86 
0xb256228fe631e72d102fd158a44fa965854ea34:0x87 
0xb256228fe631e72d102fd158a44fa965854ea34:0x88 
0xb256228fe631e72d102fd158a44fa965854ea34:0x89 
0xb256228fe631e72d102fd158a44fa965854ea34:0x8a 
0xb256228fe631e72d102fd158a44fa965854ea34:0x8b 
0xb256228fe631e72d102fd158a44fa965854ea34:0x93 
0xb256228fe631e72d102fd158a44fa965854ea34:0x94 
0xb256228fe631e72d102fd158a44fa965854ea34:0x95 
0xb256228fe631e72d102fd158a44fa965854ea34:0x96 
0xb256228fe631e72d102fd158a44fa965854ea34:0x98 
0xb256228fe631e72d102fd158a44fa965854ea34:0x9d 
0xb256228fe631e72d102fd158a44fa965854ea34:0x9e 
0xb256228fe631e72d102fd158a44fa965854ea34:0x9f 
0xb256228fe631e72d102fd158a44fa965854ea34:0x56 
0xb256228fe631e72d102fd158a44fa965854ea34:0x57 
0xb256228fe631e72d102fd158a44fa965854ea34:0x58 
0xb256228fe631e72d102fd158a44fa965854ea34:0x59 
0xb256228fe631e72d102fd158a44fa965854ea34:0x5a 
0xb256228fe631e72d102fd158a44fa965854ea34:0x5b 
0xb256228fe631e72d102fd158a44fa965854ea34:0x79 
0xb256228fe631e72d102fd158a44fa965854ea34:0x7a 
0xb256228fe631e72d102fd158a44fa965854ea34:0x7b 
0xb256228fe631e72d102fd158a44fa965854ea34:0x7c 
0xb256228fe631e72d102fd158a44fa965854ea34:0x7d 
0xb256228fe631e72d102fd158a44fa965854ea34:0x7e 
0xb256228fe631e72d102fd158a44fa965854ea34:0x7f 
0xb256228fe631e72d102fd158a44fa965854ea34:0x80 
0xb256228fe631e72d102fd158a44fa965854ea34:0x81 
0xb256228fe631e72d102fd158a44fa965854ea34:0x33 
0xb256228fe631e72d102fd158a44fa965854ea34:0x34 
0xb256228fe631e72d102fd158a44fa965854ea34:0x36 
0xb256228fe631e72d102fd158a44fa965854ea34:0x39 
0xb256228fe631e72d102fd158a44fa965854ea34:0x3a 
0xb256228fe631e72d102fd158a44fa965854ea34:0x3c 
0xb256228fe631e72d102fd158a44fa965854ea34:0x3d 
0xb256228fe631e72d102fd158a44fa965854ea34:0x3e 
0xb256228fe631e72d102fd158a44fa965854ea34:0x3f 
0xb256228fe631e72d102fd158a44fa965854ea34:0x41 
0xb256228fe631e72d102fd158a44fa965854ea34:0x46 
0xb256228fe631e72d102fd158a44fa965854ea34:0x47 
0xb256228fe631e72d102fd158a44fa965854ea34:0x48 
0xb256228fe631e72d102fd158a44fa965854ea34:0x37 
0xb256228fe631e72d102fd158a44fa965854ea34:0x38 
