---
0xcc48f1106e8fcf3c4149bd1f8d69c2af367324d4:0x0 *
0xcc48f1106e8fcf3c4149bd1f8d69c2af367324d4:0x2 *
0xcc48f1106e8fcf3c4149bd1f8d69c2af367324d4:0x4 *
0xcc48f1106e8fcf3c4149bd1f8d69c2af367324d4:0x5 *
0xcc48f1106e8fcf3c4149bd1f8d69c2af367324d4:0x6 *
0xcc48f1106e8fcf3c4149bd1f8d69c2af367324d4:0x7 *
0xcc48f1106e8fcf3c4149bd1f8d69c2af367324d4:0x8 *
0xcc48f1106e8fcf3c4149bd1f8d69c2af367324d4:0xb *
0xcc48f1106e8fcf3c4149bd1f8d69c2af367324d4:0x10 *
0xcc48f1106e8fcf3c4149bd1f8d69c2af367324d4:0x11 *
0xcc48f1106e8fcf3c4149bd1f8d69c2af367324d4:0x12 *
0xcc48f1106e8fcf3c4149bd1f8d69c2af367324d4:0x14 *
0xcc48f1106e8fcf3c4149bd1f8d69c2af367324d4:0x15 *
0xcc48f1106e8fcf3c4149bd1f8d69c2af367324d4:0x18 *
0xcc48f1106e8fcf3c4149bd1f8d69c2af367324d4:0x1a *
0xcc48f1106e8fcf3c4149bd1f8d69c2af367324d4:0x1b *
0xcc48f1106e8fcf3c4149bd1f8d69c2af367324d4:0x1d *
---
0xcc48f1106e8fcf3c4149bd1f8d69c2af367324d4:0x0 
0xcc48f1106e8fcf3c4149bd1f8d69c2af367324d4:0x2 
0xcc48f1106e8fcf3c4149bd1f8d69c2af367324d4:0x4 
0xcc48f1106e8fcf3c4149bd1f8d69c2af367324d4:0x5 
0xcc48f1106e8fcf3c4149bd1f8d69c2af367324d4:0x7 
0xcc48f1106e8fcf3c4149bd1f8d69c2af367324d4:0x8 
0xcc48f1106e8fcf3c4149bd1f8d69c2af367324d4:0x9 
0xcc48f1106e8fcf3c4149bd1f8d69c2af367324d4:0xb 
0xcc48f1106e8fcf3c4149bd1f8d69c2af367324d4:0xc 
0xcc48f1106e8fcf3c4149bd1f8d69c2af367324d4:0xe 
0xcc48f1106e8fcf3c4149bd1f8d69c2af367324d4:0xf 
0xcc48f1106e8fcf3c4149bd1f8d69c2af367324d4:0x11 
0xcc48f1106e8fcf3c4149bd1f8d69c2af367324d4:0x12 
0xcc48f1106e8fcf3c4149bd1f8d69c2af367324d4:0x13 
0xcc48f1106e8fcf3c4149bd1f8d69c2af367324d4:0x18 
0xcc48f1106e8fcf3c4149bd1f8d69c2af367324d4:0x19 
0xcc48f1106e8fcf3c4149bd1f8d69c2af367324d4:0x1b 
0xcc48f1106e8fcf3c4149bd1f8d69c2af367324d4:0x21 
0xcc48f1106e8fcf3c4149bd1f8d69c2af367324d4:0x22 
0xcc48f1106e8fcf3c4149bd1f8d69c2af367324d4:0x24 
0xcc48f1106e8fcf3c4149bd1f8d69c2af367324d4:0x26 
0xcc48f1106e8fcf3c4149bd1f8d69c2af367324d4:0x27 
0xcc48f1106e8fcf3c4149bd1f8d69c2af367324d4:0x28 
0xcc48f1106e8fcf3c4149bd1f8d69c2af367324d4:0x29 
0xcc48f1106e8fcf3c4149bd1f8d69c2af367324d4:0x2a 
0xcc48f1106e8fcf3c4149bd1f8d69c2af367324d4:0x2b 
0xcc48f1106e8fcf3c4149bd1f8d69c2af367324d4:0x2c 
0xcc48f1106e8fcf3c4149bd1f8d69c2af367324d4:0x2e 
0xcc48f1106e8fcf3c4149bd1f8d69c2af367324d4:0x2f 
0xcc48f1106e8fcf3c4149bd1f8d69c2af367324d4:0x30 
0xcc48f1106e8fcf3c4149bd1f8d69c2af367324d4:0x32 
0xcc48f1106e8fcf3c4149bd1f8d69c2af367324d4:0x5c 
0xcc48f1106e8fcf3c4149bd1f8d69c2af367324d4:0x5d 
0xcc48f1106e8fcf3c4149bd1f8d69c2af367324d4:0x5f 
0xcc48f1106e8fcf3c4149bd1f8d69c2af367324d4:0x61 
0xcc48f1106e8fcf3c4149bd1f8d69c2af367324d4:0x62 
0xcc48f1106e8fcf3c4149bd1f8d69c2af367324d4:0x63 
0xcc48f1106e8fcf3c4149bd1f8d69c2af367324d4:0x64 
0xcc48f1106e8fcf3c4149bd1f8d69c2af367324d4:0x65 
0xcc48f1106e8fcf3c4149bd1f8d69c2af367324d4:0x66 
0xcc48f1106e8fcf3c4149bd1f8d69c2af367324d4:0x68 
0xcc48f1106e8fcf3c4149bd1f8d69c2af367324d4:0x6d 
0xcc48f1106e8fcf3c4149bd1f8d69c2af367324d4:0x6e 
0xcc48f1106e8fcf3c4149bd1f8d69c2af367324d4:0x70 
0xcc48f1106e8fcf3c4149bd1f8d69c2af367324d4:0x72 
0xcc48f1106e8fcf3c4149bd1f8d69c2af367324d4:0x73 
0xcc48f1106e8fcf3c4149bd1f8d69c2af367324d4:0x74 
0xcc48f1106e8fcf3c4149bd1f8d69c2af367324d4:0x75 
0xcc48f1106e8fcf3c4149bd1f8d69c2af367324d4:0x76 
0xcc48f1106e8fcf3c4149bd1f8d69c2af367324d4:0x78 
0xcc48f1106e8fcf3c4149bd1f8d69c2af367324d4:0x49 
0xcc48f1106e8fcf3c4149bd1f8d69c2af367324d4:0x4a 
0xcc48f1106e8fcf3c4149bd1f8d69c2af367324d4:0x4c 
0xcc48f1106e8fcf3c4149bd1f8d69c2af367324d4:0x4d 
0xcc48f1106e8fcf3c4149bd1f8d69c2af367324d4:0x4e 
0xcc48f1106e8fcf3c4149bd1f8d69c2af367324d4:0x4f 
0xcc48f1106e8fcf3c4149bd1f8d69c2af367324d4:0x50 
0xcc48f1106e8fcf3c4149bd1f8d69c2af367324d4:0x52 
0xcc48f1106e8fcf3c4149bd1f8d69c2af367324d4:0x53 
0xcc48f1106e8fcf3c4149bd1f8d69c2af367324d4:0x55 
0xcc48f1106e8fcf3c4149bd1f8d69c2af367324d4:0x8c 
0xcc48f1106e8fcf3c4149bd1f8d69c2af367324d4:0x8d 
0xcc48f1106e8fcf3c4149bd1f8d69c2af367324d4:0x8f 
0xcc48f1106e8fcf3c4149bd1f8d69c2af367324d4:0x90 
0xcc48f1106e8fcf3c4149bd1f8d69c2af367324d4:0x92 
0xcc48f1106e8fcf3c4149bd1f8d69c2af367324d4:0x82 
0xcc48f1106e8fcf3c4149bd1f8d69c2af367324d4:0x83 
0xcc48f1106e8fcf3c4149bd1f8d69c2af367324d4:0x85 
0xcc48f1106e8fcf3c4149bd1f8d69c2af367324d4:0x86 
0xcc48f1106e8fcf3c4149bd1f8d69c2af367324d4:0x87 
0xcc48f1106e8fcf3c4149bd1f8d69c2af367324d4:0x88 
0xcc48f1106e8fcf3c4149bd1f8d69c2af367324d4:0x89 
0xcc48f1106e8fcf3c4149bd1f8d69c2af367324d4:0x8a 
0xcc48f1106e8fcf3c4149bd1f8d69c2af367324d4:0x8b 
0xcc48f1106e8fcf3c4149bd1f8d69c2af367324d4:0x93 
0xcc48f1106e8fcf3c4149bd1f8d69c2af367324d4:0x94 
0xcc48f1106e8fcf3c4149bd1f8d69c2af367324d4:0x95 
0xcc48f1106e8fcf3c4149bd1f8d69c2af367324d4:0x96 
0xcc48f1106e8fcf3c4149bd1f8d69c2af367324d4:0x98 
0xcc48f1106e8fcf3c4149bd1f8d69c2af367324d4:0x9d 
0xcc48f1106e8fcf3c4149bd1f8d69c2af367324d4:0x9e 
0xcc48f1106e8fcf3c4149bd1f8d69c2af367324d4:0x9f 
0xcc48f1106e8fcf3c4149bd1f8d69c2af367324d4:0x56 
0xcc48f1106e8fcf3c4149bd1f8d69c2af367324d4:0x57 
0xcc48f1106e8fcf3c4149bd1f8d69c2af367324d4:0x58 
0xcc48f1106e8fcf3c4149bd1f8d69c2af367324d4:0x59 
0xcc48f1106e8fcf3c4149bd1f8d69c2af367324d4:0x5a 
0xcc48f1106e8fcf3c4149bd1f8d69c2af367324d4:0x5b 
0xcc48f1106e8fcf3c4149bd1f8d69c2af367324d4:0x79 
0xcc48f1106e8fcf3c4149bd1f8d69c2af367324d4:0x7a 
0xcc48f1106e8fcf3c4149bd1f8d69c2af367324d4:0x7b 
0xcc48f1106e8fcf3c4149bd1f8d69c2af367324d4:0x7c 
0xcc48f1106e8fcf3c4149bd1f8d69c2af367324d4:0x7d 
0xcc48f1106e8fcf3c4149bd1f8d69c2af367324d4:0x7e 
0xcc48f1106e8fcf3c4149bd1f8d69c2af367324d4:0x7f 
0xcc48f1106e8fcf3c4149bd1f8d69c2af367324d4:0x80 
0xcc48f1106e8fcf3c4149bd1f8d69c2af367324d4:0x81 
0xcc48f1106e8fcf3c4149bd1f8d69c2af367324d4:0x33 
0xcc48f1106e8fcf3c4149bd1f8d69c2af367324d4:0x34 
0xcc48f1106e8fcf3c4149bd1f8d69c2af367324d4:0x36 
0xcc48f1106e8fcf3c4149bd1f8d69c2af367324d4:0x39 
0xcc48f1106e8fcf3c4149bd1f8d69c2af367324d4:0x3a 
0xcc48f1106e8fcf3c4149bd1f8d69c2af367324d4:0x3c 
0xcc48f1106e8fcf3c4149bd1f8d69c2af367324d4:0x3d 
0xcc48f1106e8fcf3c4149bd1f8d69c2af367324d4:0x3e 
0xcc48f1106e8fcf3c4149bd1f8d69c2af367324d4:0x3f 
0xcc48f1106e8fcf3c4149bd1f8d69c2af367324d4:0x41 
0xcc48f1106e8fcf3c4149bd1f8d69c2af367324d4:0x46 
0xcc48f1106e8fcf3c4149bd1f8d69c2af367324d4:0x47 
0xcc48f1106e8fcf3c4149bd1f8d69c2af367324d4:0x48 
0xcc48f1106e8fcf3c4149bd1f8d69c2af367324d4:0x37 
0xcc48f1106e8fcf3c4149bd1f8d69c2af367324d4:0x38 
