---
0xb256228fe631e72d102fd158a44fa965854ea34:0x0 *
0xb256228fe631e72d102fd158a44fa965854ea34:0x2 *
0xb256228fe631e72d102fd158a44fa965854ea34:0x4 *
0xb256228fe631e72d102fd158a44fa965854ea34:0x5 *
0xb256228fe631e72d102fd158a44fa965854ea34:0x6 *
0xb256228fe631e72d102fd158a44fa965854ea34:0x7 *
0xb256228fe631e72d102fd158a44fa965854ea34:0x8 *
0xb256228fe631e72d102fd158a44fa965854ea34:0xb *
0xb256228fe631e72d102fd158a44fa965854ea34:0x10 *
0xb256228fe631e72d102fd158a44fa965854ea34:0x11 *
0xb256228fe631e72d102fd158a44fa965854ea34:0x12 *
0xb256228fe631e72d102fd158a44fa965854ea34:0x13 *
0xb256228fe631e72d102fd158a44fa965854ea34:0x15 *
0xb256228fe631e72d102fd158a44fa965854ea34:0x16 *
0xb256228fe631e72d102fd158a44fa965854ea34:0x19 *
0xb256228fe631e72d102fd158a44fa965854ea34:0x1a *
0xb256228fe631e72d102fd158a44fa965854ea34:0x1b *
0xb256228fe631e72d102fd158a44fa965854ea34:0x1c *
0xb256228fe631e72d102fd158a44fa965854ea34:0x1d *
0xb256228fe631e72d102fd158a44fa965854ea34:0x32 *
0xb256228fe631e72d102fd158a44fa965854ea34:0x33 *
0xb256228fe631e72d102fd158a44fa965854ea34:0x34 *
0xb256228fe631e72d102fd158a44fa965854ea34:0x35 *
0xb256228fe631e72d102fd158a44fa965854ea34:0x36 *
0xb256228fe631e72d102fd158a44fa965854ea34:0x37 *
0xb256228fe631e72d102fd158a44fa965854ea34:0x4c *
0xb256228fe631e72d102fd158a44fa965854ea34:0x4d *
0xb256228fe631e72d102fd158a44fa965854ea34:0x4e *
0xb256228fe631e72d102fd158a44fa965854ea34:0x4f *
0xb256228fe631e72d102fd158a44fa965854ea34:0x50 *
0xb256228fe631e72d102fd158a44fa965854ea34:0x51 *
0xb256228fe631e72d102fd158a44fa965854ea34:0x52 *
0xb256228fe631e72d102fd158a44fa965854ea34:0x55 *
0xb256228fe631e72d102fd158a44fa965854ea34:0x56 *
0xb256228fe631e72d102fd158a44fa965854ea34:0x59 *
0xb256228fe631e72d102fd158a44fa965854ea34:0x5b *
0xb256228fe631e72d102fd158a44fa965854ea34:0x5c *
0xb256228fe631e72d102fd158a44fa965854ea34:0x5e *
---
0xb256228fe631e72d102fd158a44fa965854ea34:0x0 
0xb256228fe631e72d102fd158a44fa965854ea34:0x2 
0xb256228fe631e72d102fd158a44fa965854ea34:0x4 
0xb256228fe631e72d102fd158a44fa965854ea34:0x5 
0xb256228fe631e72d102fd158a44fa965854ea34:0x7 
0xb256228fe631e72d102fd158a44fa965854ea34:0x8 
0xb256228fe631e72d102fd158a44fa965854ea34:0x9 
0xb256228fe631e72d102fd158a44fa965854ea34:0xc 
0xb256228fe631e72d102fd158a44fa965854ea34:0xd 
0xb256228fe631e72d102fd158a44fa965854ea34:0xf 
0xb256228fe631e72d102fd158a44fa965854ea34:0x10 
0xb256228fe631e72d102fd158a44fa965854ea34:0x12 
0xb256228fe631e72d102fd158a44fa965854ea34:0x13 
0xb256228fe631e72d102fd158a44fa965854ea34:0x14 
0xb256228fe631e72d102fd158a44fa965854ea34:0x19 
0xb256228fe631e72d102fd158a44fa965854ea34:0x1a 
0xb256228fe631e72d102fd158a44fa965854ea34:0x1d 
0xb256228fe631e72d102fd158a44fa965854ea34:0x1e 
0xb256228fe631e72d102fd158a44fa965854ea34:0x1f 
0xb256228fe631e72d102fd158a44fa965854ea34:0x24 
0xb256228fe631e72d102fd158a44fa965854ea34:0x25 
0xb256228fe631e72d102fd158a44fa965854ea34:0x28 
0xb256228fe631e72d102fd158a44fa965854ea34:0x29 
0xb256228fe631e72d102fd158a44fa965854ea34:0x2a 
0xb256228fe631e72d102fd158a44fa965854ea34:0x2f 
0xb256228fe631e72d102fd158a44fa965854ea34:0x30 
0xb256228fe631e72d102fd158a44fa965854ea34:0x33 
0xb256228fe631e72d102fd158a44fa965854ea34:0x34 
0xb256228fe631e72d102fd158a44fa965854ea34:0x35 
0xb256228fe631e72d102fd158a44fa965854ea34:0x3a 
0xb256228fe631e72d102fd158a44fa965854ea34:0x3b 
0xb256228fe631e72d102fd158a44fa965854ea34:0x3e 
0xb256228fe631e72d102fd158a44fa965854ea34:0xaf 
0xb256228fe631e72d102fd158a44fa965854ea34:0xb0 
0xb256228fe631e72d102fd158a44fa965854ea34:0xb3 
0xb256228fe631e72d102fd158a44fa965854ea34:0xb6 
0xb256228fe631e72d102fd158a44fa965854ea34:0x1c1 
0xb256228fe631e72d102fd158a44fa965854ea34:0x1c2 
0xb256228fe631e72d102fd158a44fa965854ea34:0xb7 
0xb256228fe631e72d102fd158a44fa965854ea34:0xb8 
---
0xb256228fe631e72d102fd158a44fa965854ea34:0x0 
0xb256228fe631e72d102fd158a44fa965854ea34:0x2 
0xb256228fe631e72d102fd158a44fa965854ea34:0x4 
0xb256228fe631e72d102fd158a44fa965854ea34:0x5 
0xb256228fe631e72d102fd158a44fa965854ea34:0x7 
0xb256228fe631e72d102fd158a44fa965854ea34:0x8 
0xb256228fe631e72d102fd158a44fa965854ea34:0x9 
0xb256228fe631e72d102fd158a44fa965854ea34:0xc 
0xb256228fe631e72d102fd158a44fa965854ea34:0xd 
0xb256228fe631e72d102fd158a44fa965854ea34:0xf 
0xb256228fe631e72d102fd158a44fa965854ea34:0x10 
0xb256228fe631e72d102fd158a44fa965854ea34:0x12 
0xb256228fe631e72d102fd158a44fa965854ea34:0x13 
0xb256228fe631e72d102fd158a44fa965854ea34:0x14 
0xb256228fe631e72d102fd158a44fa965854ea34:0x19 
0xb256228fe631e72d102fd158a44fa965854ea34:0x1a 
0xb256228fe631e72d102fd158a44fa965854ea34:0x1d 
0xb256228fe631e72d102fd158a44fa965854ea34:0x1e 
0xb256228fe631e72d102fd158a44fa965854ea34:0x1f 
0xb256228fe631e72d102fd158a44fa965854ea34:0x24 
0xb256228fe631e72d102fd158a44fa965854ea34:0x25 
0xb256228fe631e72d102fd158a44fa965854ea34:0x28 
0xb256228fe631e72d102fd158a44fa965854ea34:0x29 
0xb256228fe631e72d102fd158a44fa965854ea34:0x2a 
0xb256228fe631e72d102fd158a44fa965854ea34:0x2f 
0xb256228fe631e72d102fd158a44fa965854ea34:0x30 
0xb256228fe631e72d102fd158a44fa965854ea34:0x33 
0xb256228fe631e72d102fd158a44fa965854ea34:0x86 
0xb256228fe631e72d102fd158a44fa965854ea34:0x87 
0xb256228fe631e72d102fd158a44fa965854ea34:0x88 
0xb256228fe631e72d102fd158a44fa965854ea34:0x89 
0xb256228fe631e72d102fd158a44fa965854ea34:0x8a 
0xb256228fe631e72d102fd158a44fa965854ea34:0x8d 
0xb256228fe631e72d102fd158a44fa965854ea34:0x92 
0xb256228fe631e72d102fd158a44fa965854ea34:0x93 
0xb256228fe631e72d102fd158a44fa965854ea34:0x94 
0xb256228fe631e72d102fd158a44fa965854ea34:0x97 
0xb256228fe631e72d102fd158a44fa965854ea34:0x99 
0xb256228fe631e72d102fd158a44fa965854ea34:0x9a 
0xb256228fe631e72d102fd158a44fa965854ea34:0x9b 
0xb256228fe631e72d102fd158a44fa965854ea34:0x9c 
0xb256228fe631e72d102fd158a44fa965854ea34:0x9d 
0xb256228fe631e72d102fd158a44fa965854ea34:0x9e 
0xb256228fe631e72d102fd158a44fa965854ea34:0x9f 
0xb256228fe631e72d102fd158a44fa965854ea34:0xa2 
0xb256228fe631e72d102fd158a44fa965854ea34:0xa3 
0xb256228fe631e72d102fd158a44fa965854ea34:0xa4 
0xb256228fe631e72d102fd158a44fa965854ea34:0xa7 
0xb256228fe631e72d102fd158a44fa965854ea34:0x1d8 
0xb256228fe631e72d102fd158a44fa965854ea34:0x1d9 
0xb256228fe631e72d102fd158a44fa965854ea34:0x1db 
0xb256228fe631e72d102fd158a44fa965854ea34:0x1dd 
0xb256228fe631e72d102fd158a44fa965854ea34:0x1de 
0xb256228fe631e72d102fd158a44fa965854ea34:0x1df 
0xb256228fe631e72d102fd158a44fa965854ea34:0x1e0 
0xb256228fe631e72d102fd158a44fa965854ea34:0x1e1 
0xb256228fe631e72d102fd158a44fa965854ea34:0x1e2 
0xb256228fe631e72d102fd158a44fa965854ea34:0x1e5 
0xb256228fe631e72d102fd158a44fa965854ea34:0x1ea 
0xb256228fe631e72d102fd158a44fa965854ea34:0x1eb 
0xb256228fe631e72d102fd158a44fa965854ea34:0x1ed 
0xb256228fe631e72d102fd158a44fa965854ea34:0x1f0 
0xb256228fe631e72d102fd158a44fa965854ea34:0x1f1 
0xb256228fe631e72d102fd158a44fa965854ea34:0x1f2 
0xb256228fe631e72d102fd158a44fa965854ea34:0x1f3 
0xb256228fe631e72d102fd158a44fa965854ea34:0x1f4 
0xb256228fe631e72d102fd158a44fa965854ea34:0x1f7 
0xb256228fe631e72d102fd158a44fa965854ea34:0x1c3 
0xb256228fe631e72d102fd158a44fa965854ea34:0x1c4 
0xb256228fe631e72d102fd158a44fa965854ea34:0x1c6 
0xb256228fe631e72d102fd158a44fa965854ea34:0x1c7 
0xb256228fe631e72d102fd158a44fa965854ea34:0x1c8 
0xb256228fe631e72d102fd158a44fa965854ea34:0x1c9 
0xb256228fe631e72d102fd158a44fa965854ea34:0x1ca 
0xb256228fe631e72d102fd158a44fa965854ea34:0x1cd 
0xb256228fe631e72d102fd158a44fa965854ea34:0x1ce 
0xb256228fe631e72d102fd158a44fa965854ea34:0x1d1 
0xb256228fe631e72d102fd158a44fa965854ea34:0x25d 
0xb256228fe631e72d102fd158a44fa965854ea34:0x25e 
0xb256228fe631e72d102fd158a44fa965854ea34:0x261 
0xb256228fe631e72d102fd158a44fa965854ea34:0x262 
0xb256228fe631e72d102fd158a44fa965854ea34:0x265 
0xb256228fe631e72d102fd158a44fa965854ea34:0x22b 
0xb256228fe631e72d102fd158a44fa965854ea34:0x22c 
0xb256228fe631e72d102fd158a44fa965854ea34:0x22e 
0xb256228fe631e72d102fd158a44fa965854ea34:0x231 
0xb256228fe631e72d102fd158a44fa965854ea34:0x232 
0xb256228fe631e72d102fd158a44fa965854ea34:0x235 
0xb256228fe631e72d102fd158a44fa965854ea34:0x23d 
0xb256228fe631e72d102fd158a44fa965854ea34:0x23e 
0xb256228fe631e72d102fd158a44fa965854ea34:0x240 
0xb256228fe631e72d102fd158a44fa965854ea34:0x255 
0xb256228fe631e72d102fd158a44fa965854ea34:0x256 
0xb256228fe631e72d102fd158a44fa965854ea34:0x257 
0xb256228fe631e72d102fd158a44fa965854ea34:0x258 
0xb256228fe631e72d102fd158a44fa965854ea34:0x259 
0xb256228fe631e72d102fd158a44fa965854ea34:0x25a 
0xb256228fe631e72d102fd158a44fa965854ea34:0x25b 
0xb256228fe631e72d102fd158a44fa965854ea34:0x25c 
0xb256228fe631e72d102fd158a44fa965854ea34:0x236 
0xb256228fe631e72d102fd158a44fa965854ea34:0x237 
0xb256228fe631e72d102fd158a44fa965854ea34:0x238 
0xb256228fe631e72d102fd158a44fa965854ea34:0x239 
0xb256228fe631e72d102fd158a44fa965854ea34:0x23a 
0xb256228fe631e72d102fd158a44fa965854ea34:0x23b 
0xb256228fe631e72d102fd158a44fa965854ea34:0x23c 
0xb256228fe631e72d102fd158a44fa965854ea34:0x266 
0xb256228fe631e72d102fd158a44fa965854ea34:0x267 
0xb256228fe631e72d102fd158a44fa965854ea34:0x268 
0xb256228fe631e72d102fd158a44fa965854ea34:0x269 
0xb256228fe631e72d102fd158a44fa965854ea34:0x26c 
0xb256228fe631e72d102fd158a44fa965854ea34:0x271 
0xb256228fe631e72d102fd158a44fa965854ea34:0x272 
0xb256228fe631e72d102fd158a44fa965854ea34:0x273 
0xb256228fe631e72d102fd158a44fa965854ea34:0x1d2 
0xb256228fe631e72d102fd158a44fa965854ea34:0x1d3 
0xb256228fe631e72d102fd158a44fa965854ea34:0x1d4 
0xb256228fe631e72d102fd158a44fa965854ea34:0x1d5 
0xb256228fe631e72d102fd158a44fa965854ea34:0x1d6 
0xb256228fe631e72d102fd158a44fa965854ea34:0x1d7 
0xb256228fe631e72d102fd158a44fa965854ea34:0x1f8 
0xb256228fe631e72d102fd158a44fa965854ea34:0x1f9 
0xb256228fe631e72d102fd158a44fa965854ea34:0x1fa 
0xb256228fe631e72d102fd158a44fa965854ea34:0x1fb 
0xb256228fe631e72d102fd158a44fa965854ea34:0x1fc 
0xb256228fe631e72d102fd158a44fa965854ea34:0x1fd 
0xb256228fe631e72d102fd158a44fa965854ea34:0x1fe 
0xb256228fe631e72d102fd158a44fa965854ea34:0x1ff 
0xb256228fe631e72d102fd158a44fa965854ea34:0x200 
0xb256228fe631e72d102fd158a44fa965854ea34:0xa8 
0xb256228fe631e72d102fd158a44fa965854ea34:0xa9 
0xb256228fe631e72d102fd158a44fa965854ea34:0xac 
0xb256228fe631e72d102fd158a44fa965854ea34:0x17e 
0xb256228fe631e72d102fd158a44fa965854ea34:0x17f 
0xb256228fe631e72d102fd158a44fa965854ea34:0x180 
0xb256228fe631e72d102fd158a44fa965854ea34:0x182 
0xb256228fe631e72d102fd158a44fa965854ea34:0x183 
0xb256228fe631e72d102fd158a44fa965854ea34:0x186 
0xb256228fe631e72d102fd158a44fa965854ea34:0x187 
0xb256228fe631e72d102fd158a44fa965854ea34:0x188 
0xb256228fe631e72d102fd158a44fa965854ea34:0x189 
0xb256228fe631e72d102fd158a44fa965854ea34:0x18a 
0xb256228fe631e72d102fd158a44fa965854ea34:0x19f 
0xb256228fe631e72d102fd158a44fa965854ea34:0x1a0 
0xb256228fe631e72d102fd158a44fa965854ea34:0x1a1 
0xb256228fe631e72d102fd158a44fa965854ea34:0x1a2 
0xb256228fe631e72d102fd158a44fa965854ea34:0x1a3 
0xb256228fe631e72d102fd158a44fa965854ea34:0x1a4 
0xb256228fe631e72d102fd158a44fa965854ea34:0x1b9 
0xb256228fe631e72d102fd158a44fa965854ea34:0x1ba 
0xb256228fe631e72d102fd158a44fa965854ea34:0x1bb 
0xb256228fe631e72d102fd158a44fa965854ea34:0x1bc 
0xb256228fe631e72d102fd158a44fa965854ea34:0x1bd 
0xb256228fe631e72d102fd158a44fa965854ea34:0x1be 
0xb256228fe631e72d102fd158a44fa965854ea34:0x1bf 
0xb256228fe631e72d102fd158a44fa965854ea34:0x1c0 
0xb256228fe631e72d102fd158a44fa965854ea34:0xad 
0xb256228fe631e72d102fd158a44fa965854ea34:0xae 
---
0xb256228fe631e72d102fd158a44fa965854ea34:0x0 
0xb256228fe631e72d102fd158a44fa965854ea34:0x2 
0xb256228fe631e72d102fd158a44fa965854ea34:0x4 
0xb256228fe631e72d102fd158a44fa965854ea34:0x5 
0xb256228fe631e72d102fd158a44fa965854ea34:0x7 
0xb256228fe631e72d102fd158a44fa965854ea34:0x8 
0xb256228fe631e72d102fd158a44fa965854ea34:0x9 
0xb256228fe631e72d102fd158a44fa965854ea34:0xc 
0xb256228fe631e72d102fd158a44fa965854ea34:0xd 
0xb256228fe631e72d102fd158a44fa965854ea34:0xf 
0xb256228fe631e72d102fd158a44fa965854ea34:0x10 
0xb256228fe631e72d102fd158a44fa965854ea34:0x12 
0xb256228fe631e72d102fd158a44fa965854ea34:0x13 
0xb256228fe631e72d102fd158a44fa965854ea34:0x14 
0xb256228fe631e72d102fd158a44fa965854ea34:0x19 
0xb256228fe631e72d102fd158a44fa965854ea34:0x1a 
0xb256228fe631e72d102fd158a44fa965854ea34:0x1d 
0xb256228fe631e72d102fd158a44fa965854ea34:0x44 
0xb256228fe631e72d102fd158a44fa965854ea34:0x45 
0xb256228fe631e72d102fd158a44fa965854ea34:0x46 
0xb256228fe631e72d102fd158a44fa965854ea34:0x47 
0xb256228fe631e72d102fd158a44fa965854ea34:0x48 
0xb256228fe631e72d102fd158a44fa965854ea34:0x4b 
0xb256228fe631e72d102fd158a44fa965854ea34:0x50 
0xb256228fe631e72d102fd158a44fa965854ea34:0x51 
0xb256228fe631e72d102fd158a44fa965854ea34:0x52 
0xb256228fe631e72d102fd158a44fa965854ea34:0x55 
0xb256228fe631e72d102fd158a44fa965854ea34:0x58 
0xb256228fe631e72d102fd158a44fa965854ea34:0xb9 
0xb256228fe631e72d102fd158a44fa965854ea34:0xba 
0xb256228fe631e72d102fd158a44fa965854ea34:0xbc 
0xb256228fe631e72d102fd158a44fa965854ea34:0xbd 
0xb256228fe631e72d102fd158a44fa965854ea34:0xbe 
0xb256228fe631e72d102fd158a44fa965854ea34:0xbf 
0xb256228fe631e72d102fd158a44fa965854ea34:0xc2 
0xb256228fe631e72d102fd158a44fa965854ea34:0xc3 
0xb256228fe631e72d102fd158a44fa965854ea34:0xc4 
0xb256228fe631e72d102fd158a44fa965854ea34:0xc5 
0xb256228fe631e72d102fd158a44fa965854ea34:0xda 
0xb256228fe631e72d102fd158a44fa965854ea34:0xdb 
0xb256228fe631e72d102fd158a44fa965854ea34:0xf0 
0xb256228fe631e72d102fd158a44fa965854ea34:0xf1 
0xb256228fe631e72d102fd158a44fa965854ea34:0xf2 
0xb256228fe631e72d102fd158a44fa965854ea34:0x107 
0xb256228fe631e72d102fd158a44fa965854ea34:0x108 
0xb256228fe631e72d102fd158a44fa965854ea34:0x109 
0xb256228fe631e72d102fd158a44fa965854ea34:0x10c 
0xb256228fe631e72d102fd158a44fa965854ea34:0x111 
0xb256228fe631e72d102fd158a44fa965854ea34:0x112 
0xb256228fe631e72d102fd158a44fa965854ea34:0x113 
0xb256228fe631e72d102fd158a44fa965854ea34:0x128 
0xb256228fe631e72d102fd158a44fa965854ea34:0x129 
0xb256228fe631e72d102fd158a44fa965854ea34:0x12c 
0xb256228fe631e72d102fd158a44fa965854ea34:0x12d 
0xb256228fe631e72d102fd158a44fa965854ea34:0x12e 
0xb256228fe631e72d102fd158a44fa965854ea34:0x12f 
0xb256228fe631e72d102fd158a44fa965854ea34:0x130 
0xb256228fe631e72d102fd158a44fa965854ea34:0x131 
0xb256228fe631e72d102fd158a44fa965854ea34:0x132 
0xb256228fe631e72d102fd158a44fa965854ea34:0x134 
0xb256228fe631e72d102fd158a44fa965854ea34:0x135 
0xb256228fe631e72d102fd158a44fa965854ea34:0x137 
0xb256228fe631e72d102fd158a44fa965854ea34:0x139 
0xb256228fe631e72d102fd158a44fa965854ea34:0x13a 
0xb256228fe631e72d102fd158a44fa965854ea34:0x13b 
0xb256228fe631e72d102fd158a44fa965854ea34:0x13c 
0xb256228fe631e72d102fd158a44fa965854ea34:0x13d 
0xb256228fe631e72d102fd158a44fa965854ea34:0x13e 
0xb256228fe631e72d102fd158a44fa965854ea34:0x13f 
0xb256228fe631e72d102fd158a44fa965854ea34:0x140 
---
0xb079cab572d54a14b0ea2bf479c5488b45f16ee7:0x0 
0xb256228fe631e72d102fd158a44fa965854ea34:0x141 
0xb256228fe631e72d102fd158a44fa965854ea34:0x142 
0xb256228fe631e72d102fd158a44fa965854ea34:0x143 
0xb256228fe631e72d102fd158a44fa965854ea34:0x144 
0xb256228fe631e72d102fd158a44fa965854ea34:0x145 
0xb256228fe631e72d102fd158a44fa965854ea34:0x146 
0xb256228fe631e72d102fd158a44fa965854ea34:0x147 
0xb256228fe631e72d102fd158a44fa965854ea34:0x148 
0xb256228fe631e72d102fd158a44fa965854ea34:0x149 
0xb256228fe631e72d102fd158a44fa965854ea34:0x14a 
0xb256228fe631e72d102fd158a44fa965854ea34:0x14d 
0xb256228fe631e72d102fd158a44fa965854ea34:0x157 
0xb256228fe631e72d102fd158a44fa965854ea34:0x158 
0xb256228fe631e72d102fd158a44fa965854ea34:0x159 
0xb256228fe631e72d102fd158a44fa965854ea34:0x59 
0xb256228fe631e72d102fd158a44fa965854ea34:0x5a 
