---
0xe82c6be23a69e084cb2b7ada2f6bc86aecff45bd:0x0 *
0xe82c6be23a69e084cb2b7ada2f6bc86aecff45bd:0x2 *
0xe82c6be23a69e084cb2b7ada2f6bc86aecff45bd:0x4 *
0xe82c6be23a69e084cb2b7ada2f6bc86aecff45bd:0x5 *
0xe82c6be23a69e084cb2b7ada2f6bc86aecff45bd:0x6 *
0xe82c6be23a69e084cb2b7ada2f6bc86aecff45bd:0x7 *
0xe82c6be23a69e084cb2b7ada2f6bc86aecff45bd:0x8 *
0xe82c6be23a69e084cb2b7ada2f6bc86aecff45bd:0xb *
0xe82c6be23a69e084cb2b7ada2f6bc86aecff45bd:0x10 *
0xe82c6be23a69e084cb2b7ada2f6bc86aecff45bd:0x11 *
0xe82c6be23a69e084cb2b7ada2f6bc86aecff45bd:0x12 *
0xe82c6be23a69e084cb2b7ada2f6bc86aecff45bd:0x14 *
0xe82c6be23a69e084cb2b7ada2f6bc86aecff45bd:0x15 *
0xe82c6be23a69e084cb2b7ada2f6bc86aecff45bd:0x18 *
0xe82c6be23a69e084cb2b7ada2f6bc86aecff45bd:0x1a *
0xe82c6be23a69e084cb2b7ada2f6bc86aecff45bd:0x1b *
0xe82c6be23a69e084cb2b7ada2f6bc86aecff45bd:0x1d *
---
0xe82c6be23a69e084cb2b7ada2f6bc86aecff45bd:0x0 
0xe82c6be23a69e084cb2b7ada2f6bc86aecff45bd:0x2 
0xe82c6be23a69e084cb2b7ada2f6bc86aecff45bd:0x4 
0xe82c6be23a69e084cb2b7ada2f6bc86aecff45bd:0x5 
0xe82c6be23a69e084cb2b7ada2f6bc86aecff45bd:0x7 
0xe82c6be23a69e084cb2b7ada2f6bc86aecff45bd:0x8 
0xe82c6be23a69e084cb2b7ada2f6bc86aecff45bd:0x9 
0xe82c6be23a69e084cb2b7ada2f6bc86aecff45bd:0xb 
0xe82c6be23a69e084cb2b7ada2f6bc86aecff45bd:0xc 
0xe82c6be23a69e084cb2b7ada2f6bc86aecff45bd:0xe 
0xe82c6be23a69e084cb2b7ada2f6bc86aecff45bd:0xf 
0xe82c6be23a69e084cb2b7ada2f6bc86aecff45bd:0x11 
0xe82c6be23a69e084cb2b7ada2f6bc86aecff45bd:0x12 
0xe82c6be23a69e084cb2b7ada2f6bc86aecff45bd:0x13 
0xe82c6be23a69e084cb2b7ada2f6bc86aecff45bd:0x18 
0xe82c6be23a69e084cb2b7ada2f6bc86aecff45bd:0x19 
0xe82c6be23a69e084cb2b7ada2f6bc86aecff45bd:0x1b 
0xe82c6be23a69e084cb2b7ada2f6bc86aecff45bd:0x21 
0xe82c6be23a69e084cb2b7ada2f6bc86aecff45bd:0x22 
0xe82c6be23a69e084cb2b7ada2f6bc86aecff45bd:0x24 
0xe82c6be23a69e084cb2b7ada2f6bc86aecff45bd:0x26 
0xe82c6be23a69e084cb2b7ada2f6bc86aecff45bd:0x27 
0xe82c6be23a69e084cb2b7ada2f6bc86aecff45bd:0x28 
0xe82c6be23a69e084cb2b7ada2f6bc86aecff45bd:0x29 
0xe82c6be23a69e084cb2b7ada2f6bc86aecff45bd:0x2a 
0xe82c6be23a69e084cb2b7ada2f6bc86aecff45bd:0x2b 
0xe82c6be23a69e084cb2b7ada2f6bc86aecff45bd:0x2c 
0xe82c6be23a69e084cb2b7ada2f6bc86aecff45bd:0x2e 
0xe82c6be23a69e084cb2b7ada2f6bc86aecff45bd:0x2f 
0xe82c6be23a69e084cb2b7ada2f6bc86aecff45bd:0x30 
0xe82c6be23a69e084cb2b7ada2f6bc86aecff45bd:0x32 
0xe82c6be23a69e084cb2b7ada2f6bc86aecff45bd:0x5c 
0xe82c6be23a69e084cb2b7ada2f6bc86aecff45bd:0x5d 
0xe82c6be23a69e084cb2b7ada2f6bc86aecff45bd:0x5f 
0xe82c6be23a69e084cb2b7ada2f6bc86aecff45bd:0x61 
0xe82c6be23a69e084cb2b7ada2f6bc86aecff45bd:0x62 
0xe82c6be23a69e084cb2b7ada2f6bc86aecff45bd:0x63 
0xe82c6be23a69e084cb2b7ada2f6bc86aecff45bd:0x64 
0xe82c6be23a69e084cb2b7ada2f6bc86aecff45bd:0x65 
0xe82c6be23a69e084cb2b7ada2f6bc86aecff45bd:0x66 
0xe82c6be23a69e084cb2b7ada2f6bc86aecff45bd:0x68 
0xe82c6be23a69e084cb2b7ada2f6bc86aecff45bd:0x6d 
0xe82c6be23a69e084cb2b7ada2f6bc86aecff45bd:0x6e 
0xe82c6be23a69e084cb2b7ada2f6bc86aecff45bd:0x70 
0xe82c6be23a69e084cb2b7ada2f6bc86aecff45bd:0x72 
0xe82c6be23a69e084cb2b7ada2f6bc86aecff45bd:0x73 
0xe82c6be23a69e084cb2b7ada2f6bc86aecff45bd:0x74 
0xe82c6be23a69e084cb2b7ada2f6bc86aecff45bd:0x75 
0xe82c6be23a69e084cb2b7ada2f6bc86aecff45bd:0x76 
0xe82c6be23a69e084cb2b7ada2f6bc86aecff45bd:0x78 
0xe82c6be23a69e084cb2b7ada2f6bc86aecff45bd:0x49 
0xe82c6be23a69e084cb2b7ada2f6bc86aecff45bd:0x4a 
0xe82c6be23a69e084cb2b7ada2f6bc86aecff45bd:0x4c 
0xe82c6be23a69e084cb2b7ada2f6bc86aecff45bd:0x4d 
0xe82c6be23a69e084cb2b7ada2f6bc86aecff45bd:0x4e 
0xe82c6be23a69e084cb2b7ada2f6bc86aecff45bd:0x4f 
0xe82c6be23a69e084cb2b7ada2f6bc86aecff45bd:0x50 
0xe82c6be23a69e084cb2b7ada2f6bc86aecff45bd:0x52 
0xe82c6be23a69e084cb2b7ada2f6bc86aecff45bd:0x53 
0xe82c6be23a69e084cb2b7ada2f6bc86aecff45bd:0x55 
0xe82c6be23a69e084cb2b7ada2f6bc86aecff45bd:0x8c 
0xe82c6be23a69e084cb2b7ada2f6bc86aecff45bd:0x8d 
0xe82c6be23a69e084cb2b7ada2f6bc86aecff45bd:0x8f 
0xe82c6be23a69e084cb2b7ada2f6bc86aecff45bd:0x90 
0xe82c6be23a69e084cb2b7ada2f6bc86aecff45bd:0x92 
0xe82c6be23a69e084cb2b7ada2f6bc86aecff45bd:0x82 
0xe82c6be23a69e084cb2b7ada2f6bc86aecff45bd:0x83 
0xe82c6be23a69e084cb2b7ada2f6bc86aecff45bd:0x85 
0xe82c6be23a69e084cb2b7ada2f6bc86aecff45bd:0x86 
0xe82c6be23a69e084cb2b7ada2f6bc86aecff45bd:0x87 
0xe82c6be23a69e084cb2b7ada2f6bc86aecff45bd:0x88 
0xe82c6be23a69e084cb2b7ada2f6bc86aecff45bd:0x89 
0xe82c6be23a69e084cb2b7ada2f6bc86aecff45bd:0x8a 
0xe82c6be23a69e084cb2b7ada2f6bc86aecff45bd:0x8b 
0xe82c6be23a69e084cb2b7ada2f6bc86aecff45bd:0x93 
0xe82c6be23a69e084cb2b7ada2f6bc86aecff45bd:0x94 
0xe82c6be23a69e084cb2b7ada2f6bc86aecff45bd:0x95 
0xe82c6be23a69e084cb2b7ada2f6bc86aecff45bd:0x96 
0xe82c6be23a69e084cb2b7ada2f6bc86aecff45bd:0x98 
0xe82c6be23a69e084cb2b7ada2f6bc86aecff45bd:0x9d 
0xe82c6be23a69e084cb2b7ada2f6bc86aecff45bd:0x9e 
0xe82c6be23a69e084cb2b7ada2f6bc86aecff45bd:0x9f 
0xe82c6be23a69e084cb2b7ada2f6bc86aecff45bd:0x56 
0xe82c6be23a69e084cb2b7ada2f6bc86aecff45bd:0x57 
0xe82c6be23a69e084cb2b7ada2f6bc86aecff45bd:0x58 
0xe82c6be23a69e084cb2b7ada2f6bc86aecff45bd:0x59 
0xe82c6be23a69e084cb2b7ada2f6bc86aecff45bd:0x5a 
0xe82c6be23a69e084cb2b7ada2f6bc86aecff45bd:0x5b 
0xe82c6be23a69e084cb2b7ada2f6bc86aecff45bd:0x79 
0xe82c6be23a69e084cb2b7ada2f6bc86aecff45bd:0x7a 
0xe82c6be23a69e084cb2b7ada2f6bc86aecff45bd:0x7b 
0xe82c6be23a69e084cb2b7ada2f6bc86aecff45bd:0x7c 
0xe82c6be23a69e084cb2b7ada2f6bc86aecff45bd:0x7d 
0xe82c6be23a69e084cb2b7ada2f6bc86aecff45bd:0x7e 
0xe82c6be23a69e084cb2b7ada2f6bc86aecff45bd:0x7f 
0xe82c6be23a69e084cb2b7ada2f6bc86aecff45bd:0x80 
0xe82c6be23a69e084cb2b7ada2f6bc86aecff45bd:0x81 
0xe82c6be23a69e084cb2b7ada2f6bc86aecff45bd:0x33 
0xe82c6be23a69e084cb2b7ada2f6bc86aecff45bd:0x34 
0xe82c6be23a69e084cb2b7ada2f6bc86aecff45bd:0x36 
0xe82c6be23a69e084cb2b7ada2f6bc86aecff45bd:0x39 
0xe82c6be23a69e084cb2b7ada2f6bc86aecff45bd:0x3a 
0xe82c6be23a69e084cb2b7ada2f6bc86aecff45bd:0x3c 
0xe82c6be23a69e084cb2b7ada2f6bc86aecff45bd:0x3d 
0xe82c6be23a69e084cb2b7ada2f6bc86aecff45bd:0x3e 
0xe82c6be23a69e084cb2b7ada2f6bc86aecff45bd:0x3f 
0xe82c6be23a69e084cb2b7ada2f6bc86aecff45bd:0x41 
0xe82c6be23a69e084cb2b7ada2f6bc86aecff45bd:0x46 
0xe82c6be23a69e084cb2b7ada2f6bc86aecff45bd:0x47 
0xe82c6be23a69e084cb2b7ada2f6bc86aecff45bd:0x48 
0xe82c6be23a69e084cb2b7ada2f6bc86aecff45bd:0x37 
0xe82c6be23a69e084cb2b7ada2f6bc86aecff45bd:0x38 
