---
0xa3b6ebd1b383ba3b8e4595dd2ba90014f0ff1cfa:0x0 *
0xa3b6ebd1b383ba3b8e4595dd2ba90014f0ff1cfa:0x2 *
0xa3b6ebd1b383ba3b8e4595dd2ba90014f0ff1cfa:0x4 *
0xa3b6ebd1b383ba3b8e4595dd2ba90014f0ff1cfa:0x5 *
0xa3b6ebd1b383ba3b8e4595dd2ba90014f0ff1cfa:0x6 *
0xa3b6ebd1b383ba3b8e4595dd2ba90014f0ff1cfa:0x7 *
0xa3b6ebd1b383ba3b8e4595dd2ba90014f0ff1cfa:0x8 *
0xa3b6ebd1b383ba3b8e4595dd2ba90014f0ff1cfa:0xb *
0xa3b6ebd1b383ba3b8e4595dd2ba90014f0ff1cfa:0x10 *
0xa3b6ebd1b383ba3b8e4595dd2ba90014f0ff1cfa:0x11 *
0xa3b6ebd1b383ba3b8e4595dd2ba90014f0ff1cfa:0x12 *
0xa3b6ebd1b383ba3b8e4595dd2ba90014f0ff1cfa:0x14 *
0xa3b6ebd1b383ba3b8e4595dd2ba90014f0ff1cfa:0x15 *
0xa3b6ebd1b383ba3b8e4595dd2ba90014f0ff1cfa:0x18 *
0xa3b6ebd1b383ba3b8e4595dd2ba90014f0ff1cfa:0x1a *
0xa3b6ebd1b383ba3b8e4595dd2ba90014f0ff1cfa:0x1b *
0xa3b6ebd1b383ba3b8e4595dd2ba90014f0ff1cfa:0x1d *
---
0xa3b6ebd1b383ba3b8e4595dd2ba90014f0ff1cfa:0x0 
0xa3b6ebd1b383ba3b8e4595dd2ba90014f0ff1cfa:0x2 
0xa3b6ebd1b383ba3b8e4595dd2ba90014f0ff1cfa:0x4 
0xa3b6ebd1b383ba3b8e4595dd2ba90014f0ff1cfa:0x5 
0xa3b6ebd1b383ba3b8e4595dd2ba90014f0ff1cfa:0x7 
0xa3b6ebd1b383ba3b8e4595dd2ba90014f0ff1cfa:0x8 
0xa3b6ebd1b383ba3b8e4595dd2ba90014f0ff1cfa:0x9 
0xa3b6ebd1b383ba3b8e4595dd2ba90014f0ff1cfa:0xb 
0xa3b6ebd1b383ba3b8e4595dd2ba90014f0ff1cfa:0xc 
0xa3b6ebd1b383ba3b8e4595dd2ba90014f0ff1cfa:0xe 
0xa3b6ebd1b383ba3b8e4595dd2ba90014f0ff1cfa:0xf 
0xa3b6ebd1b383ba3b8e4595dd2ba90014f0ff1cfa:0x11 
0xa3b6ebd1b383ba3b8e4595dd2ba90014f0ff1cfa:0x12 
0xa3b6ebd1b383ba3b8e4595dd2ba90014f0ff1cfa:0x13 
0xa3b6ebd1b383ba3b8e4595dd2ba90014f0ff1cfa:0x18 
0xa3b6ebd1b383ba3b8e4595dd2ba90014f0ff1cfa:0x19 
0xa3b6ebd1b383ba3b8e4595dd2ba90014f0ff1cfa:0x1b 
0xa3b6ebd1b383ba3b8e4595dd2ba90014f0ff1cfa:0x21 
0xa3b6ebd1b383ba3b8e4595dd2ba90014f0ff1cfa:0x22 
0xa3b6ebd1b383ba3b8e4595dd2ba90014f0ff1cfa:0x24 
0xa3b6ebd1b383ba3b8e4595dd2ba90014f0ff1cfa:0x26 
0xa3b6ebd1b383ba3b8e4595dd2ba90014f0ff1cfa:0x27 
0xa3b6ebd1b383ba3b8e4595dd2ba90014f0ff1cfa:0x28 
0xa3b6ebd1b383ba3b8e4595dd2ba90014f0ff1cfa:0x29 
0xa3b6ebd1b383ba3b8e4595dd2ba90014f0ff1cfa:0x2a 
0xa3b6ebd1b383ba3b8e4595dd2ba90014f0ff1cfa:0x2b 
0xa3b6ebd1b383ba3b8e4595dd2ba90014f0ff1cfa:0x2c 
0xa3b6ebd1b383ba3b8e4595dd2ba90014f0ff1cfa:0x2e 
0xa3b6ebd1b383ba3b8e4595dd2ba90014f0ff1cfa:0x2f 
0xa3b6ebd1b383ba3b8e4595dd2ba90014f0ff1cfa:0x30 
0xa3b6ebd1b383ba3b8e4595dd2ba90014f0ff1cfa:0x32 
0xa3b6ebd1b383ba3b8e4595dd2ba90014f0ff1cfa:0x5c 
0xa3b6ebd1b383ba3b8e4595dd2ba90014f0ff1cfa:0x5d 
0xa3b6ebd1b383ba3b8e4595dd2ba90014f0ff1cfa:0x5f 
0xa3b6ebd1b383ba3b8e4595dd2ba90014f0ff1cfa:0x61 
0xa3b6ebd1b383ba3b8e4595dd2ba90014f0ff1cfa:0x62 
0xa3b6ebd1b383ba3b8e4595dd2ba90014f0ff1cfa:0x63 
0xa3b6ebd1b383ba3b8e4595dd2ba90014f0ff1cfa:0x64 
0xa3b6ebd1b383ba3b8e4595dd2ba90014f0ff1cfa:0x65 
0xa3b6ebd1b383ba3b8e4595dd2ba90014f0ff1cfa:0x66 
0xa3b6ebd1b383ba3b8e4595dd2ba90014f0ff1cfa:0x68 
0xa3b6ebd1b383ba3b8e4595dd2ba90014f0ff1cfa:0x6d 
0xa3b6ebd1b383ba3b8e4595dd2ba90014f0ff1cfa:0x6e 
0xa3b6ebd1b383ba3b8e4595dd2ba90014f0ff1cfa:0x70 
0xa3b6ebd1b383ba3b8e4595dd2ba90014f0ff1cfa:0x72 
0xa3b6ebd1b383ba3b8e4595dd2ba90014f0ff1cfa:0x73 
0xa3b6ebd1b383ba3b8e4595dd2ba90014f0ff1cfa:0x74 
0xa3b6ebd1b383ba3b8e4595dd2ba90014f0ff1cfa:0x75 
0xa3b6ebd1b383ba3b8e4595dd2ba90014f0ff1cfa:0x76 
0xa3b6ebd1b383ba3b8e4595dd2ba90014f0ff1cfa:0x78 
0xa3b6ebd1b383ba3b8e4595dd2ba90014f0ff1cfa:0x49 
0xa3b6ebd1b383ba3b8e4595dd2ba90014f0ff1cfa:0x4a 
0xa3b6ebd1b383ba3b8e4595dd2ba90014f0ff1cfa:0x4c 
0xa3b6ebd1b383ba3b8e4595dd2ba90014f0ff1cfa:0x4d 
0xa3b6ebd1b383ba3b8e4595dd2ba90014f0ff1cfa:0x4e 
0xa3b6ebd1b383ba3b8e4595dd2ba90014f0ff1cfa:0x4f 
0xa3b6ebd1b383ba3b8e4595dd2ba90014f0ff1cfa:0x50 
0xa3b6ebd1b383ba3b8e4595dd2ba90014f0ff1cfa:0x52 
0xa3b6ebd1b383ba3b8e4595dd2ba90014f0ff1cfa:0x53 
0xa3b6ebd1b383ba3b8e4595dd2ba90014f0ff1cfa:0x55 
0xa3b6ebd1b383ba3b8e4595dd2ba90014f0ff1cfa:0x8c 
0xa3b6ebd1b383ba3b8e4595dd2ba90014f0ff1cfa:0x8d 
0xa3b6ebd1b383ba3b8e4595dd2ba90014f0ff1cfa:0x8f 
0xa3b6ebd1b383ba3b8e4595dd2ba90014f0ff1cfa:0x90 
0xa3b6ebd1b383ba3b8e4595dd2ba90014f0ff1cfa:0x92 
0xa3b6ebd1b383ba3b8e4595dd2ba90014f0ff1cfa:0x82 
0xa3b6ebd1b383ba3b8e4595dd2ba90014f0ff1cfa:0x83 
0xa3b6ebd1b383ba3b8e4595dd2ba90014f0ff1cfa:0x85 
0xa3b6ebd1b383ba3b8e4595dd2ba90014f0ff1cfa:0x86 
0xa3b6ebd1b383ba3b8e4595dd2ba90014f0ff1cfa:0x87 
0xa3b6ebd1b383ba3b8e4595dd2ba90014f0ff1cfa:0x88 
0xa3b6ebd1b383ba3b8e4595dd2ba90014f0ff1cfa:0x89 
0xa3b6ebd1b383ba3b8e4595dd2ba90014f0ff1cfa:0x8a 
0xa3b6ebd1b383ba3b8e4595dd2ba90014f0ff1cfa:0x8b 
0xa3b6ebd1b383ba3b8e4595dd2ba90014f0ff1cfa:0x93 
0xa3b6ebd1b383ba3b8e4595dd2ba90014f0ff1cfa:0x94 
0xa3b6ebd1b383ba3b8e4595dd2ba90014f0ff1cfa:0x95 
0xa3b6ebd1b383ba3b8e4595dd2ba90014f0ff1cfa:0x96 
0xa3b6ebd1b383ba3b8e4595dd2ba90014f0ff1cfa:0x98 
0xa3b6ebd1b383ba3b8e4595dd2ba90014f0ff1cfa:0x9d 
0xa3b6ebd1b383ba3b8e4595dd2ba90014f0ff1cfa:0x9e 
0xa3b6ebd1b383ba3b8e4595dd2ba90014f0ff1cfa:0x9f 
0xa3b6ebd1b383ba3b8e4595dd2ba90014f0ff1cfa:0x56 
0xa3b6ebd1b383ba3b8e4595dd2ba90014f0ff1cfa:0x57 
0xa3b6ebd1b383ba3b8e4595dd2ba90014f0ff1cfa:0x58 
0xa3b6ebd1b383ba3b8e4595dd2ba90014f0ff1cfa:0x59 
0xa3b6ebd1b383ba3b8e4595dd2ba90014f0ff1cfa:0x5a 
0xa3b6ebd1b383ba3b8e4595dd2ba90014f0ff1cfa:0x5b 
0xa3b6ebd1b383ba3b8e4595dd2ba90014f0ff1cfa:0x79 
0xa3b6ebd1b383ba3b8e4595dd2ba90014f0ff1cfa:0x7a 
0xa3b6ebd1b383ba3b8e4595dd2ba90014f0ff1cfa:0x7b 
0xa3b6ebd1b383ba3b8e4595dd2ba90014f0ff1cfa:0x7c 
0xa3b6ebd1b383ba3b8e4595dd2ba90014f0ff1cfa:0x7d 
0xa3b6ebd1b383ba3b8e4595dd2ba90014f0ff1cfa:0x7e 
0xa3b6ebd1b383ba3b8e4595dd2ba90014f0ff1cfa:0x7f 
0xa3b6ebd1b383ba3b8e4595dd2ba90014f0ff1cfa:0x80 
0xa3b6ebd1b383ba3b8e4595dd2ba90014f0ff1cfa:0x81 
0xa3b6ebd1b383ba3b8e4595dd2ba90014f0ff1cfa:0x33 
0xa3b6ebd1b383ba3b8e4595dd2ba90014f0ff1cfa:0x34 
0xa3b6ebd1b383ba3b8e4595dd2ba90014f0ff1cfa:0x36 
0xa3b6ebd1b383ba3b8e4595dd2ba90014f0ff1cfa:0x39 
0xa3b6ebd1b383ba3b8e4595dd2ba90014f0ff1cfa:0x3a 
0xa3b6ebd1b383ba3b8e4595dd2ba90014f0ff1cfa:0x3c 
0xa3b6ebd1b383ba3b8e4595dd2ba90014f0ff1cfa:0x3d 
0xa3b6ebd1b383ba3b8e4595dd2ba90014f0ff1cfa:0x3e 
0xa3b6ebd1b383ba3b8e4595dd2ba90014f0ff1cfa:0x3f 
0xa3b6ebd1b383ba3b8e4595dd2ba90014f0ff1cfa:0x41 
0xa3b6ebd1b383ba3b8e4595dd2ba90014f0ff1cfa:0x46 
0xa3b6ebd1b383ba3b8e4595dd2ba90014f0ff1cfa:0x47 
0xa3b6ebd1b383ba3b8e4595dd2ba90014f0ff1cfa:0x48 
0xa3b6ebd1b383ba3b8e4595dd2ba90014f0ff1cfa:0x37 
0xa3b6ebd1b383ba3b8e4595dd2ba90014f0ff1cfa:0x38 
