---
0xea320923ae3c0148b2c6db92781f5bdd02c862a8:0x0 *
0xea320923ae3c0148b2c6db92781f5bdd02c862a8:0x2 *
0xea320923ae3c0148b2c6db92781f5bdd02c862a8:0x4 *
0xea320923ae3c0148b2c6db92781f5bdd02c862a8:0x5 *
0xea320923ae3c0148b2c6db92781f5bdd02c862a8:0x6 *
0xea320923ae3c0148b2c6db92781f5bdd02c862a8:0x7 *
0xea320923ae3c0148b2c6db92781f5bdd02c862a8:0x8 *
0xea320923ae3c0148b2c6db92781f5bdd02c862a8:0xb *
0xea320923ae3c0148b2c6db92781f5bdd02c862a8:0x10 *
0xea320923ae3c0148b2c6db92781f5bdd02c862a8:0x11 *
0xea320923ae3c0148b2c6db92781f5bdd02c862a8:0x12 *
0xea320923ae3c0148b2c6db92781f5bdd02c862a8:0x14 *
0xea320923ae3c0148b2c6db92781f5bdd02c862a8:0x15 *
0xea320923ae3c0148b2c6db92781f5bdd02c862a8:0x18 *
0xea320923ae3c0148b2c6db92781f5bdd02c862a8:0x1a *
0xea320923ae3c0148b2c6db92781f5bdd02c862a8:0x1b *
0xea320923ae3c0148b2c6db92781f5bdd02c862a8:0x1d *
---
0xea320923ae3c0148b2c6db92781f5bdd02c862a8:0x0 
0xea320923ae3c0148b2c6db92781f5bdd02c862a8:0x2 
0xea320923ae3c0148b2c6db92781f5bdd02c862a8:0x4 
0xea320923ae3c0148b2c6db92781f5bdd02c862a8:0x5 
0xea320923ae3c0148b2c6db92781f5bdd02c862a8:0x7 
0xea320923ae3c0148b2c6db92781f5bdd02c862a8:0x8 
0xea320923ae3c0148b2c6db92781f5bdd02c862a8:0x9 
0xea320923ae3c0148b2c6db92781f5bdd02c862a8:0xb 
0xea320923ae3c0148b2c6db92781f5bdd02c862a8:0xc 
0xea320923ae3c0148b2c6db92781f5bdd02c862a8:0xe 
0xea320923ae3c0148b2c6db92781f5bdd02c862a8:0xf 
0xea320923ae3c0148b2c6db92781f5bdd02c862a8:0x11 
0xea320923ae3c0148b2c6db92781f5bdd02c862a8:0x12 
0xea320923ae3c0148b2c6db92781f5bdd02c862a8:0x13 
0xea320923ae3c0148b2c6db92781f5bdd02c862a8:0x18 
0xea320923ae3c0148b2c6db92781f5bdd02c862a8:0x19 
0xea320923ae3c0148b2c6db92781f5bdd02c862a8:0x1b 
0xea320923ae3c0148b2c6db92781f5bdd02c862a8:0x21 
0xea320923ae3c0148b2c6db92781f5bdd02c862a8:0x22 
0xea320923ae3c0148b2c6db92781f5bdd02c862a8:0x24 
0xea320923ae3c0148b2c6db92781f5bdd02c862a8:0x26 
0xea320923ae3c0148b2c6db92781f5bdd02c862a8:0x27 
0xea320923ae3c0148b2c6db92781f5bdd02c862a8:0x28 
0xea320923ae3c0148b2c6db92781f5bdd02c862a8:0x29 
0xea320923ae3c0148b2c6db92781f5bdd02c862a8:0x2a 
0xea320923ae3c0148b2c6db92781f5bdd02c862a8:0x2b 
0xea320923ae3c0148b2c6db92781f5bdd02c862a8:0x2c 
0xea320923ae3c0148b2c6db92781f5bdd02c862a8:0x2e 
0xea320923ae3c0148b2c6db92781f5bdd02c862a8:0x2f 
0xea320923ae3c0148b2c6db92781f5bdd02c862a8:0x30 
0xea320923ae3c0148b2c6db92781f5bdd02c862a8:0x32 
0xea320923ae3c0148b2c6db92781f5bdd02c862a8:0x5c 
0xea320923ae3c0148b2c6db92781f5bdd02c862a8:0x5d 
0xea320923ae3c0148b2c6db92781f5bdd02c862a8:0x5f 
0xea320923ae3c0148b2c6db92781f5bdd02c862a8:0x61 
0xea320923ae3c0148b2c6db92781f5bdd02c862a8:0x62 
0xea320923ae3c0148b2c6db92781f5bdd02c862a8:0x63 
0xea320923ae3c0148b2c6db92781f5bdd02c862a8:0x64 
0xea320923ae3c0148b2c6db92781f5bdd02c862a8:0x65 
0xea320923ae3c0148b2c6db92781f5bdd02c862a8:0x66 
0xea320923ae3c0148b2c6db92781f5bdd02c862a8:0x68 
0xea320923ae3c0148b2c6db92781f5bdd02c862a8:0x6d 
0xea320923ae3c0148b2c6db92781f5bdd02c862a8:0x6e 
0xea320923ae3c0148b2c6db92781f5bdd02c862a8:0x70 
0xea320923ae3c0148b2c6db92781f5bdd02c862a8:0x72 
0xea320923ae3c0148b2c6db92781f5bdd02c862a8:0x73 
0xea320923ae3c0148b2c6db92781f5bdd02c862a8:0x74 
0xea320923ae3c0148b2c6db92781f5bdd02c862a8:0x75 
0xea320923ae3c0148b2c6db92781f5bdd02c862a8:0x76 
0xea320923ae3c0148b2c6db92781f5bdd02c862a8:0x78 
0xea320923ae3c0148b2c6db92781f5bdd02c862a8:0x49 
0xea320923ae3c0148b2c6db92781f5bdd02c862a8:0x4a 
0xea320923ae3c0148b2c6db92781f5bdd02c862a8:0x4c 
0xea320923ae3c0148b2c6db92781f5bdd02c862a8:0x4d 
0xea320923ae3c0148b2c6db92781f5bdd02c862a8:0x4e 
0xea320923ae3c0148b2c6db92781f5bdd02c862a8:0x4f 
0xea320923ae3c0148b2c6db92781f5bdd02c862a8:0x50 
0xea320923ae3c0148b2c6db92781f5bdd02c862a8:0x52 
0xea320923ae3c0148b2c6db92781f5bdd02c862a8:0x53 
0xea320923ae3c0148b2c6db92781f5bdd02c862a8:0x55 
0xea320923ae3c0148b2c6db92781f5bdd02c862a8:0x8c 
0xea320923ae3c0148b2c6db92781f5bdd02c862a8:0x8d 
0xea320923ae3c0148b2c6db92781f5bdd02c862a8:0x8f 
0xea320923ae3c0148b2c6db92781f5bdd02c862a8:0x90 
0xea320923ae3c0148b2c6db92781f5bdd02c862a8:0x92 
0xea320923ae3c0148b2c6db92781f5bdd02c862a8:0x82 
0xea320923ae3c0148b2c6db92781f5bdd02c862a8:0x83 
0xea320923ae3c0148b2c6db92781f5bdd02c862a8:0x85 
0xea320923ae3c0148b2c6db92781f5bdd02c862a8:0x86 
0xea320923ae3c0148b2c6db92781f5bdd02c862a8:0x87 
0xea320923ae3c0148b2c6db92781f5bdd02c862a8:0x88 
0xea320923ae3c0148b2c6db92781f5bdd02c862a8:0x89 
0xea320923ae3c0148b2c6db92781f5bdd02c862a8:0x8a 
0xea320923ae3c0148b2c6db92781f5bdd02c862a8:0x8b 
0xea320923ae3c0148b2c6db92781f5bdd02c862a8:0x93 
0xea320923ae3c0148b2c6db92781f5bdd02c862a8:0x94 
0xea320923ae3c0148b2c6db92781f5bdd02c862a8:0x95 
0xea320923ae3c0148b2c6db92781f5bdd02c862a8:0x96 
0xea320923ae3c0148b2c6db92781f5bdd02c862a8:0x98 
0xea320923ae3c0148b2c6db92781f5bdd02c862a8:0x9d 
0xea320923ae3c0148b2c6db92781f5bdd02c862a8:0x9e 
0xea320923ae3c0148b2c6db92781f5bdd02c862a8:0x9f 
0xea320923ae3c0148b2c6db92781f5bdd02c862a8:0x56 
0xea320923ae3c0148b2c6db92781f5bdd02c862a8:0x57 
0xea320923ae3c0148b2c6db92781f5bdd02c862a8:0x58 
0xea320923ae3c0148b2c6db92781f5bdd02c862a8:0x59 
0xea320923ae3c0148b2c6db92781f5bdd02c862a8:0x5a 
0xea320923ae3c0148b2c6db92781f5bdd02c862a8:0x5b 
0xea320923ae3c0148b2c6db92781f5bdd02c862a8:0x79 
0xea320923ae3c0148b2c6db92781f5bdd02c862a8:0x7a 
0xea320923ae3c0148b2c6db92781f5bdd02c862a8:0x7b 
0xea320923ae3c0148b2c6db92781f5bdd02c862a8:0x7c 
0xea320923ae3c0148b2c6db92781f5bdd02c862a8:0x7d 
0xea320923ae3c0148b2c6db92781f5bdd02c862a8:0x7e 
0xea320923ae3c0148b2c6db92781f5bdd02c862a8:0x7f 
0xea320923ae3c0148b2c6db92781f5bdd02c862a8:0x80 
0xea320923ae3c0148b2c6db92781f5bdd02c862a8:0x81 
0xea320923ae3c0148b2c6db92781f5bdd02c862a8:0x33 
0xea320923ae3c0148b2c6db92781f5bdd02c862a8:0x34 
0xea320923ae3c0148b2c6db92781f5bdd02c862a8:0x36 
0xea320923ae3c0148b2c6db92781f5bdd02c862a8:0x39 
0xea320923ae3c0148b2c6db92781f5bdd02c862a8:0x3a 
0xea320923ae3c0148b2c6db92781f5bdd02c862a8:0x3c 
0xea320923ae3c0148b2c6db92781f5bdd02c862a8:0x3d 
0xea320923ae3c0148b2c6db92781f5bdd02c862a8:0x3e 
0xea320923ae3c0148b2c6db92781f5bdd02c862a8:0x3f 
0xea320923ae3c0148b2c6db92781f5bdd02c862a8:0x41 
0xea320923ae3c0148b2c6db92781f5bdd02c862a8:0x42 
0xea320923ae3c0148b2c6db92781f5bdd02c862a8:0x44 
0xea320923ae3c0148b2c6db92781f5bdd02c862a8:0x45 
