---
0xb6168500934a78e23a81ff922d6001eeb11c981a:0x0 *
0xb6168500934a78e23a81ff922d6001eeb11c981a:0x2 *
0xb6168500934a78e23a81ff922d6001eeb11c981a:0x4 *
0xb6168500934a78e23a81ff922d6001eeb11c981a:0x5 *
0xb6168500934a78e23a81ff922d6001eeb11c981a:0x6 *
0xb6168500934a78e23a81ff922d6001eeb11c981a:0x7 *
0xb6168500934a78e23a81ff922d6001eeb11c981a:0x8 *
0xb6168500934a78e23a81ff922d6001eeb11c981a:0xb *
0xb6168500934a78e23a81ff922d6001eeb11c981a:0x10 *
0xb6168500934a78e23a81ff922d6001eeb11c981a:0x11 *
0xb6168500934a78e23a81ff922d6001eeb11c981a:0x12 *
0xb6168500934a78e23a81ff922d6001eeb11c981a:0x14 *
0xb6168500934a78e23a81ff922d6001eeb11c981a:0x15 *
0xb6168500934a78e23a81ff922d6001eeb11c981a:0x18 *
0xb6168500934a78e23a81ff922d6001eeb11c981a:0x1a *
0xb6168500934a78e23a81ff922d6001eeb11c981a:0x1b *
0xb6168500934a78e23a81ff922d6001eeb11c981a:0x1d *
---
0xb6168500934a78e23a81ff922d6001eeb11c981a:0x0 
0xb6168500934a78e23a81ff922d6001eeb11c981a:0x2 
0xb6168500934a78e23a81ff922d6001eeb11c981a:0x4 
0xb6168500934a78e23a81ff922d6001eeb11c981a:0x5 
0xb6168500934a78e23a81ff922d6001eeb11c981a:0x7 
0xb6168500934a78e23a81ff922d6001eeb11c981a:0x8 
0xb6168500934a78e23a81ff922d6001eeb11c981a:0x9 
0xb6168500934a78e23a81ff922d6001eeb11c981a:0xb 
0xb6168500934a78e23a81ff922d6001eeb11c981a:0xc 
0xb6168500934a78e23a81ff922d6001eeb11c981a:0xe 
0xb6168500934a78e23a81ff922d6001eeb11c981a:0xf 
0xb6168500934a78e23a81ff922d6001eeb11c981a:0x11 
0xb6168500934a78e23a81ff922d6001eeb11c981a:0x12 
0xb6168500934a78e23a81ff922d6001eeb11c981a:0x13 
0xb6168500934a78e23a81ff922d6001eeb11c981a:0x18 
0xb6168500934a78e23a81ff922d6001eeb11c981a:0x19 
0xb6168500934a78e23a81ff922d6001eeb11c981a:0x1b 
0xb6168500934a78e23a81ff922d6001eeb11c981a:0x21 
0xb6168500934a78e23a81ff922d6001eeb11c981a:0x22 
0xb6168500934a78e23a81ff922d6001eeb11c981a:0x24 
0xb6168500934a78e23a81ff922d6001eeb11c981a:0x26 
0xb6168500934a78e23a81ff922d6001eeb11c981a:0x27 
0xb6168500934a78e23a81ff922d6001eeb11c981a:0x28 
0xb6168500934a78e23a81ff922d6001eeb11c981a:0x29 
0xb6168500934a78e23a81ff922d6001eeb11c981a:0x2a 
0xb6168500934a78e23a81ff922d6001eeb11c981a:0x2b 
0xb6168500934a78e23a81ff922d6001eeb11c981a:0x2c 
0xb6168500934a78e23a81ff922d6001eeb11c981a:0x2e 
0xb6168500934a78e23a81ff922d6001eeb11c981a:0x2f 
0xb6168500934a78e23a81ff922d6001eeb11c981a:0x30 
0xb6168500934a78e23a81ff922d6001eeb11c981a:0x32 
0xb6168500934a78e23a81ff922d6001eeb11c981a:0x5c 
0xb6168500934a78e23a81ff922d6001eeb11c981a:0x5d 
0xb6168500934a78e23a81ff922d6001eeb11c981a:0x5f 
0xb6168500934a78e23a81ff922d6001eeb11c981a:0x61 
0xb6168500934a78e23a81ff922d6001eeb11c981a:0x62 
0xb6168500934a78e23a81ff922d6001eeb11c981a:0x63 
0xb6168500934a78e23a81ff922d6001eeb11c981a:0x64 
0xb6168500934a78e23a81ff922d6001eeb11c981a:0x65 
0xb6168500934a78e23a81ff922d6001eeb11c981a:0x66 
0xb6168500934a78e23a81ff922d6001eeb11c981a:0x68 
0xb6168500934a78e23a81ff922d6001eeb11c981a:0x6d 
0xb6168500934a78e23a81ff922d6001eeb11c981a:0x6e 
0xb6168500934a78e23a81ff922d6001eeb11c981a:0x70 
0xb6168500934a78e23a81ff922d6001eeb11c981a:0x72 
0xb6168500934a78e23a81ff922d6001eeb11c981a:0x73 
0xb6168500934a78e23a81ff922d6001eeb11c981a:0x74 
0xb6168500934a78e23a81ff922d6001eeb11c981a:0x75 
0xb6168500934a78e23a81ff922d6001eeb11c981a:0x76 
0xb6168500934a78e23a81ff922d6001eeb11c981a:0x78 
0xb6168500934a78e23a81ff922d6001eeb11c981a:0x49 
0xb6168500934a78e23a81ff922d6001eeb11c981a:0x4a 
0xb6168500934a78e23a81ff922d6001eeb11c981a:0x4c 
0xb6168500934a78e23a81ff922d6001eeb11c981a:0x4d 
0xb6168500934a78e23a81ff922d6001eeb11c981a:0x4e 
0xb6168500934a78e23a81ff922d6001eeb11c981a:0x4f 
0xb6168500934a78e23a81ff922d6001eeb11c981a:0x50 
0xb6168500934a78e23a81ff922d6001eeb11c981a:0x52 
0xb6168500934a78e23a81ff922d6001eeb11c981a:0x53 
0xb6168500934a78e23a81ff922d6001eeb11c981a:0x55 
0xb6168500934a78e23a81ff922d6001eeb11c981a:0x8c 
0xb6168500934a78e23a81ff922d6001eeb11c981a:0x8d 
0xb6168500934a78e23a81ff922d6001eeb11c981a:0x8f 
0xb6168500934a78e23a81ff922d6001eeb11c981a:0x90 
0xb6168500934a78e23a81ff922d6001eeb11c981a:0x92 
0xb6168500934a78e23a81ff922d6001eeb11c981a:0x82 
0xb6168500934a78e23a81ff922d6001eeb11c981a:0x83 
0xb6168500934a78e23a81ff922d6001eeb11c981a:0x85 
0xb6168500934a78e23a81ff922d6001eeb11c981a:0x86 
0xb6168500934a78e23a81ff922d6001eeb11c981a:0x87 
0xb6168500934a78e23a81ff922d6001eeb11c981a:0x88 
0xb6168500934a78e23a81ff922d6001eeb11c981a:0x89 
0xb6168500934a78e23a81ff922d6001eeb11c981a:0x8a 
0xb6168500934a78e23a81ff922d6001eeb11c981a:0x8b 
0xb6168500934a78e23a81ff922d6001eeb11c981a:0x93 
0xb6168500934a78e23a81ff922d6001eeb11c981a:0x94 
0xb6168500934a78e23a81ff922d6001eeb11c981a:0x95 
0xb6168500934a78e23a81ff922d6001eeb11c981a:0x96 
0xb6168500934a78e23a81ff922d6001eeb11c981a:0x98 
0xb6168500934a78e23a81ff922d6001eeb11c981a:0x9d 
0xb6168500934a78e23a81ff922d6001eeb11c981a:0x9e 
0xb6168500934a78e23a81ff922d6001eeb11c981a:0x9f 
0xb6168500934a78e23a81ff922d6001eeb11c981a:0x56 
0xb6168500934a78e23a81ff922d6001eeb11c981a:0x57 
0xb6168500934a78e23a81ff922d6001eeb11c981a:0x58 
0xb6168500934a78e23a81ff922d6001eeb11c981a:0x59 
0xb6168500934a78e23a81ff922d6001eeb11c981a:0x5a 
0xb6168500934a78e23a81ff922d6001eeb11c981a:0x5b 
0xb6168500934a78e23a81ff922d6001eeb11c981a:0x79 
0xb6168500934a78e23a81ff922d6001eeb11c981a:0x7a 
0xb6168500934a78e23a81ff922d6001eeb11c981a:0x7b 
0xb6168500934a78e23a81ff922d6001eeb11c981a:0x7c 
0xb6168500934a78e23a81ff922d6001eeb11c981a:0x7d 
0xb6168500934a78e23a81ff922d6001eeb11c981a:0x7e 
0xb6168500934a78e23a81ff922d6001eeb11c981a:0x7f 
0xb6168500934a78e23a81ff922d6001eeb11c981a:0x80 
0xb6168500934a78e23a81ff922d6001eeb11c981a:0x81 
0xb6168500934a78e23a81ff922d6001eeb11c981a:0x33 
0xb6168500934a78e23a81ff922d6001eeb11c981a:0x34 
0xb6168500934a78e23a81ff922d6001eeb11c981a:0x36 
0xb6168500934a78e23a81ff922d6001eeb11c981a:0x39 
0xb6168500934a78e23a81ff922d6001eeb11c981a:0x3a 
0xb6168500934a78e23a81ff922d6001eeb11c981a:0x3c 
0xb6168500934a78e23a81ff922d6001eeb11c981a:0x3d 
0xb6168500934a78e23a81ff922d6001eeb11c981a:0x3e 
0xb6168500934a78e23a81ff922d6001eeb11c981a:0x3f 
0xb6168500934a78e23a81ff922d6001eeb11c981a:0x41 
0xb6168500934a78e23a81ff922d6001eeb11c981a:0x42 
0xb6168500934a78e23a81ff922d6001eeb11c981a:0x44 
0xb6168500934a78e23a81ff922d6001eeb11c981a:0x45 
