---
0xf9c42f3e0861dcf3c38ba7bef67be63ff1c27488:0x0 *
0xf9c42f3e0861dcf3c38ba7bef67be63ff1c27488:0x2 *
0xf9c42f3e0861dcf3c38ba7bef67be63ff1c27488:0x4 *
0xf9c42f3e0861dcf3c38ba7bef67be63ff1c27488:0x5 *
0xf9c42f3e0861dcf3c38ba7bef67be63ff1c27488:0x6 *
0xf9c42f3e0861dcf3c38ba7bef67be63ff1c27488:0x7 *
0xf9c42f3e0861dcf3c38ba7bef67be63ff1c27488:0x8 *
0xf9c42f3e0861dcf3c38ba7bef67be63ff1c27488:0xb *
0xf9c42f3e0861dcf3c38ba7bef67be63ff1c27488:0x10 *
0xf9c42f3e0861dcf3c38ba7bef67be63ff1c27488:0x11 *
0xf9c42f3e0861dcf3c38ba7bef67be63ff1c27488:0x12 *
0xf9c42f3e0861dcf3c38ba7bef67be63ff1c27488:0x13 *
0xf9c42f3e0861dcf3c38ba7bef67be63ff1c27488:0x15 *
0xf9c42f3e0861dcf3c38ba7bef67be63ff1c27488:0x16 *
0xf9c42f3e0861dcf3c38ba7bef67be63ff1c27488:0x19 *
0xf9c42f3e0861dcf3c38ba7bef67be63ff1c27488:0x1a *
0xf9c42f3e0861dcf3c38ba7bef67be63ff1c27488:0x1b *
0xf9c42f3e0861dcf3c38ba7bef67be63ff1c27488:0x1c *
0xf9c42f3e0861dcf3c38ba7bef67be63ff1c27488:0x1d *
0xf9c42f3e0861dcf3c38ba7bef67be63ff1c27488:0x32 *
0xf9c42f3e0861dcf3c38ba7bef67be63ff1c27488:0x33 *
0xf9c42f3e0861dcf3c38ba7bef67be63ff1c27488:0x34 *
0xf9c42f3e0861dcf3c38ba7bef67be63ff1c27488:0x35 *
0xf9c42f3e0861dcf3c38ba7bef67be63ff1c27488:0x36 *
0xf9c42f3e0861dcf3c38ba7bef67be63ff1c27488:0x37 *
0xf9c42f3e0861dcf3c38ba7bef67be63ff1c27488:0x4c *
0xf9c42f3e0861dcf3c38ba7bef67be63ff1c27488:0x4d *
0xf9c42f3e0861dcf3c38ba7bef67be63ff1c27488:0x4e *
0xf9c42f3e0861dcf3c38ba7bef67be63ff1c27488:0x4f *
0xf9c42f3e0861dcf3c38ba7bef67be63ff1c27488:0x50 *
0xf9c42f3e0861dcf3c38ba7bef67be63ff1c27488:0x51 *
0xf9c42f3e0861dcf3c38ba7bef67be63ff1c27488:0x52 *
0xf9c42f3e0861dcf3c38ba7bef67be63ff1c27488:0x55 *
0xf9c42f3e0861dcf3c38ba7bef67be63ff1c27488:0x56 *
0xf9c42f3e0861dcf3c38ba7bef67be63ff1c27488:0x59 *
0xf9c42f3e0861dcf3c38ba7bef67be63ff1c27488:0x5b *
0xf9c42f3e0861dcf3c38ba7bef67be63ff1c27488:0x5c *
0xf9c42f3e0861dcf3c38ba7bef67be63ff1c27488:0x5e *
---
0xf9c42f3e0861dcf3c38ba7bef67be63ff1c27488:0x0 
0xf9c42f3e0861dcf3c38ba7bef67be63ff1c27488:0x2 
0xf9c42f3e0861dcf3c38ba7bef67be63ff1c27488:0x4 
0xf9c42f3e0861dcf3c38ba7bef67be63ff1c27488:0x5 
0xf9c42f3e0861dcf3c38ba7bef67be63ff1c27488:0x7 
0xf9c42f3e0861dcf3c38ba7bef67be63ff1c27488:0x8 
0xf9c42f3e0861dcf3c38ba7bef67be63ff1c27488:0x9 
0xf9c42f3e0861dcf3c38ba7bef67be63ff1c27488:0xc 
0xf9c42f3e0861dcf3c38ba7bef67be63ff1c27488:0xd 
0xf9c42f3e0861dcf3c38ba7bef67be63ff1c27488:0xf 
0xf9c42f3e0861dcf3c38ba7bef67be63ff1c27488:0x10 
0xf9c42f3e0861dcf3c38ba7bef67be63ff1c27488:0x12 
0xf9c42f3e0861dcf3c38ba7bef67be63ff1c27488:0x13 
0xf9c42f3e0861dcf3c38ba7bef67be63ff1c27488:0x14 
0xf9c42f3e0861dcf3c38ba7bef67be63ff1c27488:0x19 
0xf9c42f3e0861dcf3c38ba7bef67be63ff1c27488:0x1a 
0xf9c42f3e0861dcf3c38ba7bef67be63ff1c27488:0x1d 
0xf9c42f3e0861dcf3c38ba7bef67be63ff1c27488:0x1e 
0xf9c42f3e0861dcf3c38ba7bef67be63ff1c27488:0x1f 
0xf9c42f3e0861dcf3c38ba7bef67be63ff1c27488:0x24 
0xf9c42f3e0861dcf3c38ba7bef67be63ff1c27488:0x25 
0xf9c42f3e0861dcf3c38ba7bef67be63ff1c27488:0x28 
0xf9c42f3e0861dcf3c38ba7bef67be63ff1c27488:0x29 
0xf9c42f3e0861dcf3c38ba7bef67be63ff1c27488:0x2a 
0xf9c42f3e0861dcf3c38ba7bef67be63ff1c27488:0x2f 
0xf9c42f3e0861dcf3c38ba7bef67be63ff1c27488:0x30 
0xf9c42f3e0861dcf3c38ba7bef67be63ff1c27488:0x33 
0xf9c42f3e0861dcf3c38ba7bef67be63ff1c27488:0x34 
0xf9c42f3e0861dcf3c38ba7bef67be63ff1c27488:0x35 
0xf9c42f3e0861dcf3c38ba7bef67be63ff1c27488:0x3a 
0xf9c42f3e0861dcf3c38ba7bef67be63ff1c27488:0x3b 
0xf9c42f3e0861dcf3c38ba7bef67be63ff1c27488:0x3e 
0xf9c42f3e0861dcf3c38ba7bef67be63ff1c27488:0xaf 
0xf9c42f3e0861dcf3c38ba7bef67be63ff1c27488:0xb0 
0xf9c42f3e0861dcf3c38ba7bef67be63ff1c27488:0xb3 
0xf9c42f3e0861dcf3c38ba7bef67be63ff1c27488:0xb6 
0xf9c42f3e0861dcf3c38ba7bef67be63ff1c27488:0x1c1 
0xf9c42f3e0861dcf3c38ba7bef67be63ff1c27488:0x1c2 
0xf9c42f3e0861dcf3c38ba7bef67be63ff1c27488:0xb7 
0xf9c42f3e0861dcf3c38ba7bef67be63ff1c27488:0xb8 
---
0xf9c42f3e0861dcf3c38ba7bef67be63ff1c27488:0x0 
0xf9c42f3e0861dcf3c38ba7bef67be63ff1c27488:0x2 
0xf9c42f3e0861dcf3c38ba7bef67be63ff1c27488:0x4 
0xf9c42f3e0861dcf3c38ba7bef67be63ff1c27488:0x5 
0xf9c42f3e0861dcf3c38ba7bef67be63ff1c27488:0x7 
0xf9c42f3e0861dcf3c38ba7bef67be63ff1c27488:0x8 
0xf9c42f3e0861dcf3c38ba7bef67be63ff1c27488:0x9 
0xf9c42f3e0861dcf3c38ba7bef67be63ff1c27488:0xc 
0xf9c42f3e0861dcf3c38ba7bef67be63ff1c27488:0xd 
0xf9c42f3e0861dcf3c38ba7bef67be63ff1c27488:0xf 
0xf9c42f3e0861dcf3c38ba7bef67be63ff1c27488:0x10 
0xf9c42f3e0861dcf3c38ba7bef67be63ff1c27488:0x12 
0xf9c42f3e0861dcf3c38ba7bef67be63ff1c27488:0x13 
0xf9c42f3e0861dcf3c38ba7bef67be63ff1c27488:0x14 
0xf9c42f3e0861dcf3c38ba7bef67be63ff1c27488:0x19 
0xf9c42f3e0861dcf3c38ba7bef67be63ff1c27488:0x1a 
0xf9c42f3e0861dcf3c38ba7bef67be63ff1c27488:0x1d 
0xf9c42f3e0861dcf3c38ba7bef67be63ff1c27488:0x1e 
0xf9c42f3e0861dcf3c38ba7bef67be63ff1c27488:0x1f 
0xf9c42f3e0861dcf3c38ba7bef67be63ff1c27488:0x24 
0xf9c42f3e0861dcf3c38ba7bef67be63ff1c27488:0x25 
0xf9c42f3e0861dcf3c38ba7bef67be63ff1c27488:0x28 
0xf9c42f3e0861dcf3c38ba7bef67be63ff1c27488:0x29 
0xf9c42f3e0861dcf3c38ba7bef67be63ff1c27488:0x2a 
0xf9c42f3e0861dcf3c38ba7bef67be63ff1c27488:0x2f 
0xf9c42f3e0861dcf3c38ba7bef67be63ff1c27488:0x30 
0xf9c42f3e0861dcf3c38ba7bef67be63ff1c27488:0x33 
0xf9c42f3e0861dcf3c38ba7bef67be63ff1c27488:0x86 
0xf9c42f3e0861dcf3c38ba7bef67be63ff1c27488:0x87 
0xf9c42f3e0861dcf3c38ba7bef67be63ff1c27488:0x88 
0xf9c42f3e0861dcf3c38ba7bef67be63ff1c27488:0x89 
0xf9c42f3e0861dcf3c38ba7bef67be63ff1c27488:0x8a 
0xf9c42f3e0861dcf3c38ba7bef67be63ff1c27488:0x8d 
0xf9c42f3e0861dcf3c38ba7bef67be63ff1c27488:0x92 
0xf9c42f3e0861dcf3c38ba7bef67be63ff1c27488:0x93 
0xf9c42f3e0861dcf3c38ba7bef67be63ff1c27488:0x94 
0xf9c42f3e0861dcf3c38ba7bef67be63ff1c27488:0x97 
0xf9c42f3e0861dcf3c38ba7bef67be63ff1c27488:0x99 
0xf9c42f3e0861dcf3c38ba7bef67be63ff1c27488:0x9a 
0xf9c42f3e0861dcf3c38ba7bef67be63ff1c27488:0x9b 
0xf9c42f3e0861dcf3c38ba7bef67be63ff1c27488:0x9c 
0xf9c42f3e0861dcf3c38ba7bef67be63ff1c27488:0x9d 
0xf9c42f3e0861dcf3c38ba7bef67be63ff1c27488:0x9e 
0xf9c42f3e0861dcf3c38ba7bef67be63ff1c27488:0x9f 
0xf9c42f3e0861dcf3c38ba7bef67be63ff1c27488:0xa2 
0xf9c42f3e0861dcf3c38ba7bef67be63ff1c27488:0xa3 
0xf9c42f3e0861dcf3c38ba7bef67be63ff1c27488:0xa4 
0xf9c42f3e0861dcf3c38ba7bef67be63ff1c27488:0xa7 
0xf9c42f3e0861dcf3c38ba7bef67be63ff1c27488:0x1d8 
0xf9c42f3e0861dcf3c38ba7bef67be63ff1c27488:0x1d9 
0xf9c42f3e0861dcf3c38ba7bef67be63ff1c27488:0x1db 
0xf9c42f3e0861dcf3c38ba7bef67be63ff1c27488:0x1dd 
0xf9c42f3e0861dcf3c38ba7bef67be63ff1c27488:0x1de 
0xf9c42f3e0861dcf3c38ba7bef67be63ff1c27488:0x1df 
0xf9c42f3e0861dcf3c38ba7bef67be63ff1c27488:0x1e0 
0xf9c42f3e0861dcf3c38ba7bef67be63ff1c27488:0x1e1 
0xf9c42f3e0861dcf3c38ba7bef67be63ff1c27488:0x1e2 
0xf9c42f3e0861dcf3c38ba7bef67be63ff1c27488:0x1e5 
0xf9c42f3e0861dcf3c38ba7bef67be63ff1c27488:0x1ea 
0xf9c42f3e0861dcf3c38ba7bef67be63ff1c27488:0x1eb 
0xf9c42f3e0861dcf3c38ba7bef67be63ff1c27488:0x1ed 
0xf9c42f3e0861dcf3c38ba7bef67be63ff1c27488:0x1f0 
0xf9c42f3e0861dcf3c38ba7bef67be63ff1c27488:0x1f1 
0xf9c42f3e0861dcf3c38ba7bef67be63ff1c27488:0x1f2 
0xf9c42f3e0861dcf3c38ba7bef67be63ff1c27488:0x1f3 
0xf9c42f3e0861dcf3c38ba7bef67be63ff1c27488:0x1f4 
0xf9c42f3e0861dcf3c38ba7bef67be63ff1c27488:0x1f7 
0xf9c42f3e0861dcf3c38ba7bef67be63ff1c27488:0x1c3 
0xf9c42f3e0861dcf3c38ba7bef67be63ff1c27488:0x1c4 
0xf9c42f3e0861dcf3c38ba7bef67be63ff1c27488:0x1c6 
0xf9c42f3e0861dcf3c38ba7bef67be63ff1c27488:0x1c7 
0xf9c42f3e0861dcf3c38ba7bef67be63ff1c27488:0x1c8 
0xf9c42f3e0861dcf3c38ba7bef67be63ff1c27488:0x1c9 
0xf9c42f3e0861dcf3c38ba7bef67be63ff1c27488:0x1ca 
0xf9c42f3e0861dcf3c38ba7bef67be63ff1c27488:0x1cd 
0xf9c42f3e0861dcf3c38ba7bef67be63ff1c27488:0x1ce 
0xf9c42f3e0861dcf3c38ba7bef67be63ff1c27488:0x1d1 
0xf9c42f3e0861dcf3c38ba7bef67be63ff1c27488:0x25d 
0xf9c42f3e0861dcf3c38ba7bef67be63ff1c27488:0x25e 
0xf9c42f3e0861dcf3c38ba7bef67be63ff1c27488:0x261 
0xf9c42f3e0861dcf3c38ba7bef67be63ff1c27488:0x262 
0xf9c42f3e0861dcf3c38ba7bef67be63ff1c27488:0x265 
0xf9c42f3e0861dcf3c38ba7bef67be63ff1c27488:0x22b 
0xf9c42f3e0861dcf3c38ba7bef67be63ff1c27488:0x22c 
0xf9c42f3e0861dcf3c38ba7bef67be63ff1c27488:0x22e 
0xf9c42f3e0861dcf3c38ba7bef67be63ff1c27488:0x231 
0xf9c42f3e0861dcf3c38ba7bef67be63ff1c27488:0x232 
0xf9c42f3e0861dcf3c38ba7bef67be63ff1c27488:0x235 
0xf9c42f3e0861dcf3c38ba7bef67be63ff1c27488:0x23d 
0xf9c42f3e0861dcf3c38ba7bef67be63ff1c27488:0x23e 
0xf9c42f3e0861dcf3c38ba7bef67be63ff1c27488:0x240 
0xf9c42f3e0861dcf3c38ba7bef67be63ff1c27488:0x255 
0xf9c42f3e0861dcf3c38ba7bef67be63ff1c27488:0x256 
0xf9c42f3e0861dcf3c38ba7bef67be63ff1c27488:0x257 
0xf9c42f3e0861dcf3c38ba7bef67be63ff1c27488:0x258 
0xf9c42f3e0861dcf3c38ba7bef67be63ff1c27488:0x259 
0xf9c42f3e0861dcf3c38ba7bef67be63ff1c27488:0x25a 
0xf9c42f3e0861dcf3c38ba7bef67be63ff1c27488:0x25b 
0xf9c42f3e0861dcf3c38ba7bef67be63ff1c27488:0x25c 
0xf9c42f3e0861dcf3c38ba7bef67be63ff1c27488:0x236 
0xf9c42f3e0861dcf3c38ba7bef67be63ff1c27488:0x237 
0xf9c42f3e0861dcf3c38ba7bef67be63ff1c27488:0x238 
0xf9c42f3e0861dcf3c38ba7bef67be63ff1c27488:0x239 
0xf9c42f3e0861dcf3c38ba7bef67be63ff1c27488:0x23a 
0xf9c42f3e0861dcf3c38ba7bef67be63ff1c27488:0x23b 
0xf9c42f3e0861dcf3c38ba7bef67be63ff1c27488:0x23c 
0xf9c42f3e0861dcf3c38ba7bef67be63ff1c27488:0x266 
0xf9c42f3e0861dcf3c38ba7bef67be63ff1c27488:0x267 
0xf9c42f3e0861dcf3c38ba7bef67be63ff1c27488:0x268 
0xf9c42f3e0861dcf3c38ba7bef67be63ff1c27488:0x269 
0xf9c42f3e0861dcf3c38ba7bef67be63ff1c27488:0x26c 
0xf9c42f3e0861dcf3c38ba7bef67be63ff1c27488:0x271 
0xf9c42f3e0861dcf3c38ba7bef67be63ff1c27488:0x272 
0xf9c42f3e0861dcf3c38ba7bef67be63ff1c27488:0x273 
0xf9c42f3e0861dcf3c38ba7bef67be63ff1c27488:0x1d2 
0xf9c42f3e0861dcf3c38ba7bef67be63ff1c27488:0x1d3 
0xf9c42f3e0861dcf3c38ba7bef67be63ff1c27488:0x1d4 
0xf9c42f3e0861dcf3c38ba7bef67be63ff1c27488:0x1d5 
0xf9c42f3e0861dcf3c38ba7bef67be63ff1c27488:0x1d6 
0xf9c42f3e0861dcf3c38ba7bef67be63ff1c27488:0x1d7 
0xf9c42f3e0861dcf3c38ba7bef67be63ff1c27488:0x1f8 
0xf9c42f3e0861dcf3c38ba7bef67be63ff1c27488:0x1f9 
0xf9c42f3e0861dcf3c38ba7bef67be63ff1c27488:0x1fa 
0xf9c42f3e0861dcf3c38ba7bef67be63ff1c27488:0x1fb 
0xf9c42f3e0861dcf3c38ba7bef67be63ff1c27488:0x1fc 
0xf9c42f3e0861dcf3c38ba7bef67be63ff1c27488:0x1fd 
0xf9c42f3e0861dcf3c38ba7bef67be63ff1c27488:0x1fe 
0xf9c42f3e0861dcf3c38ba7bef67be63ff1c27488:0x1ff 
0xf9c42f3e0861dcf3c38ba7bef67be63ff1c27488:0x200 
0xf9c42f3e0861dcf3c38ba7bef67be63ff1c27488:0xa8 
0xf9c42f3e0861dcf3c38ba7bef67be63ff1c27488:0xa9 
0xf9c42f3e0861dcf3c38ba7bef67be63ff1c27488:0xac 
0xf9c42f3e0861dcf3c38ba7bef67be63ff1c27488:0x17e 
0xf9c42f3e0861dcf3c38ba7bef67be63ff1c27488:0x17f 
0xf9c42f3e0861dcf3c38ba7bef67be63ff1c27488:0x180 
0xf9c42f3e0861dcf3c38ba7bef67be63ff1c27488:0x182 
0xf9c42f3e0861dcf3c38ba7bef67be63ff1c27488:0x183 
0xf9c42f3e0861dcf3c38ba7bef67be63ff1c27488:0x186 
0xf9c42f3e0861dcf3c38ba7bef67be63ff1c27488:0x187 
0xf9c42f3e0861dcf3c38ba7bef67be63ff1c27488:0x188 
0xf9c42f3e0861dcf3c38ba7bef67be63ff1c27488:0x189 
0xf9c42f3e0861dcf3c38ba7bef67be63ff1c27488:0x18a 
0xf9c42f3e0861dcf3c38ba7bef67be63ff1c27488:0x19f 
0xf9c42f3e0861dcf3c38ba7bef67be63ff1c27488:0x1a0 
0xf9c42f3e0861dcf3c38ba7bef67be63ff1c27488:0x1a1 
0xf9c42f3e0861dcf3c38ba7bef67be63ff1c27488:0x1a2 
0xf9c42f3e0861dcf3c38ba7bef67be63ff1c27488:0x1a3 
0xf9c42f3e0861dcf3c38ba7bef67be63ff1c27488:0x1a4 
0xf9c42f3e0861dcf3c38ba7bef67be63ff1c27488:0x1b9 
0xf9c42f3e0861dcf3c38ba7bef67be63ff1c27488:0x1ba 
0xf9c42f3e0861dcf3c38ba7bef67be63ff1c27488:0x1bb 
0xf9c42f3e0861dcf3c38ba7bef67be63ff1c27488:0x1bc 
0xf9c42f3e0861dcf3c38ba7bef67be63ff1c27488:0x1bd 
0xf9c42f3e0861dcf3c38ba7bef67be63ff1c27488:0x1be 
0xf9c42f3e0861dcf3c38ba7bef67be63ff1c27488:0x1bf 
0xf9c42f3e0861dcf3c38ba7bef67be63ff1c27488:0x1c0 
0xf9c42f3e0861dcf3c38ba7bef67be63ff1c27488:0xad 
0xf9c42f3e0861dcf3c38ba7bef67be63ff1c27488:0xae 
---
0xf9c42f3e0861dcf3c38ba7bef67be63ff1c27488:0x0 
0xf9c42f3e0861dcf3c38ba7bef67be63ff1c27488:0x2 
0xf9c42f3e0861dcf3c38ba7bef67be63ff1c27488:0x4 
0xf9c42f3e0861dcf3c38ba7bef67be63ff1c27488:0x5 
0xf9c42f3e0861dcf3c38ba7bef67be63ff1c27488:0x7 
0xf9c42f3e0861dcf3c38ba7bef67be63ff1c27488:0x8 
0xf9c42f3e0861dcf3c38ba7bef67be63ff1c27488:0x9 
0xf9c42f3e0861dcf3c38ba7bef67be63ff1c27488:0xc 
0xf9c42f3e0861dcf3c38ba7bef67be63ff1c27488:0xd 
0xf9c42f3e0861dcf3c38ba7bef67be63ff1c27488:0xf 
0xf9c42f3e0861dcf3c38ba7bef67be63ff1c27488:0x10 
0xf9c42f3e0861dcf3c38ba7bef67be63ff1c27488:0x12 
0xf9c42f3e0861dcf3c38ba7bef67be63ff1c27488:0x13 
0xf9c42f3e0861dcf3c38ba7bef67be63ff1c27488:0x14 
0xf9c42f3e0861dcf3c38ba7bef67be63ff1c27488:0x19 
0xf9c42f3e0861dcf3c38ba7bef67be63ff1c27488:0x1a 
0xf9c42f3e0861dcf3c38ba7bef67be63ff1c27488:0x1d 
0xf9c42f3e0861dcf3c38ba7bef67be63ff1c27488:0x44 
0xf9c42f3e0861dcf3c38ba7bef67be63ff1c27488:0x45 
0xf9c42f3e0861dcf3c38ba7bef67be63ff1c27488:0x46 
0xf9c42f3e0861dcf3c38ba7bef67be63ff1c27488:0x47 
0xf9c42f3e0861dcf3c38ba7bef67be63ff1c27488:0x48 
0xf9c42f3e0861dcf3c38ba7bef67be63ff1c27488:0x4b 
0xf9c42f3e0861dcf3c38ba7bef67be63ff1c27488:0x50 
0xf9c42f3e0861dcf3c38ba7bef67be63ff1c27488:0x51 
0xf9c42f3e0861dcf3c38ba7bef67be63ff1c27488:0x52 
0xf9c42f3e0861dcf3c38ba7bef67be63ff1c27488:0x55 
0xf9c42f3e0861dcf3c38ba7bef67be63ff1c27488:0x58 
0xf9c42f3e0861dcf3c38ba7bef67be63ff1c27488:0xb9 
0xf9c42f3e0861dcf3c38ba7bef67be63ff1c27488:0xba 
0xf9c42f3e0861dcf3c38ba7bef67be63ff1c27488:0xbc 
0xf9c42f3e0861dcf3c38ba7bef67be63ff1c27488:0xbd 
0xf9c42f3e0861dcf3c38ba7bef67be63ff1c27488:0xbe 
0xf9c42f3e0861dcf3c38ba7bef67be63ff1c27488:0xbf 
0xf9c42f3e0861dcf3c38ba7bef67be63ff1c27488:0xc2 
0xf9c42f3e0861dcf3c38ba7bef67be63ff1c27488:0xc3 
0xf9c42f3e0861dcf3c38ba7bef67be63ff1c27488:0xc4 
0xf9c42f3e0861dcf3c38ba7bef67be63ff1c27488:0xc5 
0xf9c42f3e0861dcf3c38ba7bef67be63ff1c27488:0xda 
0xf9c42f3e0861dcf3c38ba7bef67be63ff1c27488:0xdb 
0xf9c42f3e0861dcf3c38ba7bef67be63ff1c27488:0xf0 
0xf9c42f3e0861dcf3c38ba7bef67be63ff1c27488:0xf1 
0xf9c42f3e0861dcf3c38ba7bef67be63ff1c27488:0xf2 
0xf9c42f3e0861dcf3c38ba7bef67be63ff1c27488:0x107 
0xf9c42f3e0861dcf3c38ba7bef67be63ff1c27488:0x108 
0xf9c42f3e0861dcf3c38ba7bef67be63ff1c27488:0x109 
0xf9c42f3e0861dcf3c38ba7bef67be63ff1c27488:0x10c 
0xf9c42f3e0861dcf3c38ba7bef67be63ff1c27488:0x111 
0xf9c42f3e0861dcf3c38ba7bef67be63ff1c27488:0x112 
0xf9c42f3e0861dcf3c38ba7bef67be63ff1c27488:0x113 
0xf9c42f3e0861dcf3c38ba7bef67be63ff1c27488:0x128 
0xf9c42f3e0861dcf3c38ba7bef67be63ff1c27488:0x129 
0xf9c42f3e0861dcf3c38ba7bef67be63ff1c27488:0x12c 
0xf9c42f3e0861dcf3c38ba7bef67be63ff1c27488:0x12d 
0xf9c42f3e0861dcf3c38ba7bef67be63ff1c27488:0x12e 
0xf9c42f3e0861dcf3c38ba7bef67be63ff1c27488:0x12f 
0xf9c42f3e0861dcf3c38ba7bef67be63ff1c27488:0x130 
0xf9c42f3e0861dcf3c38ba7bef67be63ff1c27488:0x131 
0xf9c42f3e0861dcf3c38ba7bef67be63ff1c27488:0x132 
0xf9c42f3e0861dcf3c38ba7bef67be63ff1c27488:0x134 
0xf9c42f3e0861dcf3c38ba7bef67be63ff1c27488:0x135 
0xf9c42f3e0861dcf3c38ba7bef67be63ff1c27488:0x137 
0xf9c42f3e0861dcf3c38ba7bef67be63ff1c27488:0x139 
0xf9c42f3e0861dcf3c38ba7bef67be63ff1c27488:0x13a 
0xf9c42f3e0861dcf3c38ba7bef67be63ff1c27488:0x13b 
0xf9c42f3e0861dcf3c38ba7bef67be63ff1c27488:0x13c 
0xf9c42f3e0861dcf3c38ba7bef67be63ff1c27488:0x13d 
0xf9c42f3e0861dcf3c38ba7bef67be63ff1c27488:0x13e 
0xf9c42f3e0861dcf3c38ba7bef67be63ff1c27488:0x13f 
0xf9c42f3e0861dcf3c38ba7bef67be63ff1c27488:0x140 
---
0x641b6d8bd0fed5e6a9d1acea13f81be7806699a2:0x0 
0xf9c42f3e0861dcf3c38ba7bef67be63ff1c27488:0x141 
0xf9c42f3e0861dcf3c38ba7bef67be63ff1c27488:0x142 
0xf9c42f3e0861dcf3c38ba7bef67be63ff1c27488:0x143 
0xf9c42f3e0861dcf3c38ba7bef67be63ff1c27488:0x144 
0xf9c42f3e0861dcf3c38ba7bef67be63ff1c27488:0x145 
0xf9c42f3e0861dcf3c38ba7bef67be63ff1c27488:0x146 
0xf9c42f3e0861dcf3c38ba7bef67be63ff1c27488:0x147 
0xf9c42f3e0861dcf3c38ba7bef67be63ff1c27488:0x148 
0xf9c42f3e0861dcf3c38ba7bef67be63ff1c27488:0x149 
0xf9c42f3e0861dcf3c38ba7bef67be63ff1c27488:0x14a 
0xf9c42f3e0861dcf3c38ba7bef67be63ff1c27488:0x14d 
0xf9c42f3e0861dcf3c38ba7bef67be63ff1c27488:0x157 
0xf9c42f3e0861dcf3c38ba7bef67be63ff1c27488:0x158 
0xf9c42f3e0861dcf3c38ba7bef67be63ff1c27488:0x159 
0xf9c42f3e0861dcf3c38ba7bef67be63ff1c27488:0x59 
0xf9c42f3e0861dcf3c38ba7bef67be63ff1c27488:0x5a 
