---
0xeff2ef834c793c6bb4d0bd1d927d6b3e18e3792d:0x0 *
0xeff2ef834c793c6bb4d0bd1d927d6b3e18e3792d:0x2 *
0xeff2ef834c793c6bb4d0bd1d927d6b3e18e3792d:0x4 *
0xeff2ef834c793c6bb4d0bd1d927d6b3e18e3792d:0x5 *
0xeff2ef834c793c6bb4d0bd1d927d6b3e18e3792d:0x6 *
0xeff2ef834c793c6bb4d0bd1d927d6b3e18e3792d:0x7 *
0xeff2ef834c793c6bb4d0bd1d927d6b3e18e3792d:0x8 *
0xeff2ef834c793c6bb4d0bd1d927d6b3e18e3792d:0xb *
0xeff2ef834c793c6bb4d0bd1d927d6b3e18e3792d:0x10 *
0xeff2ef834c793c6bb4d0bd1d927d6b3e18e3792d:0x11 *
0xeff2ef834c793c6bb4d0bd1d927d6b3e18e3792d:0x12 *
0xeff2ef834c793c6bb4d0bd1d927d6b3e18e3792d:0x14 *
0xeff2ef834c793c6bb4d0bd1d927d6b3e18e3792d:0x15 *
0xeff2ef834c793c6bb4d0bd1d927d6b3e18e3792d:0x18 *
0xeff2ef834c793c6bb4d0bd1d927d6b3e18e3792d:0x1a *
0xeff2ef834c793c6bb4d0bd1d927d6b3e18e3792d:0x1b *
0xeff2ef834c793c6bb4d0bd1d927d6b3e18e3792d:0x1d *
---
0xeff2ef834c793c6bb4d0bd1d927d6b3e18e3792d:0x0 
0xeff2ef834c793c6bb4d0bd1d927d6b3e18e3792d:0x2 
0xeff2ef834c793c6bb4d0bd1d927d6b3e18e3792d:0x4 
0xeff2ef834c793c6bb4d0bd1d927d6b3e18e3792d:0x5 
0xeff2ef834c793c6bb4d0bd1d927d6b3e18e3792d:0x7 
0xeff2ef834c793c6bb4d0bd1d927d6b3e18e3792d:0x8 
0xeff2ef834c793c6bb4d0bd1d927d6b3e18e3792d:0x9 
0xeff2ef834c793c6bb4d0bd1d927d6b3e18e3792d:0xb 
0xeff2ef834c793c6bb4d0bd1d927d6b3e18e3792d:0xc 
0xeff2ef834c793c6bb4d0bd1d927d6b3e18e3792d:0xe 
0xeff2ef834c793c6bb4d0bd1d927d6b3e18e3792d:0xf 
0xeff2ef834c793c6bb4d0bd1d927d6b3e18e3792d:0x11 
0xeff2ef834c793c6bb4d0bd1d927d6b3e18e3792d:0x12 
0xeff2ef834c793c6bb4d0bd1d927d6b3e18e3792d:0x13 
0xeff2ef834c793c6bb4d0bd1d927d6b3e18e3792d:0x18 
0xeff2ef834c793c6bb4d0bd1d927d6b3e18e3792d:0x19 
0xeff2ef834c793c6bb4d0bd1d927d6b3e18e3792d:0x1b 
0xeff2ef834c793c6bb4d0bd1d927d6b3e18e3792d:0x21 
0xeff2ef834c793c6bb4d0bd1d927d6b3e18e3792d:0x22 
0xeff2ef834c793c6bb4d0bd1d927d6b3e18e3792d:0x24 
0xeff2ef834c793c6bb4d0bd1d927d6b3e18e3792d:0x26 
0xeff2ef834c793c6bb4d0bd1d927d6b3e18e3792d:0x27 
0xeff2ef834c793c6bb4d0bd1d927d6b3e18e3792d:0x28 
0xeff2ef834c793c6bb4d0bd1d927d6b3e18e3792d:0x29 
0xeff2ef834c793c6bb4d0bd1d927d6b3e18e3792d:0x2a 
0xeff2ef834c793c6bb4d0bd1d927d6b3e18e3792d:0x2b 
0xeff2ef834c793c6bb4d0bd1d927d6b3e18e3792d:0x2c 
0xeff2ef834c793c6bb4d0bd1d927d6b3e18e3792d:0x2e 
0xeff2ef834c793c6bb4d0bd1d927d6b3e18e3792d:0x2f 
0xeff2ef834c793c6bb4d0bd1d927d6b3e18e3792d:0x30 
0xeff2ef834c793c6bb4d0bd1d927d6b3e18e3792d:0x32 
0xeff2ef834c793c6bb4d0bd1d927d6b3e18e3792d:0x5c 
0xeff2ef834c793c6bb4d0bd1d927d6b3e18e3792d:0x5d 
0xeff2ef834c793c6bb4d0bd1d927d6b3e18e3792d:0x5f 
0xeff2ef834c793c6bb4d0bd1d927d6b3e18e3792d:0x61 
0xeff2ef834c793c6bb4d0bd1d927d6b3e18e3792d:0x62 
0xeff2ef834c793c6bb4d0bd1d927d6b3e18e3792d:0x63 
0xeff2ef834c793c6bb4d0bd1d927d6b3e18e3792d:0x64 
0xeff2ef834c793c6bb4d0bd1d927d6b3e18e3792d:0x65 
0xeff2ef834c793c6bb4d0bd1d927d6b3e18e3792d:0x66 
0xeff2ef834c793c6bb4d0bd1d927d6b3e18e3792d:0x68 
0xeff2ef834c793c6bb4d0bd1d927d6b3e18e3792d:0x6d 
0xeff2ef834c793c6bb4d0bd1d927d6b3e18e3792d:0x6e 
0xeff2ef834c793c6bb4d0bd1d927d6b3e18e3792d:0x70 
0xeff2ef834c793c6bb4d0bd1d927d6b3e18e3792d:0x72 
0xeff2ef834c793c6bb4d0bd1d927d6b3e18e3792d:0x73 
0xeff2ef834c793c6bb4d0bd1d927d6b3e18e3792d:0x74 
0xeff2ef834c793c6bb4d0bd1d927d6b3e18e3792d:0x75 
0xeff2ef834c793c6bb4d0bd1d927d6b3e18e3792d:0x76 
0xeff2ef834c793c6bb4d0bd1d927d6b3e18e3792d:0x78 
0xeff2ef834c793c6bb4d0bd1d927d6b3e18e3792d:0x49 
0xeff2ef834c793c6bb4d0bd1d927d6b3e18e3792d:0x4a 
0xeff2ef834c793c6bb4d0bd1d927d6b3e18e3792d:0x4c 
0xeff2ef834c793c6bb4d0bd1d927d6b3e18e3792d:0x4d 
0xeff2ef834c793c6bb4d0bd1d927d6b3e18e3792d:0x4e 
0xeff2ef834c793c6bb4d0bd1d927d6b3e18e3792d:0x4f 
0xeff2ef834c793c6bb4d0bd1d927d6b3e18e3792d:0x50 
0xeff2ef834c793c6bb4d0bd1d927d6b3e18e3792d:0x52 
0xeff2ef834c793c6bb4d0bd1d927d6b3e18e3792d:0x53 
0xeff2ef834c793c6bb4d0bd1d927d6b3e18e3792d:0x55 
0xeff2ef834c793c6bb4d0bd1d927d6b3e18e3792d:0x8c 
0xeff2ef834c793c6bb4d0bd1d927d6b3e18e3792d:0x8d 
0xeff2ef834c793c6bb4d0bd1d927d6b3e18e3792d:0x8f 
0xeff2ef834c793c6bb4d0bd1d927d6b3e18e3792d:0x90 
0xeff2ef834c793c6bb4d0bd1d927d6b3e18e3792d:0x92 
0xeff2ef834c793c6bb4d0bd1d927d6b3e18e3792d:0x82 
0xeff2ef834c793c6bb4d0bd1d927d6b3e18e3792d:0x83 
0xeff2ef834c793c6bb4d0bd1d927d6b3e18e3792d:0x85 
0xeff2ef834c793c6bb4d0bd1d927d6b3e18e3792d:0x86 
0xeff2ef834c793c6bb4d0bd1d927d6b3e18e3792d:0x87 
0xeff2ef834c793c6bb4d0bd1d927d6b3e18e3792d:0x88 
0xeff2ef834c793c6bb4d0bd1d927d6b3e18e3792d:0x89 
0xeff2ef834c793c6bb4d0bd1d927d6b3e18e3792d:0x8a 
0xeff2ef834c793c6bb4d0bd1d927d6b3e18e3792d:0x8b 
0xeff2ef834c793c6bb4d0bd1d927d6b3e18e3792d:0x93 
0xeff2ef834c793c6bb4d0bd1d927d6b3e18e3792d:0x94 
0xeff2ef834c793c6bb4d0bd1d927d6b3e18e3792d:0x95 
0xeff2ef834c793c6bb4d0bd1d927d6b3e18e3792d:0x96 
0xeff2ef834c793c6bb4d0bd1d927d6b3e18e3792d:0x98 
0xeff2ef834c793c6bb4d0bd1d927d6b3e18e3792d:0x9d 
0xeff2ef834c793c6bb4d0bd1d927d6b3e18e3792d:0x9e 
0xeff2ef834c793c6bb4d0bd1d927d6b3e18e3792d:0x9f 
0xeff2ef834c793c6bb4d0bd1d927d6b3e18e3792d:0x56 
0xeff2ef834c793c6bb4d0bd1d927d6b3e18e3792d:0x57 
0xeff2ef834c793c6bb4d0bd1d927d6b3e18e3792d:0x58 
0xeff2ef834c793c6bb4d0bd1d927d6b3e18e3792d:0x59 
0xeff2ef834c793c6bb4d0bd1d927d6b3e18e3792d:0x5a 
0xeff2ef834c793c6bb4d0bd1d927d6b3e18e3792d:0x5b 
0xeff2ef834c793c6bb4d0bd1d927d6b3e18e3792d:0x79 
0xeff2ef834c793c6bb4d0bd1d927d6b3e18e3792d:0x7a 
0xeff2ef834c793c6bb4d0bd1d927d6b3e18e3792d:0x7b 
0xeff2ef834c793c6bb4d0bd1d927d6b3e18e3792d:0x7c 
0xeff2ef834c793c6bb4d0bd1d927d6b3e18e3792d:0x7d 
0xeff2ef834c793c6bb4d0bd1d927d6b3e18e3792d:0x7e 
0xeff2ef834c793c6bb4d0bd1d927d6b3e18e3792d:0x7f 
0xeff2ef834c793c6bb4d0bd1d927d6b3e18e3792d:0x80 
0xeff2ef834c793c6bb4d0bd1d927d6b3e18e3792d:0x81 
0xeff2ef834c793c6bb4d0bd1d927d6b3e18e3792d:0x33 
0xeff2ef834c793c6bb4d0bd1d927d6b3e18e3792d:0x34 
0xeff2ef834c793c6bb4d0bd1d927d6b3e18e3792d:0x36 
0xeff2ef834c793c6bb4d0bd1d927d6b3e18e3792d:0x39 
0xeff2ef834c793c6bb4d0bd1d927d6b3e18e3792d:0x3a 
0xeff2ef834c793c6bb4d0bd1d927d6b3e18e3792d:0x3c 
0xeff2ef834c793c6bb4d0bd1d927d6b3e18e3792d:0x3d 
0xeff2ef834c793c6bb4d0bd1d927d6b3e18e3792d:0x3e 
0xeff2ef834c793c6bb4d0bd1d927d6b3e18e3792d:0x3f 
0xeff2ef834c793c6bb4d0bd1d927d6b3e18e3792d:0x41 
0xeff2ef834c793c6bb4d0bd1d927d6b3e18e3792d:0x46 
0xeff2ef834c793c6bb4d0bd1d927d6b3e18e3792d:0x47 
0xeff2ef834c793c6bb4d0bd1d927d6b3e18e3792d:0x48 
0xeff2ef834c793c6bb4d0bd1d927d6b3e18e3792d:0x37 
0xeff2ef834c793c6bb4d0bd1d927d6b3e18e3792d:0x38 
